[2022-05-15 01:03:03,298] {taskinstance.py:876} INFO - Dependencies all met for <TaskInstance: myBranchDateTimeDAG.is_in_time_frame 2022-05-14T00:00:00+00:00 [queued]>
[2022-05-15 01:03:03,307] {taskinstance.py:876} INFO - Dependencies all met for <TaskInstance: myBranchDateTimeDAG.is_in_time_frame 2022-05-14T00:00:00+00:00 [queued]>
[2022-05-15 01:03:03,307] {taskinstance.py:1067} INFO - 
--------------------------------------------------------------------------------
[2022-05-15 01:03:03,307] {taskinstance.py:1068} INFO - Starting attempt 1 of 1
[2022-05-15 01:03:03,307] {taskinstance.py:1069} INFO - 
--------------------------------------------------------------------------------
[2022-05-15 01:03:03,317] {taskinstance.py:1087} INFO - Executing <Task(BranchDateTimeOperator): is_in_time_frame> on 2022-05-14T00:00:00+00:00
[2022-05-15 01:03:03,322] {standard_task_runner.py:52} INFO - Started process 24753 to run task
[2022-05-15 01:03:03,324] {standard_task_runner.py:76} INFO - Running: ['airflow', 'tasks', 'run', 'myBranchDateTimeDAG', 'is_in_time_frame', '2022-05-14T00:00:00+00:00', '--job-id', '23', '--pool', 'default_pool', '--raw', '--subdir', 'DAGS_FOLDER/my_BranchDateTimeDAG.py', '--cfg-path', '/tmp/tmplkrba1yz', '--error-file', '/tmp/tmpe_z_1pc4']
[2022-05-15 01:03:03,326] {standard_task_runner.py:77} INFO - Job 23: Subtask is_in_time_frame
[2022-05-15 01:03:03,357] {logging_mixin.py:104} INFO - Running <TaskInstance: myBranchDateTimeDAG.is_in_time_frame 2022-05-14T00:00:00+00:00 [running]> on host d011519e5366
[2022-05-15 01:03:03,394] {taskinstance.py:1282} INFO - Exporting the following env vars:
AIRFLOW_CTX_DAG_OWNER=airflow
AIRFLOW_CTX_DAG_ID=myBranchDateTimeDAG
AIRFLOW_CTX_TASK_ID=is_in_time_frame
AIRFLOW_CTX_EXECUTION_DATE=2022-05-14T00:00:00+00:00
AIRFLOW_CTX_DAG_RUN_ID=scheduled__2022-05-14T00:00:00+00:00
[2022-05-15 01:03:03,395] {skipmixin.py:124} INFO - Following branch ['end_dag']
[2022-05-15 01:03:03,400] {skipmixin.py:155} INFO - Skipping tasks ['move_forward']
[2022-05-15 01:03:03,431] {taskinstance.py:1191} INFO - Marking task as SUCCESS. dag_id=myBranchDateTimeDAG, task_id=is_in_time_frame, execution_date=20220514T000000, start_date=20220515T010303, end_date=20220515T010303
[2022-05-15 01:03:03,450] {taskinstance.py:1245} INFO - 1 downstream tasks scheduled from follow-on schedule check
[2022-05-15 01:03:03,456] {local_task_job.py:151} INFO - Task exited with return code 0
