[2022-05-15 21:59:00,703] {taskinstance.py:876} INFO - Dependencies all met for <TaskInstance: GCPetlDAG.push_data_to_gcp 2022-05-15T21:58:38.600320+00:00 [queued]>
[2022-05-15 21:59:00,714] {taskinstance.py:876} INFO - Dependencies all met for <TaskInstance: GCPetlDAG.push_data_to_gcp 2022-05-15T21:58:38.600320+00:00 [queued]>
[2022-05-15 21:59:00,714] {taskinstance.py:1067} INFO - 
--------------------------------------------------------------------------------
[2022-05-15 21:59:00,714] {taskinstance.py:1068} INFO - Starting attempt 1 of 1
[2022-05-15 21:59:00,714] {taskinstance.py:1069} INFO - 
--------------------------------------------------------------------------------
[2022-05-15 21:59:00,719] {taskinstance.py:1087} INFO - Executing <Task(PythonOperator): push_data_to_gcp> on 2022-05-15T21:58:38.600320+00:00
[2022-05-15 21:59:00,725] {standard_task_runner.py:52} INFO - Started process 52921 to run task
[2022-05-15 21:59:00,727] {standard_task_runner.py:76} INFO - Running: ['airflow', 'tasks', 'run', 'GCPetlDAG', 'push_data_to_gcp', '2022-05-15T21:58:38.600320+00:00', '--job-id', '38', '--pool', 'default_pool', '--raw', '--subdir', 'DAGS_FOLDER/my_gcpPipeLine.py', '--cfg-path', '/tmp/tmpdzrl_ixs', '--error-file', '/tmp/tmp6f02zh0s']
[2022-05-15 21:59:00,729] {standard_task_runner.py:77} INFO - Job 38: Subtask push_data_to_gcp
[2022-05-15 21:59:00,753] {logging_mixin.py:104} INFO - Running <TaskInstance: GCPetlDAG.push_data_to_gcp 2022-05-15T21:58:38.600320+00:00 [running]> on host 7190ca705fc5
[2022-05-15 21:59:00,799] {taskinstance.py:1282} INFO - Exporting the following env vars:
AIRFLOW_CTX_DAG_OWNER=msbeni
AIRFLOW_CTX_DAG_ID=GCPetlDAG
AIRFLOW_CTX_TASK_ID=push_data_to_gcp
AIRFLOW_CTX_EXECUTION_DATE=2022-05-15T21:58:38.600320+00:00
AIRFLOW_CTX_DAG_RUN_ID=manual__2022-05-15T21:58:38.600320+00:00
[2022-05-15 21:59:01,134] {logging_mixin.py:104} INFO - New rows have been added.
[2022-05-15 21:59:01,134] {python.py:151} INFO - Done. Returned value was: None
[2022-05-15 21:59:01,155] {taskinstance.py:1191} INFO - Marking task as SUCCESS. dag_id=GCPetlDAG, task_id=push_data_to_gcp, execution_date=20220515T215838, start_date=20220515T215900, end_date=20220515T215901
[2022-05-15 21:59:01,190] {taskinstance.py:1245} INFO - 1 downstream tasks scheduled from follow-on schedule check
[2022-05-15 21:59:01,221] {local_task_job.py:151} INFO - Task exited with return code 0
