[2022-05-15 00:21:22,686] {taskinstance.py:876} INFO - Dependencies all met for <TaskInstance: myBranchSQLDAG.choose_next_task 2022-05-15T00:21:20.088714+00:00 [queued]>
[2022-05-15 00:21:22,693] {taskinstance.py:876} INFO - Dependencies all met for <TaskInstance: myBranchSQLDAG.choose_next_task 2022-05-15T00:21:20.088714+00:00 [queued]>
[2022-05-15 00:21:22,693] {taskinstance.py:1067} INFO - 
--------------------------------------------------------------------------------
[2022-05-15 00:21:22,693] {taskinstance.py:1068} INFO - Starting attempt 1 of 1
[2022-05-15 00:21:22,694] {taskinstance.py:1069} INFO - 
--------------------------------------------------------------------------------
[2022-05-15 00:21:22,704] {taskinstance.py:1087} INFO - Executing <Task(BranchSQLOperator): choose_next_task> on 2022-05-15T00:21:20.088714+00:00
[2022-05-15 00:21:22,710] {standard_task_runner.py:52} INFO - Started process 19758 to run task
[2022-05-15 00:21:22,713] {standard_task_runner.py:76} INFO - Running: ['airflow', 'tasks', 'run', 'myBranchSQLDAG', 'choose_next_task', '2022-05-15T00:21:20.088714+00:00', '--job-id', '22', '--pool', 'default_pool', '--raw', '--subdir', 'DAGS_FOLDER/my_BranchSQLDAG.py', '--cfg-path', '/tmp/tmptqkgablw', '--error-file', '/tmp/tmp7_j6t9fe']
[2022-05-15 00:21:22,714] {standard_task_runner.py:77} INFO - Job 22: Subtask choose_next_task
[2022-05-15 00:21:22,745] {logging_mixin.py:104} INFO - Running <TaskInstance: myBranchSQLDAG.choose_next_task 2022-05-15T00:21:20.088714+00:00 [running]> on host d011519e5366
[2022-05-15 00:21:22,798] {taskinstance.py:1282} INFO - Exporting the following env vars:
AIRFLOW_CTX_DAG_OWNER=airflow
AIRFLOW_CTX_DAG_ID=myBranchSQLDAG
AIRFLOW_CTX_TASK_ID=choose_next_task
AIRFLOW_CTX_EXECUTION_DATE=2022-05-15T00:21:20.088714+00:00
AIRFLOW_CTX_DAG_RUN_ID=manual__2022-05-15T00:21:20.088714+00:00
[2022-05-15 00:21:22,799] {sql.py:518} INFO - Executing: SELECT COUNT(1) FROM partners WHERE partner_status=TRUE (with parameters None) with connection: ***
[2022-05-15 00:21:22,807] {base.py:78} INFO - Using connection to: id: ***. Host: ***, Port: 5432, Schema: , Login: ***, Password: ***, extra: {}
[2022-05-15 00:21:24,319] {base.py:78} INFO - Using connection to: id: ***. Host: ***, Port: 5432, Schema: , Login: ***, Password: ***, extra: {}
[2022-05-15 00:21:24,322] {sql.py:536} INFO - Query returns 2, type '<class 'int'>'
[2022-05-15 00:21:24,323] {skipmixin.py:124} INFO - Following branch ['process_sql']
[2022-05-15 00:21:24,329] {skipmixin.py:155} INFO - Skipping tasks ['notif_slack', 'notif_email']
[2022-05-15 00:21:24,365] {taskinstance.py:1191} INFO - Marking task as SUCCESS. dag_id=myBranchSQLDAG, task_id=choose_next_task, execution_date=20220515T002120, start_date=20220515T002122, end_date=20220515T002124
[2022-05-15 00:21:24,387] {taskinstance.py:1245} INFO - 1 downstream tasks scheduled from follow-on schedule check
[2022-05-15 00:21:24,416] {local_task_job.py:151} INFO - Task exited with return code 0
