[2022-05-15 22:00:01,824] {taskinstance.py:876} INFO - Dependencies all met for <TaskInstance: GCPetlDAG.create_bq_table 2022-05-15T21:59:53.355329+00:00 [queued]>
[2022-05-15 22:00:01,837] {taskinstance.py:876} INFO - Dependencies all met for <TaskInstance: GCPetlDAG.create_bq_table 2022-05-15T21:59:53.355329+00:00 [queued]>
[2022-05-15 22:00:01,837] {taskinstance.py:1067} INFO - 
--------------------------------------------------------------------------------
[2022-05-15 22:00:01,837] {taskinstance.py:1068} INFO - Starting attempt 1 of 1
[2022-05-15 22:00:01,837] {taskinstance.py:1069} INFO - 
--------------------------------------------------------------------------------
[2022-05-15 22:00:01,842] {taskinstance.py:1087} INFO - Executing <Task(PythonOperator): create_bq_table> on 2022-05-15T21:59:53.355329+00:00
[2022-05-15 22:00:01,847] {standard_task_runner.py:52} INFO - Started process 53111 to run task
[2022-05-15 22:00:01,849] {standard_task_runner.py:76} INFO - Running: ['airflow', 'tasks', 'run', 'GCPetlDAG', 'create_bq_table', '2022-05-15T21:59:53.355329+00:00', '--job-id', '43', '--pool', 'default_pool', '--raw', '--subdir', 'DAGS_FOLDER/my_gcpPipeLine.py', '--cfg-path', '/tmp/tmpr9wu24dn', '--error-file', '/tmp/tmpepxn2ozd']
[2022-05-15 22:00:01,851] {standard_task_runner.py:77} INFO - Job 43: Subtask create_bq_table
[2022-05-15 22:00:01,875] {logging_mixin.py:104} INFO - Running <TaskInstance: GCPetlDAG.create_bq_table 2022-05-15T21:59:53.355329+00:00 [running]> on host 7190ca705fc5
[2022-05-15 22:00:01,921] {taskinstance.py:1282} INFO - Exporting the following env vars:
AIRFLOW_CTX_DAG_OWNER=msbeni
AIRFLOW_CTX_DAG_ID=GCPetlDAG
AIRFLOW_CTX_TASK_ID=create_bq_table
AIRFLOW_CTX_EXECUTION_DATE=2022-05-15T21:59:53.355329+00:00
AIRFLOW_CTX_DAG_RUN_ID=manual__2022-05-15T21:59:53.355329+00:00
[2022-05-15 22:00:07,914] {logging_mixin.py:104} INFO - <google.cloud.bigquery.job.load.LoadJob object at 0x7fd521ea5048>
[2022-05-15 22:00:07,915] {python.py:151} INFO - Done. Returned value was: None
[2022-05-15 22:00:07,929] {taskinstance.py:1191} INFO - Marking task as SUCCESS. dag_id=GCPetlDAG, task_id=create_bq_table, execution_date=20220515T215953, start_date=20220515T220001, end_date=20220515T220007
[2022-05-15 22:00:07,948] {taskinstance.py:1245} INFO - 1 downstream tasks scheduled from follow-on schedule check
[2022-05-15 22:00:07,956] {local_task_job.py:151} INFO - Task exited with return code 0
