[2022-05-15 21:59:02,955] {taskinstance.py:876} INFO - Dependencies all met for <TaskInstance: GCPetlDAG.check_data_loaded_in_gbq 2022-05-15T21:58:38.600320+00:00 [queued]>
[2022-05-15 21:59:02,969] {taskinstance.py:876} INFO - Dependencies all met for <TaskInstance: GCPetlDAG.check_data_loaded_in_gbq 2022-05-15T21:58:38.600320+00:00 [queued]>
[2022-05-15 21:59:02,969] {taskinstance.py:1067} INFO - 
--------------------------------------------------------------------------------
[2022-05-15 21:59:02,969] {taskinstance.py:1068} INFO - Starting attempt 1 of 1
[2022-05-15 21:59:02,969] {taskinstance.py:1069} INFO - 
--------------------------------------------------------------------------------
[2022-05-15 21:59:02,978] {taskinstance.py:1087} INFO - Executing <Task(PythonOperator): check_data_loaded_in_gbq> on 2022-05-15T21:58:38.600320+00:00
[2022-05-15 21:59:02,985] {standard_task_runner.py:52} INFO - Started process 52924 to run task
[2022-05-15 21:59:02,987] {standard_task_runner.py:76} INFO - Running: ['airflow', 'tasks', 'run', 'GCPetlDAG', 'check_data_loaded_in_gbq', '2022-05-15T21:58:38.600320+00:00', '--job-id', '39', '--pool', 'default_pool', '--raw', '--subdir', 'DAGS_FOLDER/my_gcpPipeLine.py', '--cfg-path', '/tmp/tmpv9h1vxoq', '--error-file', '/tmp/tmp1e9oxrrd']
[2022-05-15 21:59:02,991] {standard_task_runner.py:77} INFO - Job 39: Subtask check_data_loaded_in_gbq
[2022-05-15 21:59:03,018] {logging_mixin.py:104} INFO - Running <TaskInstance: GCPetlDAG.check_data_loaded_in_gbq 2022-05-15T21:58:38.600320+00:00 [running]> on host 7190ca705fc5
[2022-05-15 21:59:03,063] {taskinstance.py:1282} INFO - Exporting the following env vars:
AIRFLOW_CTX_DAG_OWNER=msbeni
AIRFLOW_CTX_DAG_ID=GCPetlDAG
AIRFLOW_CTX_TASK_ID=check_data_loaded_in_gbq
AIRFLOW_CTX_EXECUTION_DATE=2022-05-15T21:58:38.600320+00:00
AIRFLOW_CTX_DAG_RUN_ID=manual__2022-05-15T21:58:38.600320+00:00
[2022-05-15 21:59:04,445] {logging_mixin.py:104} INFO -    f0_
0    1
[2022-05-15 21:59:04,445] {python.py:151} INFO - Done. Returned value was: None
[2022-05-15 21:59:04,458] {taskinstance.py:1191} INFO - Marking task as SUCCESS. dag_id=GCPetlDAG, task_id=check_data_loaded_in_gbq, execution_date=20220515T215838, start_date=20220515T215902, end_date=20220515T215904
[2022-05-15 21:59:04,478] {taskinstance.py:1245} INFO - 1 downstream tasks scheduled from follow-on schedule check
[2022-05-15 21:59:04,489] {local_task_job.py:151} INFO - Task exited with return code 0
