[2022-05-13 16:32:40,100] {taskinstance.py:876} INFO - Dependencies all met for <TaskInstance: my_dag_v0.0.2.group1.process_a 2022-05-12T00:00:00+00:00 [queued]>
[2022-05-13 16:32:40,112] {taskinstance.py:876} INFO - Dependencies all met for <TaskInstance: my_dag_v0.0.2.group1.process_a 2022-05-12T00:00:00+00:00 [queued]>
[2022-05-13 16:32:40,112] {taskinstance.py:1067} INFO - 
--------------------------------------------------------------------------------
[2022-05-13 16:32:40,112] {taskinstance.py:1068} INFO - Starting attempt 1 of 4
[2022-05-13 16:32:40,114] {taskinstance.py:1069} INFO - 
--------------------------------------------------------------------------------
[2022-05-13 16:32:40,121] {taskinstance.py:1087} INFO - Executing <Task(BashOperator): group1.process_a> on 2022-05-12T00:00:00+00:00
[2022-05-13 16:32:40,125] {standard_task_runner.py:52} INFO - Started process 2009 to run task
[2022-05-13 16:32:40,128] {standard_task_runner.py:76} INFO - Running: ['airflow', 'tasks', 'run', 'my_dag_v0.0.2', 'group1.process_a', '2022-05-12T00:00:00+00:00', '--job-id', '41', '--pool', 'default_pool', '--raw', '--subdir', 'DAGS_FOLDER/my_dag_v_0_1_0_1.py', '--cfg-path', '/tmp/tmptzdw5s6d', '--error-file', '/tmp/tmpmv5_v356']
[2022-05-13 16:32:40,129] {standard_task_runner.py:77} INFO - Job 41: Subtask group1.process_a
[2022-05-13 16:32:40,157] {logging_mixin.py:104} INFO - Running <TaskInstance: my_dag_v0.0.2.group1.process_a 2022-05-12T00:00:00+00:00 [running]> on host bacb497a28fb
[2022-05-13 16:32:40,193] {taskinstance.py:1282} INFO - Exporting the following env vars:
AIRFLOW_CTX_DAG_EMAIL=msbeni@gmail.com
AIRFLOW_CTX_DAG_OWNER=mohasa
AIRFLOW_CTX_DAG_ID=my_dag_v0.0.2
AIRFLOW_CTX_TASK_ID=group1.process_a
AIRFLOW_CTX_EXECUTION_DATE=2022-05-12T00:00:00+00:00
AIRFLOW_CTX_DAG_RUN_ID=scheduled__2022-05-12T00:00:00+00:00
[2022-05-13 16:32:40,193] {subprocess.py:52} INFO - Tmp dir root location: 
 /tmp
[2022-05-13 16:32:40,193] {subprocess.py:63} INFO - Running command: ['bash', '-c', "echo '1' && sleep 20"]
[2022-05-13 16:32:40,198] {subprocess.py:75} INFO - Output:
[2022-05-13 16:32:40,199] {subprocess.py:79} INFO - 1
[2022-05-13 16:33:00,200] {subprocess.py:83} INFO - Command exited with return code 0
[2022-05-13 16:33:00,235] {taskinstance.py:1191} INFO - Marking task as SUCCESS. dag_id=my_dag_v0.0.2, task_id=group1.process_a, execution_date=20220512T000000, start_date=20220513T163240, end_date=20220513T163300
[2022-05-13 16:33:00,261] {taskinstance.py:1245} INFO - 0 downstream tasks scheduled from follow-on schedule check
[2022-05-13 16:33:00,287] {local_task_job.py:151} INFO - Task exited with return code 0
