[2022-05-12 20:52:55,481] {taskinstance.py:876} INFO - Dependencies all met for <TaskInstance: my_dag.my_task 2022-05-12T20:52:54.642985+00:00 [queued]>
[2022-05-12 20:52:55,490] {taskinstance.py:876} INFO - Dependencies all met for <TaskInstance: my_dag.my_task 2022-05-12T20:52:54.642985+00:00 [queued]>
[2022-05-12 20:52:55,490] {taskinstance.py:1067} INFO - 
--------------------------------------------------------------------------------
[2022-05-12 20:52:55,490] {taskinstance.py:1068} INFO - Starting attempt 1 of 1
[2022-05-12 20:52:55,491] {taskinstance.py:1069} INFO - 
--------------------------------------------------------------------------------
[2022-05-12 20:52:55,499] {taskinstance.py:1087} INFO - Executing <Task(PythonOperator): my_task> on 2022-05-12T20:52:54.642985+00:00
[2022-05-12 20:52:55,503] {standard_task_runner.py:52} INFO - Started process 916 to run task
[2022-05-12 20:52:55,505] {standard_task_runner.py:76} INFO - Running: ['airflow', 'tasks', 'run', 'my_dag', 'my_task', '2022-05-12T20:52:54.642985+00:00', '--job-id', '13', '--pool', 'default_pool', '--raw', '--subdir', 'DAGS_FOLDER/my_dag.py', '--cfg-path', '/tmp/tmpxp7wt9c3', '--error-file', '/tmp/tmprnkqqhbq']
[2022-05-12 20:52:55,507] {standard_task_runner.py:77} INFO - Job 13: Subtask my_task
[2022-05-12 20:52:55,532] {logging_mixin.py:104} INFO - Running <TaskInstance: my_dag.my_task 2022-05-12T20:52:54.642985+00:00 [running]> on host 7b5fcf14949b
[2022-05-12 20:52:55,565] {taskinstance.py:1282} INFO - Exporting the following env vars:
AIRFLOW_CTX_DAG_OWNER=airflow
AIRFLOW_CTX_DAG_ID=my_dag
AIRFLOW_CTX_TASK_ID=my_task
AIRFLOW_CTX_EXECUTION_DATE=2022-05-12T20:52:54.642985+00:00
AIRFLOW_CTX_DAG_RUN_ID=manual__2022-05-12T20:52:54.642985+00:00
[2022-05-12 20:52:55,565] {logging_mixin.py:104} INFO - 2022-05-12
[2022-05-12 20:52:55,565] {python.py:151} INFO - Done. Returned value was: None
[2022-05-12 20:52:55,571] {taskinstance.py:1191} INFO - Marking task as SUCCESS. dag_id=my_dag, task_id=my_task, execution_date=20220512T205254, start_date=20220512T205255, end_date=20220512T205255
[2022-05-12 20:52:55,586] {taskinstance.py:1245} INFO - 0 downstream tasks scheduled from follow-on schedule check
[2022-05-12 20:52:55,597] {local_task_job.py:151} INFO - Task exited with return code 0
