[2022-05-15 22:04:05,648] {taskinstance.py:876} INFO - Dependencies all met for <TaskInstance: GCPetlDAG.create_bq_table 2022-05-15T22:03:58.145443+00:00 [queued]>
[2022-05-15 22:04:05,658] {taskinstance.py:876} INFO - Dependencies all met for <TaskInstance: GCPetlDAG.create_bq_table 2022-05-15T22:03:58.145443+00:00 [queued]>
[2022-05-15 22:04:05,659] {taskinstance.py:1067} INFO - 
--------------------------------------------------------------------------------
[2022-05-15 22:04:05,659] {taskinstance.py:1068} INFO - Starting attempt 1 of 1
[2022-05-15 22:04:05,659] {taskinstance.py:1069} INFO - 
--------------------------------------------------------------------------------
[2022-05-15 22:04:05,664] {taskinstance.py:1087} INFO - Executing <Task(PythonOperator): create_bq_table> on 2022-05-15T22:03:58.145443+00:00
[2022-05-15 22:04:05,669] {standard_task_runner.py:52} INFO - Started process 53779 to run task
[2022-05-15 22:04:05,671] {standard_task_runner.py:76} INFO - Running: ['airflow', 'tasks', 'run', 'GCPetlDAG', 'create_bq_table', '2022-05-15T22:03:58.145443+00:00', '--job-id', '49', '--pool', 'default_pool', '--raw', '--subdir', 'DAGS_FOLDER/my_gcpPipeLine.py', '--cfg-path', '/tmp/tmp8e1xpc2o', '--error-file', '/tmp/tmprhkfl4q6']
[2022-05-15 22:04:05,673] {standard_task_runner.py:77} INFO - Job 49: Subtask create_bq_table
[2022-05-15 22:04:05,697] {logging_mixin.py:104} INFO - Running <TaskInstance: GCPetlDAG.create_bq_table 2022-05-15T22:03:58.145443+00:00 [running]> on host 7190ca705fc5
[2022-05-15 22:04:05,744] {taskinstance.py:1282} INFO - Exporting the following env vars:
AIRFLOW_CTX_DAG_OWNER=msbeni
AIRFLOW_CTX_DAG_ID=GCPetlDAG
AIRFLOW_CTX_TASK_ID=create_bq_table
AIRFLOW_CTX_EXECUTION_DATE=2022-05-15T22:03:58.145443+00:00
AIRFLOW_CTX_DAG_RUN_ID=manual__2022-05-15T22:03:58.145443+00:00
[2022-05-15 22:04:06,112] {logging_mixin.py:104} INFO - Table my-second-project-341619.bitcoin_price_ds.bitcoin_price already exists.
[2022-05-15 22:04:06,112] {python.py:151} INFO - Done. Returned value was: None
[2022-05-15 22:04:06,138] {taskinstance.py:1191} INFO - Marking task as SUCCESS. dag_id=GCPetlDAG, task_id=create_bq_table, execution_date=20220515T220358, start_date=20220515T220405, end_date=20220515T220406
[2022-05-15 22:04:06,174] {taskinstance.py:1245} INFO - 1 downstream tasks scheduled from follow-on schedule check
[2022-05-15 22:04:06,206] {local_task_job.py:151} INFO - Task exited with return code 0
