[2022-05-15 21:47:33,452] {taskinstance.py:876} INFO - Dependencies all met for <TaskInstance: GCPetlDAG.push_data_to_gcp 2022-05-15T21:47:24.717257+00:00 [queued]>
[2022-05-15 21:47:33,463] {taskinstance.py:876} INFO - Dependencies all met for <TaskInstance: GCPetlDAG.push_data_to_gcp 2022-05-15T21:47:24.717257+00:00 [queued]>
[2022-05-15 21:47:33,463] {taskinstance.py:1067} INFO - 
--------------------------------------------------------------------------------
[2022-05-15 21:47:33,463] {taskinstance.py:1068} INFO - Starting attempt 1 of 1
[2022-05-15 21:47:33,463] {taskinstance.py:1069} INFO - 
--------------------------------------------------------------------------------
[2022-05-15 21:47:33,467] {taskinstance.py:1087} INFO - Executing <Task(PythonOperator): push_data_to_gcp> on 2022-05-15T21:47:24.717257+00:00
[2022-05-15 21:47:33,472] {standard_task_runner.py:52} INFO - Started process 50998 to run task
[2022-05-15 21:47:33,475] {standard_task_runner.py:76} INFO - Running: ['airflow', 'tasks', 'run', 'GCPetlDAG', 'push_data_to_gcp', '2022-05-15T21:47:24.717257+00:00', '--job-id', '19', '--pool', 'default_pool', '--raw', '--subdir', 'DAGS_FOLDER/my_gcpPipeLine.py', '--cfg-path', '/tmp/tmp9iuyfzza', '--error-file', '/tmp/tmpsr1f8ckh']
[2022-05-15 21:47:33,476] {standard_task_runner.py:77} INFO - Job 19: Subtask push_data_to_gcp
[2022-05-15 21:47:33,500] {logging_mixin.py:104} INFO - Running <TaskInstance: GCPetlDAG.push_data_to_gcp 2022-05-15T21:47:24.717257+00:00 [running]> on host 7190ca705fc5
[2022-05-15 21:47:33,546] {taskinstance.py:1282} INFO - Exporting the following env vars:
AIRFLOW_CTX_DAG_OWNER=msbeni
AIRFLOW_CTX_DAG_ID=GCPetlDAG
AIRFLOW_CTX_TASK_ID=push_data_to_gcp
AIRFLOW_CTX_EXECUTION_DATE=2022-05-15T21:47:24.717257+00:00
AIRFLOW_CTX_DAG_RUN_ID=manual__2022-05-15T21:47:24.717257+00:00
[2022-05-15 21:47:34,026] {logging_mixin.py:104} INFO - New rows have been added.
[2022-05-15 21:47:34,027] {python.py:151} INFO - Done. Returned value was: None
[2022-05-15 21:47:34,047] {taskinstance.py:1191} INFO - Marking task as SUCCESS. dag_id=GCPetlDAG, task_id=push_data_to_gcp, execution_date=20220515T214724, start_date=20220515T214733, end_date=20220515T214734
[2022-05-15 21:47:34,081] {taskinstance.py:1245} INFO - 1 downstream tasks scheduled from follow-on schedule check
[2022-05-15 21:47:34,130] {local_task_job.py:151} INFO - Task exited with return code 0
