[2022-05-15 22:00:09,659] {taskinstance.py:876} INFO - Dependencies all met for <TaskInstance: GCPetlDAG.wait_for_table_creation_task 2022-05-15T21:59:53.355329+00:00 [queued]>
[2022-05-15 22:00:09,669] {taskinstance.py:876} INFO - Dependencies all met for <TaskInstance: GCPetlDAG.wait_for_table_creation_task 2022-05-15T21:59:53.355329+00:00 [queued]>
[2022-05-15 22:00:09,670] {taskinstance.py:1067} INFO - 
--------------------------------------------------------------------------------
[2022-05-15 22:00:09,670] {taskinstance.py:1068} INFO - Starting attempt 1 of 1
[2022-05-15 22:00:09,670] {taskinstance.py:1069} INFO - 
--------------------------------------------------------------------------------
[2022-05-15 22:00:09,675] {taskinstance.py:1087} INFO - Executing <Task(BashOperator): wait_for_table_creation_task> on 2022-05-15T21:59:53.355329+00:00
[2022-05-15 22:00:09,680] {standard_task_runner.py:52} INFO - Started process 53124 to run task
[2022-05-15 22:00:09,682] {standard_task_runner.py:76} INFO - Running: ['airflow', 'tasks', 'run', 'GCPetlDAG', 'wait_for_table_creation_task', '2022-05-15T21:59:53.355329+00:00', '--job-id', '44', '--pool', 'default_pool', '--raw', '--subdir', 'DAGS_FOLDER/my_gcpPipeLine.py', '--cfg-path', '/tmp/tmphta43igq', '--error-file', '/tmp/tmpkgziytc2']
[2022-05-15 22:00:09,684] {standard_task_runner.py:77} INFO - Job 44: Subtask wait_for_table_creation_task
[2022-05-15 22:00:09,729] {logging_mixin.py:104} INFO - Running <TaskInstance: GCPetlDAG.wait_for_table_creation_task 2022-05-15T21:59:53.355329+00:00 [running]> on host 7190ca705fc5
[2022-05-15 22:00:09,795] {taskinstance.py:1282} INFO - Exporting the following env vars:
AIRFLOW_CTX_DAG_OWNER=msbeni
AIRFLOW_CTX_DAG_ID=GCPetlDAG
AIRFLOW_CTX_TASK_ID=wait_for_table_creation_task
AIRFLOW_CTX_EXECUTION_DATE=2022-05-15T21:59:53.355329+00:00
AIRFLOW_CTX_DAG_RUN_ID=manual__2022-05-15T21:59:53.355329+00:00
[2022-05-15 22:00:09,797] {subprocess.py:52} INFO - Tmp dir root location: 
 /tmp
[2022-05-15 22:00:09,798] {subprocess.py:63} INFO - Running command: ['bash', '-c', "echo 'wait for table to be created on GCP' && sleep 120"]
[2022-05-15 22:00:09,810] {subprocess.py:75} INFO - Output:
[2022-05-15 22:00:09,813] {subprocess.py:79} INFO - wait for table to be created on GCP
[2022-05-15 22:02:09,816] {subprocess.py:83} INFO - Command exited with return code 0
[2022-05-15 22:02:09,847] {taskinstance.py:1191} INFO - Marking task as SUCCESS. dag_id=GCPetlDAG, task_id=wait_for_table_creation_task, execution_date=20220515T215953, start_date=20220515T220009, end_date=20220515T220209
[2022-05-15 22:02:09,885] {taskinstance.py:1245} INFO - 0 downstream tasks scheduled from follow-on schedule check
[2022-05-15 22:02:09,903] {local_task_job.py:151} INFO - Task exited with return code 0
