[2022-05-15 00:19:09,925] {taskinstance.py:876} INFO - Dependencies all met for <TaskInstance: myBranchSQLDAG.branch_craete_table 2022-05-15T00:19:09.132158+00:00 [queued]>
[2022-05-15 00:19:09,933] {taskinstance.py:876} INFO - Dependencies all met for <TaskInstance: myBranchSQLDAG.branch_craete_table 2022-05-15T00:19:09.132158+00:00 [queued]>
[2022-05-15 00:19:09,933] {taskinstance.py:1067} INFO - 
--------------------------------------------------------------------------------
[2022-05-15 00:19:09,933] {taskinstance.py:1068} INFO - Starting attempt 1 of 1
[2022-05-15 00:19:09,934] {taskinstance.py:1069} INFO - 
--------------------------------------------------------------------------------
[2022-05-15 00:19:09,945] {taskinstance.py:1087} INFO - Executing <Task(PostgresOperator): branch_craete_table> on 2022-05-15T00:19:09.132158+00:00
[2022-05-15 00:19:09,949] {standard_task_runner.py:52} INFO - Started process 19506 to run task
[2022-05-15 00:19:09,951] {standard_task_runner.py:76} INFO - Running: ['airflow', 'tasks', 'run', 'myBranchSQLDAG', 'branch_craete_table', '2022-05-15T00:19:09.132158+00:00', '--job-id', '16', '--pool', 'default_pool', '--raw', '--subdir', 'DAGS_FOLDER/my_BranchSQLDAG.py', '--cfg-path', '/tmp/tmpbae82owh', '--error-file', '/tmp/tmpu9xs4onl']
[2022-05-15 00:19:09,953] {standard_task_runner.py:77} INFO - Job 16: Subtask branch_craete_table
[2022-05-15 00:19:09,986] {logging_mixin.py:104} INFO - Running <TaskInstance: myBranchSQLDAG.branch_craete_table 2022-05-15T00:19:09.132158+00:00 [running]> on host d011519e5366
[2022-05-15 00:19:10,017] {taskinstance.py:1282} INFO - Exporting the following env vars:
AIRFLOW_CTX_DAG_OWNER=airflow
AIRFLOW_CTX_DAG_ID=myBranchSQLDAG
AIRFLOW_CTX_TASK_ID=branch_craete_table
AIRFLOW_CTX_EXECUTION_DATE=2022-05-15T00:19:09.132158+00:00
AIRFLOW_CTX_DAG_RUN_ID=manual__2022-05-15T00:19:09.132158+00:00
[2022-05-15 00:19:10,017] {postgres.py:70} INFO - Executing: CREATE TABLE IF NOT EXISTS partners
(partner_name TEXT NOT NULL,
partner_status BOOLEAN NOT NULL,
PRIMARY KEY (partner_name));
[2022-05-15 00:19:10,022] {base.py:78} INFO - Using connection to: id: ***. Host: ***, Port: 5432, Schema: , Login: ***, Password: ***, extra: {}
[2022-05-15 00:19:10,024] {dbapi.py:204} INFO - Running statement: CREATE TABLE IF NOT EXISTS partners
(partner_name TEXT NOT NULL,
partner_status BOOLEAN NOT NULL,
PRIMARY KEY (partner_name));, parameters: None
[2022-05-15 00:19:10,025] {postgres.py:74} INFO - NOTICE:  relation "partners" already exists, skipping

[2022-05-15 00:19:10,031] {taskinstance.py:1191} INFO - Marking task as SUCCESS. dag_id=myBranchSQLDAG, task_id=branch_craete_table, execution_date=20220515T001909, start_date=20220515T001909, end_date=20220515T001910
[2022-05-15 00:19:10,048] {taskinstance.py:1245} INFO - 1 downstream tasks scheduled from follow-on schedule check
[2022-05-15 00:19:10,083] {local_task_job.py:151} INFO - Task exited with return code 0
