[2022-05-15 21:42:42,183] {taskinstance.py:876} INFO - Dependencies all met for <TaskInstance: GCPetlDAG.extract_data 2022-05-15T21:42:36.697378+00:00 [queued]>
[2022-05-15 21:42:42,209] {taskinstance.py:876} INFO - Dependencies all met for <TaskInstance: GCPetlDAG.extract_data 2022-05-15T21:42:36.697378+00:00 [queued]>
[2022-05-15 21:42:42,210] {taskinstance.py:1067} INFO - 
--------------------------------------------------------------------------------
[2022-05-15 21:42:42,210] {taskinstance.py:1068} INFO - Starting attempt 1 of 1
[2022-05-15 21:42:42,210] {taskinstance.py:1069} INFO - 
--------------------------------------------------------------------------------
[2022-05-15 21:42:42,223] {taskinstance.py:1087} INFO - Executing <Task(PythonOperator): extract_data> on 2022-05-15T21:42:36.697378+00:00
[2022-05-15 21:42:42,235] {standard_task_runner.py:52} INFO - Started process 50189 to run task
[2022-05-15 21:42:42,239] {standard_task_runner.py:76} INFO - Running: ['airflow', 'tasks', 'run', 'GCPetlDAG', 'extract_data', '2022-05-15T21:42:36.697378+00:00', '--job-id', '6', '--pool', 'default_pool', '--raw', '--subdir', 'DAGS_FOLDER/my_gcpPipeLine.py', '--cfg-path', '/tmp/tmpb5pj13a3', '--error-file', '/tmp/tmpva25um0s']
[2022-05-15 21:42:42,243] {standard_task_runner.py:77} INFO - Job 6: Subtask extract_data
[2022-05-15 21:42:42,290] {logging_mixin.py:104} INFO - Running <TaskInstance: GCPetlDAG.extract_data 2022-05-15T21:42:36.697378+00:00 [running]> on host 7190ca705fc5
[2022-05-15 21:42:42,352] {taskinstance.py:1282} INFO - Exporting the following env vars:
AIRFLOW_CTX_DAG_OWNER=msbeni
AIRFLOW_CTX_DAG_ID=GCPetlDAG
AIRFLOW_CTX_TASK_ID=extract_data
AIRFLOW_CTX_EXECUTION_DATE=2022-05-15T21:42:36.697378+00:00
AIRFLOW_CTX_DAG_RUN_ID=manual__2022-05-15T21:42:36.697378+00:00
[2022-05-15 21:42:42,426] {python.py:151} INFO - Done. Returned value was: dags/data/2022-05-15/bitcoin_price.csv
[2022-05-15 21:42:42,445] {taskinstance.py:1191} INFO - Marking task as SUCCESS. dag_id=GCPetlDAG, task_id=extract_data, execution_date=20220515T214236, start_date=20220515T214242, end_date=20220515T214242
[2022-05-15 21:42:42,467] {taskinstance.py:1245} INFO - 1 downstream tasks scheduled from follow-on schedule check
[2022-05-15 21:42:42,492] {local_task_job.py:151} INFO - Task exited with return code 0
