[2022-05-15 21:47:35,993] {taskinstance.py:876} INFO - Dependencies all met for <TaskInstance: GCPetlDAG.check_data_loaded_in_gbq 2022-05-15T21:47:24.717257+00:00 [queued]>
[2022-05-15 21:47:36,004] {taskinstance.py:876} INFO - Dependencies all met for <TaskInstance: GCPetlDAG.check_data_loaded_in_gbq 2022-05-15T21:47:24.717257+00:00 [queued]>
[2022-05-15 21:47:36,005] {taskinstance.py:1067} INFO - 
--------------------------------------------------------------------------------
[2022-05-15 21:47:36,005] {taskinstance.py:1068} INFO - Starting attempt 1 of 1
[2022-05-15 21:47:36,005] {taskinstance.py:1069} INFO - 
--------------------------------------------------------------------------------
[2022-05-15 21:47:36,010] {taskinstance.py:1087} INFO - Executing <Task(PythonOperator): check_data_loaded_in_gbq> on 2022-05-15T21:47:24.717257+00:00
[2022-05-15 21:47:36,016] {standard_task_runner.py:52} INFO - Started process 51001 to run task
[2022-05-15 21:47:36,019] {standard_task_runner.py:76} INFO - Running: ['airflow', 'tasks', 'run', 'GCPetlDAG', 'check_data_loaded_in_gbq', '2022-05-15T21:47:24.717257+00:00', '--job-id', '20', '--pool', 'default_pool', '--raw', '--subdir', 'DAGS_FOLDER/my_gcpPipeLine.py', '--cfg-path', '/tmp/tmpq7i9hd2k', '--error-file', '/tmp/tmpmvqq2eci']
[2022-05-15 21:47:36,021] {standard_task_runner.py:77} INFO - Job 20: Subtask check_data_loaded_in_gbq
[2022-05-15 21:47:36,045] {logging_mixin.py:104} INFO - Running <TaskInstance: GCPetlDAG.check_data_loaded_in_gbq 2022-05-15T21:47:24.717257+00:00 [running]> on host 7190ca705fc5
[2022-05-15 21:47:36,095] {taskinstance.py:1282} INFO - Exporting the following env vars:
AIRFLOW_CTX_DAG_OWNER=msbeni
AIRFLOW_CTX_DAG_ID=GCPetlDAG
AIRFLOW_CTX_TASK_ID=check_data_loaded_in_gbq
AIRFLOW_CTX_EXECUTION_DATE=2022-05-15T21:47:24.717257+00:00
AIRFLOW_CTX_DAG_RUN_ID=manual__2022-05-15T21:47:24.717257+00:00
[2022-05-15 21:47:37,256] {logging_mixin.py:104} INFO -    f0_
0    1
[2022-05-15 21:47:37,256] {python.py:151} INFO - Done. Returned value was: None
[2022-05-15 21:47:37,264] {taskinstance.py:1191} INFO - Marking task as SUCCESS. dag_id=GCPetlDAG, task_id=check_data_loaded_in_gbq, execution_date=20220515T214724, start_date=20220515T214735, end_date=20220515T214737
[2022-05-15 21:47:37,283] {taskinstance.py:1245} INFO - 1 downstream tasks scheduled from follow-on schedule check
[2022-05-15 21:47:37,317] {local_task_job.py:151} INFO - Task exited with return code 0
