[2022-05-15 01:03:05,633] {taskinstance.py:876} INFO - Dependencies all met for <TaskInstance: myBranchDateTimeDAG.is_in_time_frame 2022-05-15T01:03:05.030512+00:00 [queued]>
[2022-05-15 01:03:05,660] {taskinstance.py:876} INFO - Dependencies all met for <TaskInstance: myBranchDateTimeDAG.is_in_time_frame 2022-05-15T01:03:05.030512+00:00 [queued]>
[2022-05-15 01:03:05,661] {taskinstance.py:1067} INFO - 
--------------------------------------------------------------------------------
[2022-05-15 01:03:05,661] {taskinstance.py:1068} INFO - Starting attempt 1 of 1
[2022-05-15 01:03:05,663] {taskinstance.py:1069} INFO - 
--------------------------------------------------------------------------------
[2022-05-15 01:03:05,694] {taskinstance.py:1087} INFO - Executing <Task(BranchDateTimeOperator): is_in_time_frame> on 2022-05-15T01:03:05.030512+00:00
[2022-05-15 01:03:05,709] {standard_task_runner.py:52} INFO - Started process 24769 to run task
[2022-05-15 01:03:05,717] {standard_task_runner.py:76} INFO - Running: ['airflow', 'tasks', 'run', 'myBranchDateTimeDAG', 'is_in_time_frame', '2022-05-15T01:03:05.030512+00:00', '--job-id', '24', '--pool', 'default_pool', '--raw', '--subdir', 'DAGS_FOLDER/my_BranchDateTimeDAG.py', '--cfg-path', '/tmp/tmp0kq1rw3n', '--error-file', '/tmp/tmp9vhkfegx']
[2022-05-15 01:03:05,722] {standard_task_runner.py:77} INFO - Job 24: Subtask is_in_time_frame
[2022-05-15 01:03:05,812] {logging_mixin.py:104} INFO - Running <TaskInstance: myBranchDateTimeDAG.is_in_time_frame 2022-05-15T01:03:05.030512+00:00 [running]> on host d011519e5366
[2022-05-15 01:03:05,896] {taskinstance.py:1282} INFO - Exporting the following env vars:
AIRFLOW_CTX_DAG_OWNER=airflow
AIRFLOW_CTX_DAG_ID=myBranchDateTimeDAG
AIRFLOW_CTX_TASK_ID=is_in_time_frame
AIRFLOW_CTX_EXECUTION_DATE=2022-05-15T01:03:05.030512+00:00
AIRFLOW_CTX_DAG_RUN_ID=manual__2022-05-15T01:03:05.030512+00:00
[2022-05-15 01:03:05,896] {skipmixin.py:124} INFO - Following branch ['end_dag']
[2022-05-15 01:03:05,901] {skipmixin.py:155} INFO - Skipping tasks ['move_forward']
[2022-05-15 01:03:05,941] {taskinstance.py:1191} INFO - Marking task as SUCCESS. dag_id=myBranchDateTimeDAG, task_id=is_in_time_frame, execution_date=20220515T010305, start_date=20220515T010305, end_date=20220515T010305
[2022-05-15 01:03:05,969] {taskinstance.py:1245} INFO - 1 downstream tasks scheduled from follow-on schedule check
[2022-05-15 01:03:06,010] {local_task_job.py:151} INFO - Task exited with return code 0
