[2022-05-13 16:32:28,779] {taskinstance.py:876} INFO - Dependencies all met for <TaskInstance: my_dag_v0.0.2.extract_a 2022-05-12T00:00:00+00:00 [queued]>
[2022-05-13 16:32:28,790] {taskinstance.py:876} INFO - Dependencies all met for <TaskInstance: my_dag_v0.0.2.extract_a 2022-05-12T00:00:00+00:00 [queued]>
[2022-05-13 16:32:28,790] {taskinstance.py:1067} INFO - 
--------------------------------------------------------------------------------
[2022-05-13 16:32:28,791] {taskinstance.py:1068} INFO - Starting attempt 1 of 1
[2022-05-13 16:32:28,791] {taskinstance.py:1069} INFO - 
--------------------------------------------------------------------------------
[2022-05-13 16:32:28,797] {taskinstance.py:1087} INFO - Executing <Task(BashOperator): extract_a> on 2022-05-12T00:00:00+00:00
[2022-05-13 16:32:28,802] {standard_task_runner.py:52} INFO - Started process 1986 to run task
[2022-05-13 16:32:28,805] {standard_task_runner.py:76} INFO - Running: ['airflow', 'tasks', 'run', 'my_dag_v0.0.2', 'extract_a', '2022-05-12T00:00:00+00:00', '--job-id', '38', '--pool', 'default_pool', '--raw', '--subdir', 'DAGS_FOLDER/my_dag_v_0_1_0_1.py', '--cfg-path', '/tmp/tmpx_1tm14g', '--error-file', '/tmp/tmp8z6hlsvl']
[2022-05-13 16:32:28,807] {standard_task_runner.py:77} INFO - Job 38: Subtask extract_a
[2022-05-13 16:32:28,835] {logging_mixin.py:104} INFO - Running <TaskInstance: my_dag_v0.0.2.extract_a 2022-05-12T00:00:00+00:00 [running]> on host bacb497a28fb
[2022-05-13 16:32:28,870] {taskinstance.py:1282} INFO - Exporting the following env vars:
AIRFLOW_CTX_DAG_EMAIL=msbeni@gmail.com
AIRFLOW_CTX_DAG_OWNER=msbeni
AIRFLOW_CTX_DAG_ID=my_dag_v0.0.2
AIRFLOW_CTX_TASK_ID=extract_a
AIRFLOW_CTX_EXECUTION_DATE=2022-05-12T00:00:00+00:00
AIRFLOW_CTX_DAG_RUN_ID=scheduled__2022-05-12T00:00:00+00:00
[2022-05-13 16:32:28,870] {subprocess.py:52} INFO - Tmp dir root location: 
 /tmp
[2022-05-13 16:32:28,870] {subprocess.py:63} INFO - Running command: ['bash', '-c', "echo 'task 1' && sleep 10"]
[2022-05-13 16:32:28,875] {subprocess.py:75} INFO - Output:
[2022-05-13 16:32:28,876] {subprocess.py:79} INFO - task 1
[2022-05-13 16:32:38,877] {subprocess.py:83} INFO - Command exited with return code 0
[2022-05-13 16:32:38,913] {taskinstance.py:1191} INFO - Marking task as SUCCESS. dag_id=my_dag_v0.0.2, task_id=extract_a, execution_date=20220512T000000, start_date=20220513T163228, end_date=20220513T163238
[2022-05-13 16:32:38,937] {taskinstance.py:1245} INFO - 0 downstream tasks scheduled from follow-on schedule check
[2022-05-13 16:32:38,969] {local_task_job.py:151} INFO - Task exited with return code 0
