[2022-05-13 16:33:01,442] {taskinstance.py:876} INFO - Dependencies all met for <TaskInstance: my_dag_v0.0.2.store 2022-05-12T00:00:00+00:00 [queued]>
[2022-05-13 16:33:01,460] {taskinstance.py:876} INFO - Dependencies all met for <TaskInstance: my_dag_v0.0.2.store 2022-05-12T00:00:00+00:00 [queued]>
[2022-05-13 16:33:01,460] {taskinstance.py:1067} INFO - 
--------------------------------------------------------------------------------
[2022-05-13 16:33:01,460] {taskinstance.py:1068} INFO - Starting attempt 1 of 1
[2022-05-13 16:33:01,461] {taskinstance.py:1069} INFO - 
--------------------------------------------------------------------------------
[2022-05-13 16:33:01,468] {taskinstance.py:1087} INFO - Executing <Task(PythonOperator): store> on 2022-05-12T00:00:00+00:00
[2022-05-13 16:33:01,475] {standard_task_runner.py:52} INFO - Started process 2014 to run task
[2022-05-13 16:33:01,479] {standard_task_runner.py:76} INFO - Running: ['airflow', 'tasks', 'run', 'my_dag_v0.0.2', 'store', '2022-05-12T00:00:00+00:00', '--job-id', '42', '--pool', 'default_pool', '--raw', '--subdir', 'DAGS_FOLDER/my_dag_v_0_1_0_1.py', '--cfg-path', '/tmp/tmpwi5x4hmx', '--error-file', '/tmp/tmpmsau8d0_']
[2022-05-13 16:33:01,481] {standard_task_runner.py:77} INFO - Job 42: Subtask store
[2022-05-13 16:33:01,517] {logging_mixin.py:104} INFO - Running <TaskInstance: my_dag_v0.0.2.store 2022-05-12T00:00:00+00:00 [running]> on host bacb497a28fb
[2022-05-13 16:33:01,564] {taskinstance.py:1282} INFO - Exporting the following env vars:
AIRFLOW_CTX_DAG_EMAIL=msbeni@gmail.com
AIRFLOW_CTX_DAG_OWNER=msbeni
AIRFLOW_CTX_DAG_ID=my_dag_v0.0.2
AIRFLOW_CTX_TASK_ID=store
AIRFLOW_CTX_EXECUTION_DATE=2022-05-12T00:00:00+00:00
AIRFLOW_CTX_DAG_RUN_ID=scheduled__2022-05-12T00:00:00+00:00
[2022-05-13 16:33:01,564] {python.py:151} INFO - Done. Returned value was: None
[2022-05-13 16:33:01,572] {taskinstance.py:1191} INFO - Marking task as SUCCESS. dag_id=my_dag_v0.0.2, task_id=store, execution_date=20220512T000000, start_date=20220513T163301, end_date=20220513T163301
[2022-05-13 16:33:01,598] {taskinstance.py:1245} INFO - 0 downstream tasks scheduled from follow-on schedule check
[2022-05-13 16:33:01,610] {local_task_job.py:151} INFO - Task exited with return code 0
