[2022-05-14 23:34:30,462] {scheduler_job.py:182} INFO - Started process (PID=14360) to work on /opt/airflow/dags/my_BranchCalendatDAG.py
[2022-05-14 23:34:30,463] {scheduler_job.py:633} INFO - Processing file /opt/airflow/dags/my_BranchCalendatDAG.py for tasks to queue
[2022-05-14 23:34:30,464] {logging_mixin.py:104} INFO - [2022-05-14 23:34:30,464] {dagbag.py:487} INFO - Filling up the DagBag from /opt/airflow/dags/my_BranchCalendatDAG.py
[2022-05-14 23:34:30,470] {logging_mixin.py:104} INFO - [2022-05-14 23:34:30,470] {dagbag.py:320} ERROR - Failed to import: /opt/airflow/dags/my_BranchCalendatDAG.py
Traceback (most recent call last):
  File "/home/airflow/.local/lib/python3.6/site-packages/airflow/models/dagbag.py", line 317, in _load_modules_from_file
    loader.exec_module(new_module)
  File "<frozen importlib._bootstrap_external>", line 678, in exec_module
  File "<frozen importlib._bootstrap>", line 219, in _call_with_frames_removed
  File "/opt/airflow/dags/my_BranchCalendatDAG.py", line 26, in <module>
    check_holidays >> check_accuracy >> [accurate, inaccurate, top_accurate] >> publish_ml
NameError: name 'check_accuracy' is not defined
[2022-05-14 23:34:30,471] {scheduler_job.py:645} WARNING - No viable dags retrieved from /opt/airflow/dags/my_BranchCalendatDAG.py
[2022-05-14 23:34:30,487] {scheduler_job.py:190} INFO - Processing /opt/airflow/dags/my_BranchCalendatDAG.py took 0.027 seconds
[2022-05-14 23:35:00,973] {scheduler_job.py:182} INFO - Started process (PID=14415) to work on /opt/airflow/dags/my_BranchCalendatDAG.py
[2022-05-14 23:35:00,974] {scheduler_job.py:633} INFO - Processing file /opt/airflow/dags/my_BranchCalendatDAG.py for tasks to queue
[2022-05-14 23:35:00,974] {logging_mixin.py:104} INFO - [2022-05-14 23:35:00,974] {dagbag.py:487} INFO - Filling up the DagBag from /opt/airflow/dags/my_BranchCalendatDAG.py
[2022-05-14 23:35:00,982] {scheduler_job.py:643} INFO - DAG(s) dict_keys(['myBranchCalendarDAG']) retrieved from /opt/airflow/dags/my_BranchCalendatDAG.py
[2022-05-14 23:35:02,715] {logging_mixin.py:104} INFO - [2022-05-14 23:35:02,715] {dag.py:1832} INFO - Sync 1 DAGs
[2022-05-14 23:35:02,724] {logging_mixin.py:104} INFO - [2022-05-14 23:35:02,724] {dag.py:1851} INFO - Creating ORM DAG for myBranchCalendarDAG
[2022-05-14 23:35:02,732] {logging_mixin.py:104} INFO - [2022-05-14 23:35:02,732] {dag.py:2305} INFO - Setting next_dagrun for myBranchCalendarDAG to 2022-05-14T00:00:00+00:00
[2022-05-14 23:35:02,740] {scheduler_job.py:190} INFO - Processing /opt/airflow/dags/my_BranchCalendatDAG.py took 1.769 seconds
[2022-05-14 23:35:33,341] {scheduler_job.py:182} INFO - Started process (PID=14471) to work on /opt/airflow/dags/my_BranchCalendatDAG.py
[2022-05-14 23:35:33,342] {scheduler_job.py:633} INFO - Processing file /opt/airflow/dags/my_BranchCalendatDAG.py for tasks to queue
[2022-05-14 23:35:33,343] {logging_mixin.py:104} INFO - [2022-05-14 23:35:33,343] {dagbag.py:487} INFO - Filling up the DagBag from /opt/airflow/dags/my_BranchCalendatDAG.py
[2022-05-14 23:35:33,354] {scheduler_job.py:643} INFO - DAG(s) dict_keys(['myBranchCalendarDAG']) retrieved from /opt/airflow/dags/my_BranchCalendatDAG.py
[2022-05-14 23:35:33,488] {logging_mixin.py:104} INFO - [2022-05-14 23:35:33,488] {dag.py:1832} INFO - Sync 1 DAGs
[2022-05-14 23:35:33,496] {logging_mixin.py:104} INFO - [2022-05-14 23:35:33,496] {dag.py:2305} INFO - Setting next_dagrun for myBranchCalendarDAG to 2022-05-14T00:00:00+00:00
[2022-05-14 23:35:33,504] {scheduler_job.py:190} INFO - Processing /opt/airflow/dags/my_BranchCalendatDAG.py took 0.170 seconds
[2022-05-14 23:36:03,995] {scheduler_job.py:182} INFO - Started process (PID=14526) to work on /opt/airflow/dags/my_BranchCalendatDAG.py
[2022-05-14 23:36:03,998] {scheduler_job.py:633} INFO - Processing file /opt/airflow/dags/my_BranchCalendatDAG.py for tasks to queue
[2022-05-14 23:36:03,999] {logging_mixin.py:104} INFO - [2022-05-14 23:36:03,999] {dagbag.py:487} INFO - Filling up the DagBag from /opt/airflow/dags/my_BranchCalendatDAG.py
[2022-05-14 23:36:04,022] {scheduler_job.py:643} INFO - DAG(s) dict_keys(['myBranchCalendarDAG']) retrieved from /opt/airflow/dags/my_BranchCalendatDAG.py
[2022-05-14 23:36:04,039] {logging_mixin.py:104} INFO - [2022-05-14 23:36:04,039] {dag.py:1832} INFO - Sync 1 DAGs
[2022-05-14 23:36:04,051] {logging_mixin.py:104} INFO - [2022-05-14 23:36:04,051] {dag.py:2305} INFO - Setting next_dagrun for myBranchCalendarDAG to 2022-05-14T00:00:00+00:00
[2022-05-14 23:36:04,059] {scheduler_job.py:190} INFO - Processing /opt/airflow/dags/my_BranchCalendatDAG.py took 0.071 seconds
[2022-05-14 23:36:34,563] {scheduler_job.py:182} INFO - Started process (PID=14581) to work on /opt/airflow/dags/my_BranchCalendatDAG.py
[2022-05-14 23:36:34,565] {scheduler_job.py:633} INFO - Processing file /opt/airflow/dags/my_BranchCalendatDAG.py for tasks to queue
[2022-05-14 23:36:34,566] {logging_mixin.py:104} INFO - [2022-05-14 23:36:34,566] {dagbag.py:487} INFO - Filling up the DagBag from /opt/airflow/dags/my_BranchCalendatDAG.py
[2022-05-14 23:36:34,600] {scheduler_job.py:643} INFO - DAG(s) dict_keys(['myBranchCalendarDAG']) retrieved from /opt/airflow/dags/my_BranchCalendatDAG.py
[2022-05-14 23:36:34,645] {logging_mixin.py:104} INFO - [2022-05-14 23:36:34,645] {dag.py:1832} INFO - Sync 1 DAGs
[2022-05-14 23:36:34,673] {logging_mixin.py:104} INFO - [2022-05-14 23:36:34,673] {dag.py:2305} INFO - Setting next_dagrun for myBranchCalendarDAG to 2022-05-14T00:00:00+00:00
[2022-05-14 23:36:34,686] {scheduler_job.py:190} INFO - Processing /opt/airflow/dags/my_BranchCalendatDAG.py took 0.127 seconds
[2022-05-14 23:37:05,264] {scheduler_job.py:182} INFO - Started process (PID=14636) to work on /opt/airflow/dags/my_BranchCalendatDAG.py
[2022-05-14 23:37:05,266] {scheduler_job.py:633} INFO - Processing file /opt/airflow/dags/my_BranchCalendatDAG.py for tasks to queue
[2022-05-14 23:37:05,267] {logging_mixin.py:104} INFO - [2022-05-14 23:37:05,266] {dagbag.py:487} INFO - Filling up the DagBag from /opt/airflow/dags/my_BranchCalendatDAG.py
[2022-05-14 23:37:05,287] {scheduler_job.py:643} INFO - DAG(s) dict_keys(['myBranchCalendarDAG']) retrieved from /opt/airflow/dags/my_BranchCalendatDAG.py
[2022-05-14 23:37:05,305] {logging_mixin.py:104} INFO - [2022-05-14 23:37:05,305] {dag.py:1832} INFO - Sync 1 DAGs
[2022-05-14 23:37:05,317] {logging_mixin.py:104} INFO - [2022-05-14 23:37:05,317] {dag.py:2305} INFO - Setting next_dagrun for myBranchCalendarDAG to 2022-05-14T00:00:00+00:00
[2022-05-14 23:37:05,328] {scheduler_job.py:190} INFO - Processing /opt/airflow/dags/my_BranchCalendatDAG.py took 0.069 seconds
[2022-05-14 23:37:35,827] {scheduler_job.py:182} INFO - Started process (PID=14691) to work on /opt/airflow/dags/my_BranchCalendatDAG.py
[2022-05-14 23:37:35,829] {scheduler_job.py:633} INFO - Processing file /opt/airflow/dags/my_BranchCalendatDAG.py for tasks to queue
[2022-05-14 23:37:35,830] {logging_mixin.py:104} INFO - [2022-05-14 23:37:35,830] {dagbag.py:487} INFO - Filling up the DagBag from /opt/airflow/dags/my_BranchCalendatDAG.py
[2022-05-14 23:37:35,845] {scheduler_job.py:643} INFO - DAG(s) dict_keys(['myBranchCalendarDAG']) retrieved from /opt/airflow/dags/my_BranchCalendatDAG.py
[2022-05-14 23:37:35,863] {logging_mixin.py:104} INFO - [2022-05-14 23:37:35,862] {dag.py:1832} INFO - Sync 1 DAGs
[2022-05-14 23:37:35,875] {logging_mixin.py:104} INFO - [2022-05-14 23:37:35,875] {dag.py:2305} INFO - Setting next_dagrun for myBranchCalendarDAG to 2022-05-14T00:00:00+00:00
[2022-05-14 23:37:35,889] {scheduler_job.py:190} INFO - Processing /opt/airflow/dags/my_BranchCalendatDAG.py took 0.066 seconds
[2022-05-14 23:38:06,443] {scheduler_job.py:182} INFO - Started process (PID=14746) to work on /opt/airflow/dags/my_BranchCalendatDAG.py
[2022-05-14 23:38:06,445] {scheduler_job.py:633} INFO - Processing file /opt/airflow/dags/my_BranchCalendatDAG.py for tasks to queue
[2022-05-14 23:38:06,446] {logging_mixin.py:104} INFO - [2022-05-14 23:38:06,446] {dagbag.py:487} INFO - Filling up the DagBag from /opt/airflow/dags/my_BranchCalendatDAG.py
[2022-05-14 23:38:06,469] {scheduler_job.py:643} INFO - DAG(s) dict_keys(['myBranchCalendarDAG']) retrieved from /opt/airflow/dags/my_BranchCalendatDAG.py
[2022-05-14 23:38:06,486] {logging_mixin.py:104} INFO - [2022-05-14 23:38:06,486] {dag.py:1832} INFO - Sync 1 DAGs
[2022-05-14 23:38:06,495] {logging_mixin.py:104} INFO - [2022-05-14 23:38:06,495] {dag.py:2305} INFO - Setting next_dagrun for myBranchCalendarDAG to 2022-05-14T00:00:00+00:00
[2022-05-14 23:38:06,501] {scheduler_job.py:190} INFO - Processing /opt/airflow/dags/my_BranchCalendatDAG.py took 0.066 seconds
[2022-05-14 23:38:37,177] {scheduler_job.py:182} INFO - Started process (PID=14801) to work on /opt/airflow/dags/my_BranchCalendatDAG.py
[2022-05-14 23:38:37,179] {scheduler_job.py:633} INFO - Processing file /opt/airflow/dags/my_BranchCalendatDAG.py for tasks to queue
[2022-05-14 23:38:37,179] {logging_mixin.py:104} INFO - [2022-05-14 23:38:37,179] {dagbag.py:487} INFO - Filling up the DagBag from /opt/airflow/dags/my_BranchCalendatDAG.py
[2022-05-14 23:38:37,192] {scheduler_job.py:643} INFO - DAG(s) dict_keys(['myBranchCalendarDAG']) retrieved from /opt/airflow/dags/my_BranchCalendatDAG.py
[2022-05-14 23:38:37,337] {logging_mixin.py:104} INFO - [2022-05-14 23:38:37,337] {dag.py:1832} INFO - Sync 1 DAGs
[2022-05-14 23:38:37,347] {logging_mixin.py:104} INFO - [2022-05-14 23:38:37,347] {dag.py:2305} INFO - Setting next_dagrun for myBranchCalendarDAG to 2022-05-14T00:00:00+00:00
[2022-05-14 23:38:37,364] {scheduler_job.py:190} INFO - Processing /opt/airflow/dags/my_BranchCalendatDAG.py took 0.190 seconds
[2022-05-14 23:39:07,670] {scheduler_job.py:182} INFO - Started process (PID=14856) to work on /opt/airflow/dags/my_BranchCalendatDAG.py
[2022-05-14 23:39:07,672] {scheduler_job.py:633} INFO - Processing file /opt/airflow/dags/my_BranchCalendatDAG.py for tasks to queue
[2022-05-14 23:39:07,674] {logging_mixin.py:104} INFO - [2022-05-14 23:39:07,673] {dagbag.py:487} INFO - Filling up the DagBag from /opt/airflow/dags/my_BranchCalendatDAG.py
[2022-05-14 23:39:07,700] {scheduler_job.py:643} INFO - DAG(s) dict_keys(['myBranchCalendarDAG']) retrieved from /opt/airflow/dags/my_BranchCalendatDAG.py
[2022-05-14 23:39:07,742] {logging_mixin.py:104} INFO - [2022-05-14 23:39:07,741] {dag.py:1832} INFO - Sync 1 DAGs
[2022-05-14 23:39:07,755] {logging_mixin.py:104} INFO - [2022-05-14 23:39:07,755] {dag.py:2305} INFO - Setting next_dagrun for myBranchCalendarDAG to 2022-05-14T00:00:00+00:00
[2022-05-14 23:39:07,761] {scheduler_job.py:190} INFO - Processing /opt/airflow/dags/my_BranchCalendatDAG.py took 0.097 seconds
[2022-05-14 23:39:38,445] {scheduler_job.py:182} INFO - Started process (PID=14911) to work on /opt/airflow/dags/my_BranchCalendatDAG.py
[2022-05-14 23:39:38,446] {scheduler_job.py:633} INFO - Processing file /opt/airflow/dags/my_BranchCalendatDAG.py for tasks to queue
[2022-05-14 23:39:38,446] {logging_mixin.py:104} INFO - [2022-05-14 23:39:38,446] {dagbag.py:487} INFO - Filling up the DagBag from /opt/airflow/dags/my_BranchCalendatDAG.py
[2022-05-14 23:39:38,462] {scheduler_job.py:643} INFO - DAG(s) dict_keys(['myBranchCalendarDAG']) retrieved from /opt/airflow/dags/my_BranchCalendatDAG.py
[2022-05-14 23:39:38,481] {logging_mixin.py:104} INFO - [2022-05-14 23:39:38,481] {dag.py:1832} INFO - Sync 1 DAGs
[2022-05-14 23:39:38,491] {logging_mixin.py:104} INFO - [2022-05-14 23:39:38,491] {dag.py:2305} INFO - Setting next_dagrun for myBranchCalendarDAG to 2022-05-14T00:00:00+00:00
[2022-05-14 23:39:38,496] {scheduler_job.py:190} INFO - Processing /opt/airflow/dags/my_BranchCalendatDAG.py took 0.055 seconds
[2022-05-14 23:40:08,967] {scheduler_job.py:182} INFO - Started process (PID=14966) to work on /opt/airflow/dags/my_BranchCalendatDAG.py
[2022-05-14 23:40:08,971] {scheduler_job.py:633} INFO - Processing file /opt/airflow/dags/my_BranchCalendatDAG.py for tasks to queue
[2022-05-14 23:40:08,973] {logging_mixin.py:104} INFO - [2022-05-14 23:40:08,973] {dagbag.py:487} INFO - Filling up the DagBag from /opt/airflow/dags/my_BranchCalendatDAG.py
[2022-05-14 23:40:08,995] {scheduler_job.py:643} INFO - DAG(s) dict_keys(['myBranchCalendarDAG']) retrieved from /opt/airflow/dags/my_BranchCalendatDAG.py
[2022-05-14 23:40:09,013] {logging_mixin.py:104} INFO - [2022-05-14 23:40:09,012] {dag.py:1832} INFO - Sync 1 DAGs
[2022-05-14 23:40:09,022] {logging_mixin.py:104} INFO - [2022-05-14 23:40:09,022] {dag.py:2305} INFO - Setting next_dagrun for myBranchCalendarDAG to 2022-05-14T00:00:00+00:00
[2022-05-14 23:40:09,033] {scheduler_job.py:190} INFO - Processing /opt/airflow/dags/my_BranchCalendatDAG.py took 0.073 seconds
[2022-05-14 23:40:39,440] {scheduler_job.py:182} INFO - Started process (PID=15021) to work on /opt/airflow/dags/my_BranchCalendatDAG.py
[2022-05-14 23:40:39,440] {scheduler_job.py:633} INFO - Processing file /opt/airflow/dags/my_BranchCalendatDAG.py for tasks to queue
[2022-05-14 23:40:39,441] {logging_mixin.py:104} INFO - [2022-05-14 23:40:39,441] {dagbag.py:487} INFO - Filling up the DagBag from /opt/airflow/dags/my_BranchCalendatDAG.py
[2022-05-14 23:40:39,449] {scheduler_job.py:643} INFO - DAG(s) dict_keys(['myBranchCalendarDAG']) retrieved from /opt/airflow/dags/my_BranchCalendatDAG.py
[2022-05-14 23:40:39,461] {logging_mixin.py:104} INFO - [2022-05-14 23:40:39,461] {dag.py:1832} INFO - Sync 1 DAGs
[2022-05-14 23:40:39,470] {logging_mixin.py:104} INFO - [2022-05-14 23:40:39,470] {dag.py:2305} INFO - Setting next_dagrun for myBranchCalendarDAG to 2022-05-14T00:00:00+00:00
[2022-05-14 23:40:39,475] {scheduler_job.py:190} INFO - Processing /opt/airflow/dags/my_BranchCalendatDAG.py took 0.037 seconds
[2022-05-14 23:41:09,958] {scheduler_job.py:182} INFO - Started process (PID=15076) to work on /opt/airflow/dags/my_BranchCalendatDAG.py
[2022-05-14 23:41:09,960] {scheduler_job.py:633} INFO - Processing file /opt/airflow/dags/my_BranchCalendatDAG.py for tasks to queue
[2022-05-14 23:41:09,961] {logging_mixin.py:104} INFO - [2022-05-14 23:41:09,961] {dagbag.py:487} INFO - Filling up the DagBag from /opt/airflow/dags/my_BranchCalendatDAG.py
[2022-05-14 23:41:09,984] {scheduler_job.py:643} INFO - DAG(s) dict_keys(['myBranchCalendarDAG']) retrieved from /opt/airflow/dags/my_BranchCalendatDAG.py
[2022-05-14 23:41:10,000] {logging_mixin.py:104} INFO - [2022-05-14 23:41:09,999] {dag.py:1832} INFO - Sync 1 DAGs
[2022-05-14 23:41:10,009] {logging_mixin.py:104} INFO - [2022-05-14 23:41:10,009] {dag.py:2305} INFO - Setting next_dagrun for myBranchCalendarDAG to 2022-05-14T00:00:00+00:00
[2022-05-14 23:41:10,021] {scheduler_job.py:190} INFO - Processing /opt/airflow/dags/my_BranchCalendatDAG.py took 0.070 seconds
[2022-05-14 23:41:40,437] {scheduler_job.py:182} INFO - Started process (PID=15131) to work on /opt/airflow/dags/my_BranchCalendatDAG.py
[2022-05-14 23:41:40,439] {scheduler_job.py:633} INFO - Processing file /opt/airflow/dags/my_BranchCalendatDAG.py for tasks to queue
[2022-05-14 23:41:40,440] {logging_mixin.py:104} INFO - [2022-05-14 23:41:40,440] {dagbag.py:487} INFO - Filling up the DagBag from /opt/airflow/dags/my_BranchCalendatDAG.py
[2022-05-14 23:41:40,460] {scheduler_job.py:643} INFO - DAG(s) dict_keys(['myBranchCalendarDAG']) retrieved from /opt/airflow/dags/my_BranchCalendatDAG.py
[2022-05-14 23:41:40,475] {logging_mixin.py:104} INFO - [2022-05-14 23:41:40,475] {dag.py:1832} INFO - Sync 1 DAGs
[2022-05-14 23:41:40,485] {logging_mixin.py:104} INFO - [2022-05-14 23:41:40,485] {dag.py:2305} INFO - Setting next_dagrun for myBranchCalendarDAG to 2022-05-14T00:00:00+00:00
[2022-05-14 23:41:40,496] {scheduler_job.py:190} INFO - Processing /opt/airflow/dags/my_BranchCalendatDAG.py took 0.066 seconds
[2022-05-14 23:42:10,945] {scheduler_job.py:182} INFO - Started process (PID=15186) to work on /opt/airflow/dags/my_BranchCalendatDAG.py
[2022-05-14 23:42:10,946] {scheduler_job.py:633} INFO - Processing file /opt/airflow/dags/my_BranchCalendatDAG.py for tasks to queue
[2022-05-14 23:42:10,946] {logging_mixin.py:104} INFO - [2022-05-14 23:42:10,946] {dagbag.py:487} INFO - Filling up the DagBag from /opt/airflow/dags/my_BranchCalendatDAG.py
[2022-05-14 23:42:10,955] {scheduler_job.py:643} INFO - DAG(s) dict_keys(['myBranchCalendarDAG']) retrieved from /opt/airflow/dags/my_BranchCalendatDAG.py
[2022-05-14 23:42:10,967] {logging_mixin.py:104} INFO - [2022-05-14 23:42:10,967] {dag.py:1832} INFO - Sync 1 DAGs
[2022-05-14 23:42:10,976] {logging_mixin.py:104} INFO - [2022-05-14 23:42:10,976] {dag.py:2305} INFO - Setting next_dagrun for myBranchCalendarDAG to 2022-05-14T00:00:00+00:00
[2022-05-14 23:42:10,981] {scheduler_job.py:190} INFO - Processing /opt/airflow/dags/my_BranchCalendatDAG.py took 0.038 seconds
[2022-05-14 23:42:41,495] {scheduler_job.py:182} INFO - Started process (PID=15241) to work on /opt/airflow/dags/my_BranchCalendatDAG.py
[2022-05-14 23:42:41,495] {scheduler_job.py:633} INFO - Processing file /opt/airflow/dags/my_BranchCalendatDAG.py for tasks to queue
[2022-05-14 23:42:41,496] {logging_mixin.py:104} INFO - [2022-05-14 23:42:41,496] {dagbag.py:487} INFO - Filling up the DagBag from /opt/airflow/dags/my_BranchCalendatDAG.py
[2022-05-14 23:42:41,506] {scheduler_job.py:643} INFO - DAG(s) dict_keys(['myBranchCalendarDAG']) retrieved from /opt/airflow/dags/my_BranchCalendatDAG.py
[2022-05-14 23:42:41,523] {logging_mixin.py:104} INFO - [2022-05-14 23:42:41,523] {dag.py:1832} INFO - Sync 1 DAGs
[2022-05-14 23:42:41,563] {logging_mixin.py:104} INFO - [2022-05-14 23:42:41,562] {dag.py:2305} INFO - Setting next_dagrun for myBranchCalendarDAG to 2022-05-14T00:00:00+00:00
[2022-05-14 23:42:41,571] {scheduler_job.py:190} INFO - Processing /opt/airflow/dags/my_BranchCalendatDAG.py took 0.078 seconds
[2022-05-14 23:43:11,994] {scheduler_job.py:182} INFO - Started process (PID=15296) to work on /opt/airflow/dags/my_BranchCalendatDAG.py
[2022-05-14 23:43:11,996] {scheduler_job.py:633} INFO - Processing file /opt/airflow/dags/my_BranchCalendatDAG.py for tasks to queue
[2022-05-14 23:43:11,997] {logging_mixin.py:104} INFO - [2022-05-14 23:43:11,996] {dagbag.py:487} INFO - Filling up the DagBag from /opt/airflow/dags/my_BranchCalendatDAG.py
[2022-05-14 23:43:12,009] {scheduler_job.py:643} INFO - DAG(s) dict_keys(['myBranchCalendarDAG']) retrieved from /opt/airflow/dags/my_BranchCalendatDAG.py
[2022-05-14 23:43:12,021] {logging_mixin.py:104} INFO - [2022-05-14 23:43:12,021] {dag.py:1832} INFO - Sync 1 DAGs
[2022-05-14 23:43:12,030] {logging_mixin.py:104} INFO - [2022-05-14 23:43:12,030] {dag.py:2305} INFO - Setting next_dagrun for myBranchCalendarDAG to 2022-05-14T00:00:00+00:00
[2022-05-14 23:43:12,036] {scheduler_job.py:190} INFO - Processing /opt/airflow/dags/my_BranchCalendatDAG.py took 0.045 seconds
[2022-05-14 23:43:42,453] {scheduler_job.py:182} INFO - Started process (PID=15351) to work on /opt/airflow/dags/my_BranchCalendatDAG.py
[2022-05-14 23:43:42,453] {scheduler_job.py:633} INFO - Processing file /opt/airflow/dags/my_BranchCalendatDAG.py for tasks to queue
[2022-05-14 23:43:42,454] {logging_mixin.py:104} INFO - [2022-05-14 23:43:42,454] {dagbag.py:487} INFO - Filling up the DagBag from /opt/airflow/dags/my_BranchCalendatDAG.py
[2022-05-14 23:43:42,465] {scheduler_job.py:643} INFO - DAG(s) dict_keys(['myBranchCalendarDAG']) retrieved from /opt/airflow/dags/my_BranchCalendatDAG.py
[2022-05-14 23:43:42,479] {logging_mixin.py:104} INFO - [2022-05-14 23:43:42,479] {dag.py:1832} INFO - Sync 1 DAGs
[2022-05-14 23:43:42,491] {logging_mixin.py:104} INFO - [2022-05-14 23:43:42,491] {dag.py:2305} INFO - Setting next_dagrun for myBranchCalendarDAG to 2022-05-14T00:00:00+00:00
[2022-05-14 23:43:42,500] {scheduler_job.py:190} INFO - Processing /opt/airflow/dags/my_BranchCalendatDAG.py took 0.049 seconds
[2022-05-14 23:44:12,964] {scheduler_job.py:182} INFO - Started process (PID=15406) to work on /opt/airflow/dags/my_BranchCalendatDAG.py
[2022-05-14 23:44:12,965] {scheduler_job.py:633} INFO - Processing file /opt/airflow/dags/my_BranchCalendatDAG.py for tasks to queue
[2022-05-14 23:44:12,965] {logging_mixin.py:104} INFO - [2022-05-14 23:44:12,965] {dagbag.py:487} INFO - Filling up the DagBag from /opt/airflow/dags/my_BranchCalendatDAG.py
[2022-05-14 23:44:12,974] {scheduler_job.py:643} INFO - DAG(s) dict_keys(['myBranchCalendarDAG']) retrieved from /opt/airflow/dags/my_BranchCalendatDAG.py
[2022-05-14 23:44:12,987] {logging_mixin.py:104} INFO - [2022-05-14 23:44:12,987] {dag.py:1832} INFO - Sync 1 DAGs
[2022-05-14 23:44:12,998] {logging_mixin.py:104} INFO - [2022-05-14 23:44:12,998] {dag.py:2305} INFO - Setting next_dagrun for myBranchCalendarDAG to 2022-05-14T00:00:00+00:00
[2022-05-14 23:44:13,009] {scheduler_job.py:190} INFO - Processing /opt/airflow/dags/my_BranchCalendatDAG.py took 0.047 seconds
[2022-05-14 23:44:43,511] {scheduler_job.py:182} INFO - Started process (PID=15461) to work on /opt/airflow/dags/my_BranchCalendatDAG.py
[2022-05-14 23:44:43,512] {scheduler_job.py:633} INFO - Processing file /opt/airflow/dags/my_BranchCalendatDAG.py for tasks to queue
[2022-05-14 23:44:43,513] {logging_mixin.py:104} INFO - [2022-05-14 23:44:43,513] {dagbag.py:487} INFO - Filling up the DagBag from /opt/airflow/dags/my_BranchCalendatDAG.py
[2022-05-14 23:44:43,533] {scheduler_job.py:643} INFO - DAG(s) dict_keys(['myBranchCalendarDAG']) retrieved from /opt/airflow/dags/my_BranchCalendatDAG.py
[2022-05-14 23:44:43,557] {logging_mixin.py:104} INFO - [2022-05-14 23:44:43,557] {dag.py:1832} INFO - Sync 1 DAGs
[2022-05-14 23:44:43,569] {logging_mixin.py:104} INFO - [2022-05-14 23:44:43,569] {dag.py:2305} INFO - Setting next_dagrun for myBranchCalendarDAG to 2022-05-14T00:00:00+00:00
[2022-05-14 23:44:43,575] {scheduler_job.py:190} INFO - Processing /opt/airflow/dags/my_BranchCalendatDAG.py took 0.067 seconds
[2022-05-14 23:45:14,137] {scheduler_job.py:182} INFO - Started process (PID=15516) to work on /opt/airflow/dags/my_BranchCalendatDAG.py
[2022-05-14 23:45:14,138] {scheduler_job.py:633} INFO - Processing file /opt/airflow/dags/my_BranchCalendatDAG.py for tasks to queue
[2022-05-14 23:45:14,138] {logging_mixin.py:104} INFO - [2022-05-14 23:45:14,138] {dagbag.py:487} INFO - Filling up the DagBag from /opt/airflow/dags/my_BranchCalendatDAG.py
[2022-05-14 23:45:14,147] {scheduler_job.py:643} INFO - DAG(s) dict_keys(['myBranchCalendarDAG']) retrieved from /opt/airflow/dags/my_BranchCalendatDAG.py
[2022-05-14 23:45:14,159] {logging_mixin.py:104} INFO - [2022-05-14 23:45:14,159] {dag.py:1832} INFO - Sync 1 DAGs
[2022-05-14 23:45:14,169] {logging_mixin.py:104} INFO - [2022-05-14 23:45:14,169] {dag.py:2305} INFO - Setting next_dagrun for myBranchCalendarDAG to 2022-05-14T00:00:00+00:00
[2022-05-14 23:45:14,174] {scheduler_job.py:190} INFO - Processing /opt/airflow/dags/my_BranchCalendatDAG.py took 0.039 seconds
[2022-05-14 23:45:44,806] {scheduler_job.py:182} INFO - Started process (PID=15571) to work on /opt/airflow/dags/my_BranchCalendatDAG.py
[2022-05-14 23:45:44,810] {scheduler_job.py:633} INFO - Processing file /opt/airflow/dags/my_BranchCalendatDAG.py for tasks to queue
[2022-05-14 23:45:44,812] {logging_mixin.py:104} INFO - [2022-05-14 23:45:44,812] {dagbag.py:487} INFO - Filling up the DagBag from /opt/airflow/dags/my_BranchCalendatDAG.py
[2022-05-14 23:45:44,853] {scheduler_job.py:643} INFO - DAG(s) dict_keys(['myBranchCalendarDAG']) retrieved from /opt/airflow/dags/my_BranchCalendatDAG.py
[2022-05-14 23:45:44,900] {logging_mixin.py:104} INFO - [2022-05-14 23:45:44,900] {dag.py:1832} INFO - Sync 1 DAGs
[2022-05-14 23:45:44,933] {logging_mixin.py:104} INFO - [2022-05-14 23:45:44,933] {dag.py:2305} INFO - Setting next_dagrun for myBranchCalendarDAG to 2022-05-14T00:00:00+00:00
[2022-05-14 23:45:44,946] {scheduler_job.py:190} INFO - Processing /opt/airflow/dags/my_BranchCalendatDAG.py took 0.148 seconds
[2022-05-14 23:46:15,307] {scheduler_job.py:182} INFO - Started process (PID=15626) to work on /opt/airflow/dags/my_BranchCalendatDAG.py
[2022-05-14 23:46:15,309] {scheduler_job.py:633} INFO - Processing file /opt/airflow/dags/my_BranchCalendatDAG.py for tasks to queue
[2022-05-14 23:46:15,310] {logging_mixin.py:104} INFO - [2022-05-14 23:46:15,310] {dagbag.py:487} INFO - Filling up the DagBag from /opt/airflow/dags/my_BranchCalendatDAG.py
[2022-05-14 23:46:15,332] {scheduler_job.py:643} INFO - DAG(s) dict_keys(['myBranchCalendarDAG']) retrieved from /opt/airflow/dags/my_BranchCalendatDAG.py
[2022-05-14 23:46:15,348] {logging_mixin.py:104} INFO - [2022-05-14 23:46:15,348] {dag.py:1832} INFO - Sync 1 DAGs
[2022-05-14 23:46:15,358] {logging_mixin.py:104} INFO - [2022-05-14 23:46:15,358] {dag.py:2305} INFO - Setting next_dagrun for myBranchCalendarDAG to 2022-05-14T00:00:00+00:00
[2022-05-14 23:46:15,364] {scheduler_job.py:190} INFO - Processing /opt/airflow/dags/my_BranchCalendatDAG.py took 0.065 seconds
[2022-05-14 23:46:45,843] {scheduler_job.py:182} INFO - Started process (PID=15681) to work on /opt/airflow/dags/my_BranchCalendatDAG.py
[2022-05-14 23:46:45,846] {scheduler_job.py:633} INFO - Processing file /opt/airflow/dags/my_BranchCalendatDAG.py for tasks to queue
[2022-05-14 23:46:45,848] {logging_mixin.py:104} INFO - [2022-05-14 23:46:45,847] {dagbag.py:487} INFO - Filling up the DagBag from /opt/airflow/dags/my_BranchCalendatDAG.py
[2022-05-14 23:46:45,890] {scheduler_job.py:643} INFO - DAG(s) dict_keys(['myBranchCalendarDAG']) retrieved from /opt/airflow/dags/my_BranchCalendatDAG.py
[2022-05-14 23:46:45,945] {logging_mixin.py:104} INFO - [2022-05-14 23:46:45,944] {dag.py:1832} INFO - Sync 1 DAGs
[2022-05-14 23:46:45,992] {logging_mixin.py:104} INFO - [2022-05-14 23:46:45,991] {dag.py:2305} INFO - Setting next_dagrun for myBranchCalendarDAG to 2022-05-14T00:00:00+00:00
[2022-05-14 23:46:46,023] {scheduler_job.py:190} INFO - Processing /opt/airflow/dags/my_BranchCalendatDAG.py took 0.189 seconds
[2022-05-14 23:47:16,411] {scheduler_job.py:182} INFO - Started process (PID=15736) to work on /opt/airflow/dags/my_BranchCalendatDAG.py
[2022-05-14 23:47:16,413] {scheduler_job.py:633} INFO - Processing file /opt/airflow/dags/my_BranchCalendatDAG.py for tasks to queue
[2022-05-14 23:47:16,415] {logging_mixin.py:104} INFO - [2022-05-14 23:47:16,414] {dagbag.py:487} INFO - Filling up the DagBag from /opt/airflow/dags/my_BranchCalendatDAG.py
[2022-05-14 23:47:16,435] {scheduler_job.py:643} INFO - DAG(s) dict_keys(['myBranchCalendarDAG']) retrieved from /opt/airflow/dags/my_BranchCalendatDAG.py
[2022-05-14 23:47:16,450] {logging_mixin.py:104} INFO - [2022-05-14 23:47:16,450] {dag.py:1832} INFO - Sync 1 DAGs
[2022-05-14 23:47:16,460] {logging_mixin.py:104} INFO - [2022-05-14 23:47:16,460] {dag.py:2305} INFO - Setting next_dagrun for myBranchCalendarDAG to 2022-05-14T00:00:00+00:00
[2022-05-14 23:47:16,472] {scheduler_job.py:190} INFO - Processing /opt/airflow/dags/my_BranchCalendatDAG.py took 0.068 seconds
[2022-05-14 23:47:46,890] {scheduler_job.py:182} INFO - Started process (PID=15791) to work on /opt/airflow/dags/my_BranchCalendatDAG.py
[2022-05-14 23:47:46,893] {scheduler_job.py:633} INFO - Processing file /opt/airflow/dags/my_BranchCalendatDAG.py for tasks to queue
[2022-05-14 23:47:46,894] {logging_mixin.py:104} INFO - [2022-05-14 23:47:46,894] {dagbag.py:487} INFO - Filling up the DagBag from /opt/airflow/dags/my_BranchCalendatDAG.py
[2022-05-14 23:47:46,915] {scheduler_job.py:643} INFO - DAG(s) dict_keys(['myBranchCalendarDAG']) retrieved from /opt/airflow/dags/my_BranchCalendatDAG.py
[2022-05-14 23:47:46,931] {logging_mixin.py:104} INFO - [2022-05-14 23:47:46,931] {dag.py:1832} INFO - Sync 1 DAGs
[2022-05-14 23:47:46,943] {logging_mixin.py:104} INFO - [2022-05-14 23:47:46,942] {dag.py:2305} INFO - Setting next_dagrun for myBranchCalendarDAG to 2022-05-14T00:00:00+00:00
[2022-05-14 23:47:46,948] {scheduler_job.py:190} INFO - Processing /opt/airflow/dags/my_BranchCalendatDAG.py took 0.065 seconds
[2022-05-14 23:48:17,723] {scheduler_job.py:182} INFO - Started process (PID=15846) to work on /opt/airflow/dags/my_BranchCalendatDAG.py
[2022-05-14 23:48:17,724] {scheduler_job.py:633} INFO - Processing file /opt/airflow/dags/my_BranchCalendatDAG.py for tasks to queue
[2022-05-14 23:48:17,724] {logging_mixin.py:104} INFO - [2022-05-14 23:48:17,724] {dagbag.py:487} INFO - Filling up the DagBag from /opt/airflow/dags/my_BranchCalendatDAG.py
[2022-05-14 23:48:17,739] {scheduler_job.py:643} INFO - DAG(s) dict_keys(['myBranchCalendarDAG']) retrieved from /opt/airflow/dags/my_BranchCalendatDAG.py
[2022-05-14 23:48:17,760] {logging_mixin.py:104} INFO - [2022-05-14 23:48:17,760] {dag.py:1832} INFO - Sync 1 DAGs
[2022-05-14 23:48:17,773] {logging_mixin.py:104} INFO - [2022-05-14 23:48:17,772] {dag.py:2305} INFO - Setting next_dagrun for myBranchCalendarDAG to 2022-05-14T00:00:00+00:00
[2022-05-14 23:48:17,778] {scheduler_job.py:190} INFO - Processing /opt/airflow/dags/my_BranchCalendatDAG.py took 0.058 seconds
[2022-05-14 23:48:48,276] {scheduler_job.py:182} INFO - Started process (PID=15901) to work on /opt/airflow/dags/my_BranchCalendatDAG.py
[2022-05-14 23:48:48,280] {scheduler_job.py:633} INFO - Processing file /opt/airflow/dags/my_BranchCalendatDAG.py for tasks to queue
[2022-05-14 23:48:48,281] {logging_mixin.py:104} INFO - [2022-05-14 23:48:48,281] {dagbag.py:487} INFO - Filling up the DagBag from /opt/airflow/dags/my_BranchCalendatDAG.py
[2022-05-14 23:48:48,303] {scheduler_job.py:643} INFO - DAG(s) dict_keys(['myBranchCalendarDAG']) retrieved from /opt/airflow/dags/my_BranchCalendatDAG.py
[2022-05-14 23:48:48,319] {logging_mixin.py:104} INFO - [2022-05-14 23:48:48,319] {dag.py:1832} INFO - Sync 1 DAGs
[2022-05-14 23:48:48,329] {logging_mixin.py:104} INFO - [2022-05-14 23:48:48,329] {dag.py:2305} INFO - Setting next_dagrun for myBranchCalendarDAG to 2022-05-14T00:00:00+00:00
[2022-05-14 23:48:48,334] {scheduler_job.py:190} INFO - Processing /opt/airflow/dags/my_BranchCalendatDAG.py took 0.065 seconds
[2022-05-14 23:49:18,844] {scheduler_job.py:182} INFO - Started process (PID=15956) to work on /opt/airflow/dags/my_BranchCalendatDAG.py
[2022-05-14 23:49:18,846] {scheduler_job.py:633} INFO - Processing file /opt/airflow/dags/my_BranchCalendatDAG.py for tasks to queue
[2022-05-14 23:49:18,847] {logging_mixin.py:104} INFO - [2022-05-14 23:49:18,847] {dagbag.py:487} INFO - Filling up the DagBag from /opt/airflow/dags/my_BranchCalendatDAG.py
[2022-05-14 23:49:18,872] {scheduler_job.py:643} INFO - DAG(s) dict_keys(['myBranchCalendarDAG']) retrieved from /opt/airflow/dags/my_BranchCalendatDAG.py
[2022-05-14 23:49:18,888] {logging_mixin.py:104} INFO - [2022-05-14 23:49:18,888] {dag.py:1832} INFO - Sync 1 DAGs
[2022-05-14 23:49:18,899] {logging_mixin.py:104} INFO - [2022-05-14 23:49:18,899] {dag.py:2305} INFO - Setting next_dagrun for myBranchCalendarDAG to 2022-05-14T00:00:00+00:00
[2022-05-14 23:49:18,910] {scheduler_job.py:190} INFO - Processing /opt/airflow/dags/my_BranchCalendatDAG.py took 0.073 seconds
[2022-05-14 23:49:49,398] {scheduler_job.py:182} INFO - Started process (PID=16016) to work on /opt/airflow/dags/my_BranchCalendatDAG.py
[2022-05-14 23:49:49,401] {scheduler_job.py:633} INFO - Processing file /opt/airflow/dags/my_BranchCalendatDAG.py for tasks to queue
[2022-05-14 23:49:49,403] {logging_mixin.py:104} INFO - [2022-05-14 23:49:49,403] {dagbag.py:487} INFO - Filling up the DagBag from /opt/airflow/dags/my_BranchCalendatDAG.py
[2022-05-14 23:49:49,425] {scheduler_job.py:643} INFO - DAG(s) dict_keys(['myBranchCalendarDAG']) retrieved from /opt/airflow/dags/my_BranchCalendatDAG.py
[2022-05-14 23:49:49,437] {logging_mixin.py:104} INFO - [2022-05-14 23:49:49,437] {dag.py:1832} INFO - Sync 1 DAGs
[2022-05-14 23:49:49,447] {logging_mixin.py:104} INFO - [2022-05-14 23:49:49,447] {dag.py:2305} INFO - Setting next_dagrun for myBranchCalendarDAG to 2022-05-14T00:00:00+00:00
[2022-05-14 23:49:49,452] {scheduler_job.py:190} INFO - Processing /opt/airflow/dags/my_BranchCalendatDAG.py took 0.062 seconds
[2022-05-14 23:50:19,922] {scheduler_job.py:182} INFO - Started process (PID=16076) to work on /opt/airflow/dags/my_BranchCalendatDAG.py
[2022-05-14 23:50:19,923] {scheduler_job.py:633} INFO - Processing file /opt/airflow/dags/my_BranchCalendatDAG.py for tasks to queue
[2022-05-14 23:50:19,924] {logging_mixin.py:104} INFO - [2022-05-14 23:50:19,924] {dagbag.py:487} INFO - Filling up the DagBag from /opt/airflow/dags/my_BranchCalendatDAG.py
[2022-05-14 23:50:19,939] {scheduler_job.py:643} INFO - DAG(s) dict_keys(['myBranchCalendarDAG']) retrieved from /opt/airflow/dags/my_BranchCalendatDAG.py
[2022-05-14 23:50:20,076] {logging_mixin.py:104} INFO - [2022-05-14 23:50:20,076] {dag.py:1832} INFO - Sync 1 DAGs
[2022-05-14 23:50:20,084] {logging_mixin.py:104} INFO - [2022-05-14 23:50:20,084] {dag.py:2305} INFO - Setting next_dagrun for myBranchCalendarDAG to 2022-05-14T00:00:00+00:00
[2022-05-14 23:50:20,091] {scheduler_job.py:190} INFO - Processing /opt/airflow/dags/my_BranchCalendatDAG.py took 0.175 seconds
[2022-05-14 23:50:50,405] {scheduler_job.py:182} INFO - Started process (PID=16136) to work on /opt/airflow/dags/my_BranchCalendatDAG.py
[2022-05-14 23:50:50,407] {scheduler_job.py:633} INFO - Processing file /opt/airflow/dags/my_BranchCalendatDAG.py for tasks to queue
[2022-05-14 23:50:50,409] {logging_mixin.py:104} INFO - [2022-05-14 23:50:50,408] {dagbag.py:487} INFO - Filling up the DagBag from /opt/airflow/dags/my_BranchCalendatDAG.py
[2022-05-14 23:50:50,431] {scheduler_job.py:643} INFO - DAG(s) dict_keys(['myBranchCalendarDAG']) retrieved from /opt/airflow/dags/my_BranchCalendatDAG.py
[2022-05-14 23:50:50,445] {logging_mixin.py:104} INFO - [2022-05-14 23:50:50,444] {dag.py:1832} INFO - Sync 1 DAGs
[2022-05-14 23:50:50,453] {logging_mixin.py:104} INFO - [2022-05-14 23:50:50,453] {dag.py:2305} INFO - Setting next_dagrun for myBranchCalendarDAG to 2022-05-14T00:00:00+00:00
[2022-05-14 23:50:50,458] {scheduler_job.py:190} INFO - Processing /opt/airflow/dags/my_BranchCalendatDAG.py took 0.063 seconds
[2022-05-14 23:51:20,943] {scheduler_job.py:182} INFO - Started process (PID=16196) to work on /opt/airflow/dags/my_BranchCalendatDAG.py
[2022-05-14 23:51:20,944] {scheduler_job.py:633} INFO - Processing file /opt/airflow/dags/my_BranchCalendatDAG.py for tasks to queue
[2022-05-14 23:51:20,944] {logging_mixin.py:104} INFO - [2022-05-14 23:51:20,944] {dagbag.py:487} INFO - Filling up the DagBag from /opt/airflow/dags/my_BranchCalendatDAG.py
[2022-05-14 23:51:20,955] {scheduler_job.py:643} INFO - DAG(s) dict_keys(['myBranchCalendarDAG']) retrieved from /opt/airflow/dags/my_BranchCalendatDAG.py
[2022-05-14 23:51:20,966] {logging_mixin.py:104} INFO - [2022-05-14 23:51:20,966] {dag.py:1832} INFO - Sync 1 DAGs
[2022-05-14 23:51:20,978] {logging_mixin.py:104} INFO - [2022-05-14 23:51:20,978] {dag.py:2305} INFO - Setting next_dagrun for myBranchCalendarDAG to 2022-05-14T00:00:00+00:00
[2022-05-14 23:51:20,983] {scheduler_job.py:190} INFO - Processing /opt/airflow/dags/my_BranchCalendatDAG.py took 0.042 seconds
[2022-05-14 23:51:51,434] {scheduler_job.py:182} INFO - Started process (PID=16256) to work on /opt/airflow/dags/my_BranchCalendatDAG.py
[2022-05-14 23:51:51,435] {scheduler_job.py:633} INFO - Processing file /opt/airflow/dags/my_BranchCalendatDAG.py for tasks to queue
[2022-05-14 23:51:51,436] {logging_mixin.py:104} INFO - [2022-05-14 23:51:51,436] {dagbag.py:487} INFO - Filling up the DagBag from /opt/airflow/dags/my_BranchCalendatDAG.py
[2022-05-14 23:51:51,451] {scheduler_job.py:643} INFO - DAG(s) dict_keys(['myBranchCalendarDAG']) retrieved from /opt/airflow/dags/my_BranchCalendatDAG.py
[2022-05-14 23:51:51,597] {logging_mixin.py:104} INFO - [2022-05-14 23:51:51,597] {dag.py:1832} INFO - Sync 1 DAGs
[2022-05-14 23:51:51,606] {logging_mixin.py:104} INFO - [2022-05-14 23:51:51,606] {dag.py:2305} INFO - Setting next_dagrun for myBranchCalendarDAG to 2022-05-14T00:00:00+00:00
[2022-05-14 23:51:51,612] {scheduler_job.py:190} INFO - Processing /opt/airflow/dags/my_BranchCalendatDAG.py took 0.185 seconds
[2022-05-14 23:52:21,847] {scheduler_job.py:182} INFO - Started process (PID=16316) to work on /opt/airflow/dags/my_BranchCalendatDAG.py
[2022-05-14 23:52:21,849] {scheduler_job.py:633} INFO - Processing file /opt/airflow/dags/my_BranchCalendatDAG.py for tasks to queue
[2022-05-14 23:52:21,849] {logging_mixin.py:104} INFO - [2022-05-14 23:52:21,849] {dagbag.py:487} INFO - Filling up the DagBag from /opt/airflow/dags/my_BranchCalendatDAG.py
[2022-05-14 23:52:21,863] {scheduler_job.py:643} INFO - DAG(s) dict_keys(['myBranchCalendarDAG']) retrieved from /opt/airflow/dags/my_BranchCalendatDAG.py
[2022-05-14 23:52:21,877] {logging_mixin.py:104} INFO - [2022-05-14 23:52:21,877] {dag.py:1832} INFO - Sync 1 DAGs
[2022-05-14 23:52:21,887] {logging_mixin.py:104} INFO - [2022-05-14 23:52:21,887] {dag.py:2305} INFO - Setting next_dagrun for myBranchCalendarDAG to 2022-05-14T00:00:00+00:00
[2022-05-14 23:52:21,892] {scheduler_job.py:190} INFO - Processing /opt/airflow/dags/my_BranchCalendatDAG.py took 0.049 seconds
[2022-05-14 23:52:52,336] {scheduler_job.py:182} INFO - Started process (PID=16376) to work on /opt/airflow/dags/my_BranchCalendatDAG.py
[2022-05-14 23:52:52,337] {scheduler_job.py:633} INFO - Processing file /opt/airflow/dags/my_BranchCalendatDAG.py for tasks to queue
[2022-05-14 23:52:52,337] {logging_mixin.py:104} INFO - [2022-05-14 23:52:52,337] {dagbag.py:487} INFO - Filling up the DagBag from /opt/airflow/dags/my_BranchCalendatDAG.py
[2022-05-14 23:52:52,347] {scheduler_job.py:643} INFO - DAG(s) dict_keys(['myBranchCalendarDAG']) retrieved from /opt/airflow/dags/my_BranchCalendatDAG.py
[2022-05-14 23:52:52,356] {logging_mixin.py:104} INFO - [2022-05-14 23:52:52,356] {dag.py:1832} INFO - Sync 1 DAGs
[2022-05-14 23:52:52,366] {logging_mixin.py:104} INFO - [2022-05-14 23:52:52,366] {dag.py:2305} INFO - Setting next_dagrun for myBranchCalendarDAG to 2022-05-14T00:00:00+00:00
[2022-05-14 23:52:52,380] {scheduler_job.py:190} INFO - Processing /opt/airflow/dags/my_BranchCalendatDAG.py took 0.046 seconds
[2022-05-14 23:53:22,861] {scheduler_job.py:182} INFO - Started process (PID=16436) to work on /opt/airflow/dags/my_BranchCalendatDAG.py
[2022-05-14 23:53:22,862] {scheduler_job.py:633} INFO - Processing file /opt/airflow/dags/my_BranchCalendatDAG.py for tasks to queue
[2022-05-14 23:53:22,864] {logging_mixin.py:104} INFO - [2022-05-14 23:53:22,863] {dagbag.py:487} INFO - Filling up the DagBag from /opt/airflow/dags/my_BranchCalendatDAG.py
[2022-05-14 23:53:22,880] {scheduler_job.py:643} INFO - DAG(s) dict_keys(['myBranchCalendarDAG']) retrieved from /opt/airflow/dags/my_BranchCalendatDAG.py
[2022-05-14 23:53:22,894] {logging_mixin.py:104} INFO - [2022-05-14 23:53:22,894] {dag.py:1832} INFO - Sync 1 DAGs
[2022-05-14 23:53:22,910] {logging_mixin.py:104} INFO - [2022-05-14 23:53:22,909] {dag.py:2305} INFO - Setting next_dagrun for myBranchCalendarDAG to 2022-05-14T00:00:00+00:00
[2022-05-14 23:53:22,921] {scheduler_job.py:190} INFO - Processing /opt/airflow/dags/my_BranchCalendatDAG.py took 0.066 seconds
[2022-05-14 23:53:53,381] {scheduler_job.py:182} INFO - Started process (PID=16496) to work on /opt/airflow/dags/my_BranchCalendatDAG.py
[2022-05-14 23:53:53,384] {scheduler_job.py:633} INFO - Processing file /opt/airflow/dags/my_BranchCalendatDAG.py for tasks to queue
[2022-05-14 23:53:53,385] {logging_mixin.py:104} INFO - [2022-05-14 23:53:53,385] {dagbag.py:487} INFO - Filling up the DagBag from /opt/airflow/dags/my_BranchCalendatDAG.py
[2022-05-14 23:53:53,408] {scheduler_job.py:643} INFO - DAG(s) dict_keys(['myBranchCalendarDAG']) retrieved from /opt/airflow/dags/my_BranchCalendatDAG.py
[2022-05-14 23:53:53,551] {logging_mixin.py:104} INFO - [2022-05-14 23:53:53,550] {dag.py:1832} INFO - Sync 1 DAGs
[2022-05-14 23:53:53,559] {logging_mixin.py:104} INFO - [2022-05-14 23:53:53,559] {dag.py:2305} INFO - Setting next_dagrun for myBranchCalendarDAG to 2022-05-14T00:00:00+00:00
[2022-05-14 23:53:53,565] {scheduler_job.py:190} INFO - Processing /opt/airflow/dags/my_BranchCalendatDAG.py took 0.194 seconds
[2022-05-14 23:54:24,047] {scheduler_job.py:182} INFO - Started process (PID=16556) to work on /opt/airflow/dags/my_BranchCalendatDAG.py
[2022-05-14 23:54:24,049] {scheduler_job.py:633} INFO - Processing file /opt/airflow/dags/my_BranchCalendatDAG.py for tasks to queue
[2022-05-14 23:54:24,049] {logging_mixin.py:104} INFO - [2022-05-14 23:54:24,049] {dagbag.py:487} INFO - Filling up the DagBag from /opt/airflow/dags/my_BranchCalendatDAG.py
[2022-05-14 23:54:24,060] {scheduler_job.py:643} INFO - DAG(s) dict_keys(['myBranchCalendarDAG']) retrieved from /opt/airflow/dags/my_BranchCalendatDAG.py
[2022-05-14 23:54:24,074] {logging_mixin.py:104} INFO - [2022-05-14 23:54:24,074] {dag.py:1832} INFO - Sync 1 DAGs
[2022-05-14 23:54:24,084] {logging_mixin.py:104} INFO - [2022-05-14 23:54:24,084] {dag.py:2305} INFO - Setting next_dagrun for myBranchCalendarDAG to 2022-05-14T00:00:00+00:00
[2022-05-14 23:54:24,089] {scheduler_job.py:190} INFO - Processing /opt/airflow/dags/my_BranchCalendatDAG.py took 0.044 seconds
[2022-05-14 23:54:54,579] {scheduler_job.py:182} INFO - Started process (PID=16616) to work on /opt/airflow/dags/my_BranchCalendatDAG.py
[2022-05-14 23:54:54,580] {scheduler_job.py:633} INFO - Processing file /opt/airflow/dags/my_BranchCalendatDAG.py for tasks to queue
[2022-05-14 23:54:54,581] {logging_mixin.py:104} INFO - [2022-05-14 23:54:54,581] {dagbag.py:487} INFO - Filling up the DagBag from /opt/airflow/dags/my_BranchCalendatDAG.py
[2022-05-14 23:54:54,600] {scheduler_job.py:643} INFO - DAG(s) dict_keys(['myBranchCalendarDAG']) retrieved from /opt/airflow/dags/my_BranchCalendatDAG.py
[2022-05-14 23:54:54,615] {logging_mixin.py:104} INFO - [2022-05-14 23:54:54,615] {dag.py:1832} INFO - Sync 1 DAGs
[2022-05-14 23:54:54,629] {logging_mixin.py:104} INFO - [2022-05-14 23:54:54,629] {dag.py:2305} INFO - Setting next_dagrun for myBranchCalendarDAG to 2022-05-14T00:00:00+00:00
[2022-05-14 23:54:54,637] {scheduler_job.py:190} INFO - Processing /opt/airflow/dags/my_BranchCalendatDAG.py took 0.063 seconds
[2022-05-14 23:55:25,059] {scheduler_job.py:182} INFO - Started process (PID=16676) to work on /opt/airflow/dags/my_BranchCalendatDAG.py
[2022-05-14 23:55:25,060] {scheduler_job.py:633} INFO - Processing file /opt/airflow/dags/my_BranchCalendatDAG.py for tasks to queue
[2022-05-14 23:55:25,060] {logging_mixin.py:104} INFO - [2022-05-14 23:55:25,060] {dagbag.py:487} INFO - Filling up the DagBag from /opt/airflow/dags/my_BranchCalendatDAG.py
[2022-05-14 23:55:25,074] {scheduler_job.py:643} INFO - DAG(s) dict_keys(['myBranchCalendarDAG']) retrieved from /opt/airflow/dags/my_BranchCalendatDAG.py
[2022-05-14 23:55:25,213] {logging_mixin.py:104} INFO - [2022-05-14 23:55:25,213] {dag.py:1832} INFO - Sync 1 DAGs
[2022-05-14 23:55:25,222] {logging_mixin.py:104} INFO - [2022-05-14 23:55:25,222] {dag.py:2305} INFO - Setting next_dagrun for myBranchCalendarDAG to 2022-05-14T00:00:00+00:00
[2022-05-14 23:55:25,227] {scheduler_job.py:190} INFO - Processing /opt/airflow/dags/my_BranchCalendatDAG.py took 0.173 seconds
[2022-05-14 23:55:55,520] {scheduler_job.py:182} INFO - Started process (PID=16736) to work on /opt/airflow/dags/my_BranchCalendatDAG.py
[2022-05-14 23:55:55,522] {scheduler_job.py:633} INFO - Processing file /opt/airflow/dags/my_BranchCalendatDAG.py for tasks to queue
[2022-05-14 23:55:55,524] {logging_mixin.py:104} INFO - [2022-05-14 23:55:55,524] {dagbag.py:487} INFO - Filling up the DagBag from /opt/airflow/dags/my_BranchCalendatDAG.py
[2022-05-14 23:55:55,548] {scheduler_job.py:643} INFO - DAG(s) dict_keys(['myBranchCalendarDAG']) retrieved from /opt/airflow/dags/my_BranchCalendatDAG.py
[2022-05-14 23:55:55,563] {logging_mixin.py:104} INFO - [2022-05-14 23:55:55,563] {dag.py:1832} INFO - Sync 1 DAGs
[2022-05-14 23:55:55,573] {logging_mixin.py:104} INFO - [2022-05-14 23:55:55,572] {dag.py:2305} INFO - Setting next_dagrun for myBranchCalendarDAG to 2022-05-14T00:00:00+00:00
[2022-05-14 23:55:55,577] {scheduler_job.py:190} INFO - Processing /opt/airflow/dags/my_BranchCalendatDAG.py took 0.065 seconds
[2022-05-14 23:56:26,054] {scheduler_job.py:182} INFO - Started process (PID=16796) to work on /opt/airflow/dags/my_BranchCalendatDAG.py
[2022-05-14 23:56:26,055] {scheduler_job.py:633} INFO - Processing file /opt/airflow/dags/my_BranchCalendatDAG.py for tasks to queue
[2022-05-14 23:56:26,056] {logging_mixin.py:104} INFO - [2022-05-14 23:56:26,056] {dagbag.py:487} INFO - Filling up the DagBag from /opt/airflow/dags/my_BranchCalendatDAG.py
[2022-05-14 23:56:26,066] {scheduler_job.py:643} INFO - DAG(s) dict_keys(['myBranchCalendarDAG']) retrieved from /opt/airflow/dags/my_BranchCalendatDAG.py
[2022-05-14 23:56:26,075] {logging_mixin.py:104} INFO - [2022-05-14 23:56:26,075] {dag.py:1832} INFO - Sync 1 DAGs
[2022-05-14 23:56:26,085] {logging_mixin.py:104} INFO - [2022-05-14 23:56:26,085] {dag.py:2305} INFO - Setting next_dagrun for myBranchCalendarDAG to 2022-05-14T00:00:00+00:00
[2022-05-14 23:56:26,090] {scheduler_job.py:190} INFO - Processing /opt/airflow/dags/my_BranchCalendatDAG.py took 0.038 seconds
[2022-05-14 23:56:56,554] {scheduler_job.py:182} INFO - Started process (PID=16856) to work on /opt/airflow/dags/my_BranchCalendatDAG.py
[2022-05-14 23:56:56,556] {scheduler_job.py:633} INFO - Processing file /opt/airflow/dags/my_BranchCalendatDAG.py for tasks to queue
[2022-05-14 23:56:56,557] {logging_mixin.py:104} INFO - [2022-05-14 23:56:56,557] {dagbag.py:487} INFO - Filling up the DagBag from /opt/airflow/dags/my_BranchCalendatDAG.py
[2022-05-14 23:56:56,572] {scheduler_job.py:643} INFO - DAG(s) dict_keys(['myBranchCalendarDAG']) retrieved from /opt/airflow/dags/my_BranchCalendatDAG.py
[2022-05-14 23:56:56,584] {logging_mixin.py:104} INFO - [2022-05-14 23:56:56,584] {dag.py:1832} INFO - Sync 1 DAGs
[2022-05-14 23:56:56,594] {logging_mixin.py:104} INFO - [2022-05-14 23:56:56,594] {dag.py:2305} INFO - Setting next_dagrun for myBranchCalendarDAG to 2022-05-14T00:00:00+00:00
[2022-05-14 23:56:56,603] {scheduler_job.py:190} INFO - Processing /opt/airflow/dags/my_BranchCalendatDAG.py took 0.054 seconds
[2022-05-14 23:57:27,351] {scheduler_job.py:182} INFO - Started process (PID=16916) to work on /opt/airflow/dags/my_BranchCalendatDAG.py
[2022-05-14 23:57:27,352] {scheduler_job.py:633} INFO - Processing file /opt/airflow/dags/my_BranchCalendatDAG.py for tasks to queue
[2022-05-14 23:57:27,353] {logging_mixin.py:104} INFO - [2022-05-14 23:57:27,352] {dagbag.py:487} INFO - Filling up the DagBag from /opt/airflow/dags/my_BranchCalendatDAG.py
[2022-05-14 23:57:27,369] {scheduler_job.py:643} INFO - DAG(s) dict_keys(['myBranchCalendarDAG']) retrieved from /opt/airflow/dags/my_BranchCalendatDAG.py
[2022-05-14 23:57:27,390] {logging_mixin.py:104} INFO - [2022-05-14 23:57:27,390] {dag.py:1832} INFO - Sync 1 DAGs
[2022-05-14 23:57:27,410] {logging_mixin.py:104} INFO - [2022-05-14 23:57:27,410] {dag.py:2305} INFO - Setting next_dagrun for myBranchCalendarDAG to 2022-05-14T00:00:00+00:00
[2022-05-14 23:57:27,419] {scheduler_job.py:190} INFO - Processing /opt/airflow/dags/my_BranchCalendatDAG.py took 0.071 seconds
[2022-05-14 23:57:57,869] {scheduler_job.py:182} INFO - Started process (PID=16976) to work on /opt/airflow/dags/my_BranchCalendatDAG.py
[2022-05-14 23:57:57,870] {scheduler_job.py:633} INFO - Processing file /opt/airflow/dags/my_BranchCalendatDAG.py for tasks to queue
[2022-05-14 23:57:57,871] {logging_mixin.py:104} INFO - [2022-05-14 23:57:57,871] {dagbag.py:487} INFO - Filling up the DagBag from /opt/airflow/dags/my_BranchCalendatDAG.py
[2022-05-14 23:57:57,885] {scheduler_job.py:643} INFO - DAG(s) dict_keys(['myBranchCalendarDAG']) retrieved from /opt/airflow/dags/my_BranchCalendatDAG.py
[2022-05-14 23:57:58,056] {logging_mixin.py:104} INFO - [2022-05-14 23:57:58,056] {dag.py:1832} INFO - Sync 1 DAGs
[2022-05-14 23:57:58,066] {logging_mixin.py:104} INFO - [2022-05-14 23:57:58,066] {dag.py:2305} INFO - Setting next_dagrun for myBranchCalendarDAG to 2022-05-14T00:00:00+00:00
[2022-05-14 23:57:58,078] {scheduler_job.py:190} INFO - Processing /opt/airflow/dags/my_BranchCalendatDAG.py took 0.212 seconds
[2022-05-14 23:58:28,351] {scheduler_job.py:182} INFO - Started process (PID=17036) to work on /opt/airflow/dags/my_BranchCalendatDAG.py
[2022-05-14 23:58:28,352] {scheduler_job.py:633} INFO - Processing file /opt/airflow/dags/my_BranchCalendatDAG.py for tasks to queue
[2022-05-14 23:58:28,353] {logging_mixin.py:104} INFO - [2022-05-14 23:58:28,353] {dagbag.py:487} INFO - Filling up the DagBag from /opt/airflow/dags/my_BranchCalendatDAG.py
[2022-05-14 23:58:28,373] {scheduler_job.py:643} INFO - DAG(s) dict_keys(['myBranchCalendarDAG']) retrieved from /opt/airflow/dags/my_BranchCalendatDAG.py
[2022-05-14 23:58:28,396] {logging_mixin.py:104} INFO - [2022-05-14 23:58:28,396] {dag.py:1832} INFO - Sync 1 DAGs
[2022-05-14 23:58:28,410] {logging_mixin.py:104} INFO - [2022-05-14 23:58:28,410] {dag.py:2305} INFO - Setting next_dagrun for myBranchCalendarDAG to 2022-05-14T00:00:00+00:00
[2022-05-14 23:58:28,417] {scheduler_job.py:190} INFO - Processing /opt/airflow/dags/my_BranchCalendatDAG.py took 0.069 seconds
[2022-05-14 23:58:58,844] {scheduler_job.py:182} INFO - Started process (PID=17096) to work on /opt/airflow/dags/my_BranchCalendatDAG.py
[2022-05-14 23:58:58,845] {scheduler_job.py:633} INFO - Processing file /opt/airflow/dags/my_BranchCalendatDAG.py for tasks to queue
[2022-05-14 23:58:58,846] {logging_mixin.py:104} INFO - [2022-05-14 23:58:58,846] {dagbag.py:487} INFO - Filling up the DagBag from /opt/airflow/dags/my_BranchCalendatDAG.py
[2022-05-14 23:58:58,864] {scheduler_job.py:643} INFO - DAG(s) dict_keys(['myBranchCalendarDAG']) retrieved from /opt/airflow/dags/my_BranchCalendatDAG.py
[2022-05-14 23:58:58,883] {logging_mixin.py:104} INFO - [2022-05-14 23:58:58,883] {dag.py:1832} INFO - Sync 1 DAGs
[2022-05-14 23:58:58,895] {logging_mixin.py:104} INFO - [2022-05-14 23:58:58,895] {dag.py:2305} INFO - Setting next_dagrun for myBranchCalendarDAG to 2022-05-14T00:00:00+00:00
[2022-05-14 23:58:58,903] {scheduler_job.py:190} INFO - Processing /opt/airflow/dags/my_BranchCalendatDAG.py took 0.064 seconds
[2022-05-14 23:59:29,401] {scheduler_job.py:182} INFO - Started process (PID=17156) to work on /opt/airflow/dags/my_BranchCalendatDAG.py
[2022-05-14 23:59:29,403] {scheduler_job.py:633} INFO - Processing file /opt/airflow/dags/my_BranchCalendatDAG.py for tasks to queue
[2022-05-14 23:59:29,404] {logging_mixin.py:104} INFO - [2022-05-14 23:59:29,403] {dagbag.py:487} INFO - Filling up the DagBag from /opt/airflow/dags/my_BranchCalendatDAG.py
[2022-05-14 23:59:29,421] {scheduler_job.py:643} INFO - DAG(s) dict_keys(['myBranchCalendarDAG']) retrieved from /opt/airflow/dags/my_BranchCalendatDAG.py
[2022-05-14 23:59:29,436] {logging_mixin.py:104} INFO - [2022-05-14 23:59:29,436] {dag.py:1832} INFO - Sync 1 DAGs
[2022-05-14 23:59:29,444] {logging_mixin.py:104} INFO - [2022-05-14 23:59:29,444] {dag.py:2305} INFO - Setting next_dagrun for myBranchCalendarDAG to 2022-05-14T00:00:00+00:00
[2022-05-14 23:59:29,456] {scheduler_job.py:190} INFO - Processing /opt/airflow/dags/my_BranchCalendatDAG.py took 0.063 seconds
