[2022-05-14 20:49:03,620] {scheduler_job.py:182} INFO - Started process (PID=162) to work on /opt/airflow/dags/my_dashDAG.py
[2022-05-14 20:49:03,620] {scheduler_job.py:633} INFO - Processing file /opt/airflow/dags/my_dashDAG.py for tasks to queue
[2022-05-14 20:49:03,621] {logging_mixin.py:104} INFO - [2022-05-14 20:49:03,620] {dagbag.py:487} INFO - Filling up the DagBag from /opt/airflow/dags/my_dashDAG.py
[2022-05-14 20:49:03,630] {scheduler_job.py:643} INFO - DAG(s) dict_keys(['myBashDAG']) retrieved from /opt/airflow/dags/my_dashDAG.py
[2022-05-14 20:49:05,171] {logging_mixin.py:104} INFO - [2022-05-14 20:49:05,171] {dag.py:1832} INFO - Sync 1 DAGs
[2022-05-14 20:49:05,177] {logging_mixin.py:104} INFO - [2022-05-14 20:49:05,177] {dag.py:1851} INFO - Creating ORM DAG for myBashDAG
[2022-05-14 20:49:05,183] {logging_mixin.py:104} INFO - [2022-05-14 20:49:05,183] {dag.py:2305} INFO - Setting next_dagrun for myBashDAG to 2022-05-14T00:00:00+00:00
[2022-05-14 20:49:05,188] {scheduler_job.py:190} INFO - Processing /opt/airflow/dags/my_dashDAG.py took 1.571 seconds
[2022-05-14 20:49:35,413] {scheduler_job.py:182} INFO - Started process (PID=236) to work on /opt/airflow/dags/my_dashDAG.py
[2022-05-14 20:49:35,415] {scheduler_job.py:633} INFO - Processing file /opt/airflow/dags/my_dashDAG.py for tasks to queue
[2022-05-14 20:49:35,416] {logging_mixin.py:104} INFO - [2022-05-14 20:49:35,416] {dagbag.py:487} INFO - Filling up the DagBag from /opt/airflow/dags/my_dashDAG.py
[2022-05-14 20:49:35,440] {scheduler_job.py:643} INFO - DAG(s) dict_keys(['myBashDAG']) retrieved from /opt/airflow/dags/my_dashDAG.py
[2022-05-14 20:49:35,460] {logging_mixin.py:104} INFO - [2022-05-14 20:49:35,460] {dag.py:1832} INFO - Sync 1 DAGs
[2022-05-14 20:49:35,473] {logging_mixin.py:104} INFO - [2022-05-14 20:49:35,473] {dag.py:2305} INFO - Setting next_dagrun for myBashDAG to 2022-05-14T00:00:00+00:00
[2022-05-14 20:49:35,486] {scheduler_job.py:190} INFO - Processing /opt/airflow/dags/my_dashDAG.py took 0.080 seconds
[2022-05-14 20:50:05,792] {scheduler_job.py:182} INFO - Started process (PID=287) to work on /opt/airflow/dags/my_dashDAG.py
[2022-05-14 20:50:05,794] {scheduler_job.py:633} INFO - Processing file /opt/airflow/dags/my_dashDAG.py for tasks to queue
[2022-05-14 20:50:05,796] {logging_mixin.py:104} INFO - [2022-05-14 20:50:05,795] {dagbag.py:487} INFO - Filling up the DagBag from /opt/airflow/dags/my_dashDAG.py
[2022-05-14 20:50:05,815] {scheduler_job.py:643} INFO - DAG(s) dict_keys(['myBashDAG']) retrieved from /opt/airflow/dags/my_dashDAG.py
[2022-05-14 20:50:05,832] {logging_mixin.py:104} INFO - [2022-05-14 20:50:05,832] {dag.py:1832} INFO - Sync 1 DAGs
[2022-05-14 20:50:05,843] {logging_mixin.py:104} INFO - [2022-05-14 20:50:05,843] {dag.py:2305} INFO - Setting next_dagrun for myBashDAG to 2022-05-14T00:00:00+00:00
[2022-05-14 20:50:05,855] {scheduler_job.py:190} INFO - Processing /opt/airflow/dags/my_dashDAG.py took 0.071 seconds
[2022-05-14 20:50:36,165] {scheduler_job.py:182} INFO - Started process (PID=322) to work on /opt/airflow/dags/my_dashDAG.py
[2022-05-14 20:50:36,167] {scheduler_job.py:633} INFO - Processing file /opt/airflow/dags/my_dashDAG.py for tasks to queue
[2022-05-14 20:50:36,168] {logging_mixin.py:104} INFO - [2022-05-14 20:50:36,168] {dagbag.py:487} INFO - Filling up the DagBag from /opt/airflow/dags/my_dashDAG.py
[2022-05-14 20:50:36,191] {scheduler_job.py:643} INFO - DAG(s) dict_keys(['myBashDAG']) retrieved from /opt/airflow/dags/my_dashDAG.py
[2022-05-14 20:50:36,215] {logging_mixin.py:104} INFO - [2022-05-14 20:50:36,215] {dag.py:1832} INFO - Sync 1 DAGs
[2022-05-14 20:50:36,231] {logging_mixin.py:104} INFO - [2022-05-14 20:50:36,231] {dag.py:2305} INFO - Setting next_dagrun for myBashDAG to 2022-05-14T00:00:00+00:00
[2022-05-14 20:50:36,237] {scheduler_job.py:190} INFO - Processing /opt/airflow/dags/my_dashDAG.py took 0.077 seconds
[2022-05-14 20:51:06,491] {scheduler_job.py:182} INFO - Started process (PID=357) to work on /opt/airflow/dags/my_dashDAG.py
[2022-05-14 20:51:06,493] {scheduler_job.py:633} INFO - Processing file /opt/airflow/dags/my_dashDAG.py for tasks to queue
[2022-05-14 20:51:06,495] {logging_mixin.py:104} INFO - [2022-05-14 20:51:06,495] {dagbag.py:487} INFO - Filling up the DagBag from /opt/airflow/dags/my_dashDAG.py
[2022-05-14 20:51:06,520] {scheduler_job.py:643} INFO - DAG(s) dict_keys(['myBashDAG']) retrieved from /opt/airflow/dags/my_dashDAG.py
[2022-05-14 20:51:06,547] {logging_mixin.py:104} INFO - [2022-05-14 20:51:06,547] {dag.py:1832} INFO - Sync 1 DAGs
[2022-05-14 20:51:06,562] {logging_mixin.py:104} INFO - [2022-05-14 20:51:06,562] {dag.py:2305} INFO - Setting next_dagrun for myBashDAG to 2022-05-14T00:00:00+00:00
[2022-05-14 20:51:06,575] {scheduler_job.py:190} INFO - Processing /opt/airflow/dags/my_dashDAG.py took 0.091 seconds
[2022-05-14 20:51:36,848] {scheduler_job.py:182} INFO - Started process (PID=392) to work on /opt/airflow/dags/my_dashDAG.py
[2022-05-14 20:51:36,852] {scheduler_job.py:633} INFO - Processing file /opt/airflow/dags/my_dashDAG.py for tasks to queue
[2022-05-14 20:51:36,853] {logging_mixin.py:104} INFO - [2022-05-14 20:51:36,853] {dagbag.py:487} INFO - Filling up the DagBag from /opt/airflow/dags/my_dashDAG.py
[2022-05-14 20:51:36,877] {scheduler_job.py:643} INFO - DAG(s) dict_keys(['myBashDAG']) retrieved from /opt/airflow/dags/my_dashDAG.py
[2022-05-14 20:51:37,010] {logging_mixin.py:104} INFO - [2022-05-14 20:51:37,010] {dag.py:1832} INFO - Sync 1 DAGs
[2022-05-14 20:51:37,021] {logging_mixin.py:104} INFO - [2022-05-14 20:51:37,021] {dag.py:2305} INFO - Setting next_dagrun for myBashDAG to 2022-05-14T00:00:00+00:00
[2022-05-14 20:51:37,035] {scheduler_job.py:190} INFO - Processing /opt/airflow/dags/my_dashDAG.py took 0.195 seconds
[2022-05-14 20:52:07,176] {scheduler_job.py:182} INFO - Started process (PID=427) to work on /opt/airflow/dags/my_dashDAG.py
[2022-05-14 20:52:07,178] {scheduler_job.py:633} INFO - Processing file /opt/airflow/dags/my_dashDAG.py for tasks to queue
[2022-05-14 20:52:07,179] {logging_mixin.py:104} INFO - [2022-05-14 20:52:07,179] {dagbag.py:487} INFO - Filling up the DagBag from /opt/airflow/dags/my_dashDAG.py
[2022-05-14 20:52:07,202] {scheduler_job.py:643} INFO - DAG(s) dict_keys(['myBashDAG']) retrieved from /opt/airflow/dags/my_dashDAG.py
[2022-05-14 20:52:07,217] {logging_mixin.py:104} INFO - [2022-05-14 20:52:07,217] {dag.py:1832} INFO - Sync 1 DAGs
[2022-05-14 20:52:07,228] {logging_mixin.py:104} INFO - [2022-05-14 20:52:07,228] {dag.py:2305} INFO - Setting next_dagrun for myBashDAG to 2022-05-14T00:00:00+00:00
[2022-05-14 20:52:07,241] {scheduler_job.py:190} INFO - Processing /opt/airflow/dags/my_dashDAG.py took 0.074 seconds
[2022-05-14 20:52:37,504] {scheduler_job.py:182} INFO - Started process (PID=462) to work on /opt/airflow/dags/my_dashDAG.py
[2022-05-14 20:52:37,506] {scheduler_job.py:633} INFO - Processing file /opt/airflow/dags/my_dashDAG.py for tasks to queue
[2022-05-14 20:52:37,508] {logging_mixin.py:104} INFO - [2022-05-14 20:52:37,508] {dagbag.py:487} INFO - Filling up the DagBag from /opt/airflow/dags/my_dashDAG.py
[2022-05-14 20:52:37,532] {scheduler_job.py:643} INFO - DAG(s) dict_keys(['myBashDAG']) retrieved from /opt/airflow/dags/my_dashDAG.py
[2022-05-14 20:52:37,666] {logging_mixin.py:104} INFO - [2022-05-14 20:52:37,666] {dag.py:1832} INFO - Sync 1 DAGs
[2022-05-14 20:52:37,676] {logging_mixin.py:104} INFO - [2022-05-14 20:52:37,676] {dag.py:2305} INFO - Setting next_dagrun for myBashDAG to 2022-05-14T00:00:00+00:00
[2022-05-14 20:52:37,691] {scheduler_job.py:190} INFO - Processing /opt/airflow/dags/my_dashDAG.py took 0.194 seconds
[2022-05-14 20:53:07,837] {scheduler_job.py:182} INFO - Started process (PID=497) to work on /opt/airflow/dags/my_dashDAG.py
[2022-05-14 20:53:07,838] {scheduler_job.py:633} INFO - Processing file /opt/airflow/dags/my_dashDAG.py for tasks to queue
[2022-05-14 20:53:07,839] {logging_mixin.py:104} INFO - [2022-05-14 20:53:07,839] {dagbag.py:487} INFO - Filling up the DagBag from /opt/airflow/dags/my_dashDAG.py
[2022-05-14 20:53:07,857] {scheduler_job.py:643} INFO - DAG(s) dict_keys(['myBashDAG']) retrieved from /opt/airflow/dags/my_dashDAG.py
[2022-05-14 20:53:07,996] {logging_mixin.py:104} INFO - [2022-05-14 20:53:07,996] {dag.py:1832} INFO - Sync 1 DAGs
[2022-05-14 20:53:08,007] {logging_mixin.py:104} INFO - [2022-05-14 20:53:08,007] {dag.py:2305} INFO - Setting next_dagrun for myBashDAG to 2022-05-14T00:00:00+00:00
[2022-05-14 20:53:08,021] {scheduler_job.py:190} INFO - Processing /opt/airflow/dags/my_dashDAG.py took 0.187 seconds
[2022-05-14 20:53:38,172] {scheduler_job.py:182} INFO - Started process (PID=548) to work on /opt/airflow/dags/my_dashDAG.py
[2022-05-14 20:53:38,173] {scheduler_job.py:633} INFO - Processing file /opt/airflow/dags/my_dashDAG.py for tasks to queue
[2022-05-14 20:53:38,173] {logging_mixin.py:104} INFO - [2022-05-14 20:53:38,173] {dagbag.py:487} INFO - Filling up the DagBag from /opt/airflow/dags/my_dashDAG.py
[2022-05-14 20:53:38,183] {scheduler_job.py:643} INFO - DAG(s) dict_keys(['myBashDAG']) retrieved from /opt/airflow/dags/my_dashDAG.py
[2022-05-14 20:53:38,196] {logging_mixin.py:104} INFO - [2022-05-14 20:53:38,195] {dag.py:1832} INFO - Sync 1 DAGs
[2022-05-14 20:53:38,208] {logging_mixin.py:104} INFO - [2022-05-14 20:53:38,208] {dag.py:2305} INFO - Setting next_dagrun for myBashDAG to 2022-05-14T00:00:00+00:00
[2022-05-14 20:53:38,214] {scheduler_job.py:190} INFO - Processing /opt/airflow/dags/my_dashDAG.py took 0.044 seconds
[2022-05-14 20:54:08,578] {scheduler_job.py:182} INFO - Started process (PID=583) to work on /opt/airflow/dags/my_dashDAG.py
[2022-05-14 20:54:08,579] {scheduler_job.py:633} INFO - Processing file /opt/airflow/dags/my_dashDAG.py for tasks to queue
[2022-05-14 20:54:08,582] {logging_mixin.py:104} INFO - [2022-05-14 20:54:08,580] {dagbag.py:487} INFO - Filling up the DagBag from /opt/airflow/dags/my_dashDAG.py
[2022-05-14 20:54:08,597] {scheduler_job.py:643} INFO - DAG(s) dict_keys(['myBashDAG']) retrieved from /opt/airflow/dags/my_dashDAG.py
[2022-05-14 20:54:08,618] {logging_mixin.py:104} INFO - [2022-05-14 20:54:08,618] {dag.py:1832} INFO - Sync 1 DAGs
[2022-05-14 20:54:08,634] {logging_mixin.py:104} INFO - [2022-05-14 20:54:08,634] {dag.py:2305} INFO - Setting next_dagrun for myBashDAG to 2022-05-14T00:00:00+00:00
[2022-05-14 20:54:08,640] {scheduler_job.py:190} INFO - Processing /opt/airflow/dags/my_dashDAG.py took 0.064 seconds
[2022-05-14 20:54:38,961] {scheduler_job.py:182} INFO - Started process (PID=618) to work on /opt/airflow/dags/my_dashDAG.py
[2022-05-14 20:54:38,962] {scheduler_job.py:633} INFO - Processing file /opt/airflow/dags/my_dashDAG.py for tasks to queue
[2022-05-14 20:54:38,962] {logging_mixin.py:104} INFO - [2022-05-14 20:54:38,962] {dagbag.py:487} INFO - Filling up the DagBag from /opt/airflow/dags/my_dashDAG.py
[2022-05-14 20:54:38,971] {scheduler_job.py:643} INFO - DAG(s) dict_keys(['myBashDAG']) retrieved from /opt/airflow/dags/my_dashDAG.py
[2022-05-14 20:54:38,988] {logging_mixin.py:104} INFO - [2022-05-14 20:54:38,988] {dag.py:1832} INFO - Sync 1 DAGs
[2022-05-14 20:54:39,007] {logging_mixin.py:104} INFO - [2022-05-14 20:54:39,006] {dag.py:2305} INFO - Setting next_dagrun for myBashDAG to 2022-05-14T00:00:00+00:00
[2022-05-14 20:54:39,022] {scheduler_job.py:190} INFO - Processing /opt/airflow/dags/my_dashDAG.py took 0.063 seconds
[2022-05-14 20:55:09,340] {scheduler_job.py:182} INFO - Started process (PID=653) to work on /opt/airflow/dags/my_dashDAG.py
[2022-05-14 20:55:09,342] {scheduler_job.py:633} INFO - Processing file /opt/airflow/dags/my_dashDAG.py for tasks to queue
[2022-05-14 20:55:09,343] {logging_mixin.py:104} INFO - [2022-05-14 20:55:09,343] {dagbag.py:487} INFO - Filling up the DagBag from /opt/airflow/dags/my_dashDAG.py
[2022-05-14 20:55:09,370] {scheduler_job.py:643} INFO - DAG(s) dict_keys(['myBashDAG']) retrieved from /opt/airflow/dags/my_dashDAG.py
[2022-05-14 20:55:09,387] {logging_mixin.py:104} INFO - [2022-05-14 20:55:09,387] {dag.py:1832} INFO - Sync 1 DAGs
[2022-05-14 20:55:09,398] {logging_mixin.py:104} INFO - [2022-05-14 20:55:09,398] {dag.py:2305} INFO - Setting next_dagrun for myBashDAG to 2022-05-14T00:00:00+00:00
[2022-05-14 20:55:09,412] {scheduler_job.py:190} INFO - Processing /opt/airflow/dags/my_dashDAG.py took 0.079 seconds
[2022-05-14 20:55:39,632] {scheduler_job.py:182} INFO - Started process (PID=688) to work on /opt/airflow/dags/my_dashDAG.py
[2022-05-14 20:55:39,632] {scheduler_job.py:633} INFO - Processing file /opt/airflow/dags/my_dashDAG.py for tasks to queue
[2022-05-14 20:55:39,633] {logging_mixin.py:104} INFO - [2022-05-14 20:55:39,633] {dagbag.py:487} INFO - Filling up the DagBag from /opt/airflow/dags/my_dashDAG.py
[2022-05-14 20:55:39,641] {scheduler_job.py:643} INFO - DAG(s) dict_keys(['myBashDAG']) retrieved from /opt/airflow/dags/my_dashDAG.py
[2022-05-14 20:55:39,654] {logging_mixin.py:104} INFO - [2022-05-14 20:55:39,654] {dag.py:1832} INFO - Sync 1 DAGs
[2022-05-14 20:55:39,665] {logging_mixin.py:104} INFO - [2022-05-14 20:55:39,665] {dag.py:2305} INFO - Setting next_dagrun for myBashDAG to 2022-05-14T00:00:00+00:00
[2022-05-14 20:55:39,671] {scheduler_job.py:190} INFO - Processing /opt/airflow/dags/my_dashDAG.py took 0.041 seconds
[2022-05-14 20:56:09,976] {scheduler_job.py:182} INFO - Started process (PID=723) to work on /opt/airflow/dags/my_dashDAG.py
[2022-05-14 20:56:09,977] {scheduler_job.py:633} INFO - Processing file /opt/airflow/dags/my_dashDAG.py for tasks to queue
[2022-05-14 20:56:09,977] {logging_mixin.py:104} INFO - [2022-05-14 20:56:09,977] {dagbag.py:487} INFO - Filling up the DagBag from /opt/airflow/dags/my_dashDAG.py
[2022-05-14 20:56:09,985] {scheduler_job.py:643} INFO - DAG(s) dict_keys(['myBashDAG']) retrieved from /opt/airflow/dags/my_dashDAG.py
[2022-05-14 20:56:09,999] {logging_mixin.py:104} INFO - [2022-05-14 20:56:09,999] {dag.py:1832} INFO - Sync 1 DAGs
[2022-05-14 20:56:10,013] {logging_mixin.py:104} INFO - [2022-05-14 20:56:10,013] {dag.py:2305} INFO - Setting next_dagrun for myBashDAG to 2022-05-14T00:00:00+00:00
[2022-05-14 20:56:10,025] {scheduler_job.py:190} INFO - Processing /opt/airflow/dags/my_dashDAG.py took 0.051 seconds
[2022-05-14 20:56:40,318] {scheduler_job.py:182} INFO - Started process (PID=758) to work on /opt/airflow/dags/my_dashDAG.py
[2022-05-14 20:56:40,320] {scheduler_job.py:633} INFO - Processing file /opt/airflow/dags/my_dashDAG.py for tasks to queue
[2022-05-14 20:56:40,322] {logging_mixin.py:104} INFO - [2022-05-14 20:56:40,322] {dagbag.py:487} INFO - Filling up the DagBag from /opt/airflow/dags/my_dashDAG.py
[2022-05-14 20:56:40,342] {scheduler_job.py:643} INFO - DAG(s) dict_keys(['myBashDAG']) retrieved from /opt/airflow/dags/my_dashDAG.py
[2022-05-14 20:56:40,358] {logging_mixin.py:104} INFO - [2022-05-14 20:56:40,358] {dag.py:1832} INFO - Sync 1 DAGs
[2022-05-14 20:56:40,370] {logging_mixin.py:104} INFO - [2022-05-14 20:56:40,369] {dag.py:2305} INFO - Setting next_dagrun for myBashDAG to 2022-05-14T00:00:00+00:00
[2022-05-14 20:56:40,376] {scheduler_job.py:190} INFO - Processing /opt/airflow/dags/my_dashDAG.py took 0.065 seconds
[2022-05-14 20:57:10,724] {scheduler_job.py:182} INFO - Started process (PID=793) to work on /opt/airflow/dags/my_dashDAG.py
[2022-05-14 20:57:10,725] {scheduler_job.py:633} INFO - Processing file /opt/airflow/dags/my_dashDAG.py for tasks to queue
[2022-05-14 20:57:10,727] {logging_mixin.py:104} INFO - [2022-05-14 20:57:10,725] {dagbag.py:487} INFO - Filling up the DagBag from /opt/airflow/dags/my_dashDAG.py
[2022-05-14 20:57:10,745] {scheduler_job.py:643} INFO - DAG(s) dict_keys(['myBashDAG']) retrieved from /opt/airflow/dags/my_dashDAG.py
[2022-05-14 20:57:10,777] {logging_mixin.py:104} INFO - [2022-05-14 20:57:10,776] {dag.py:1832} INFO - Sync 1 DAGs
[2022-05-14 20:57:10,805] {logging_mixin.py:104} INFO - [2022-05-14 20:57:10,804] {dag.py:2305} INFO - Setting next_dagrun for myBashDAG to 2022-05-14T00:00:00+00:00
[2022-05-14 20:57:10,819] {scheduler_job.py:190} INFO - Processing /opt/airflow/dags/my_dashDAG.py took 0.102 seconds
[2022-05-14 20:57:41,082] {scheduler_job.py:182} INFO - Started process (PID=828) to work on /opt/airflow/dags/my_dashDAG.py
[2022-05-14 20:57:41,084] {scheduler_job.py:633} INFO - Processing file /opt/airflow/dags/my_dashDAG.py for tasks to queue
[2022-05-14 20:57:41,086] {logging_mixin.py:104} INFO - [2022-05-14 20:57:41,086] {dagbag.py:487} INFO - Filling up the DagBag from /opt/airflow/dags/my_dashDAG.py
[2022-05-14 20:57:41,104] {scheduler_job.py:643} INFO - DAG(s) dict_keys(['myBashDAG']) retrieved from /opt/airflow/dags/my_dashDAG.py
[2022-05-14 20:57:41,120] {logging_mixin.py:104} INFO - [2022-05-14 20:57:41,120] {dag.py:1832} INFO - Sync 1 DAGs
[2022-05-14 20:57:41,131] {logging_mixin.py:104} INFO - [2022-05-14 20:57:41,131] {dag.py:2305} INFO - Setting next_dagrun for myBashDAG to 2022-05-14T00:00:00+00:00
[2022-05-14 20:57:41,137] {scheduler_job.py:190} INFO - Processing /opt/airflow/dags/my_dashDAG.py took 0.064 seconds
[2022-05-14 20:58:11,401] {scheduler_job.py:182} INFO - Started process (PID=863) to work on /opt/airflow/dags/my_dashDAG.py
[2022-05-14 20:58:11,402] {scheduler_job.py:633} INFO - Processing file /opt/airflow/dags/my_dashDAG.py for tasks to queue
[2022-05-14 20:58:11,404] {logging_mixin.py:104} INFO - [2022-05-14 20:58:11,404] {dagbag.py:487} INFO - Filling up the DagBag from /opt/airflow/dags/my_dashDAG.py
[2022-05-14 20:58:11,413] {scheduler_job.py:643} INFO - DAG(s) dict_keys(['myBashDAG']) retrieved from /opt/airflow/dags/my_dashDAG.py
[2022-05-14 20:58:11,425] {logging_mixin.py:104} INFO - [2022-05-14 20:58:11,424] {dag.py:1832} INFO - Sync 1 DAGs
[2022-05-14 20:58:11,438] {logging_mixin.py:104} INFO - [2022-05-14 20:58:11,438] {dag.py:2305} INFO - Setting next_dagrun for myBashDAG to 2022-05-14T00:00:00+00:00
[2022-05-14 20:58:11,451] {scheduler_job.py:190} INFO - Processing /opt/airflow/dags/my_dashDAG.py took 0.053 seconds
[2022-05-14 20:58:41,799] {scheduler_job.py:182} INFO - Started process (PID=898) to work on /opt/airflow/dags/my_dashDAG.py
[2022-05-14 20:58:41,801] {scheduler_job.py:633} INFO - Processing file /opt/airflow/dags/my_dashDAG.py for tasks to queue
[2022-05-14 20:58:41,802] {logging_mixin.py:104} INFO - [2022-05-14 20:58:41,802] {dagbag.py:487} INFO - Filling up the DagBag from /opt/airflow/dags/my_dashDAG.py
[2022-05-14 20:58:41,826] {scheduler_job.py:643} INFO - DAG(s) dict_keys(['myBashDAG']) retrieved from /opt/airflow/dags/my_dashDAG.py
[2022-05-14 20:58:41,842] {logging_mixin.py:104} INFO - [2022-05-14 20:58:41,842] {dag.py:1832} INFO - Sync 1 DAGs
[2022-05-14 20:58:41,854] {logging_mixin.py:104} INFO - [2022-05-14 20:58:41,854] {dag.py:2305} INFO - Setting next_dagrun for myBashDAG to 2022-05-14T00:00:00+00:00
[2022-05-14 20:58:41,866] {scheduler_job.py:190} INFO - Processing /opt/airflow/dags/my_dashDAG.py took 0.074 seconds
[2022-05-14 20:59:12,166] {scheduler_job.py:182} INFO - Started process (PID=933) to work on /opt/airflow/dags/my_dashDAG.py
[2022-05-14 20:59:12,168] {scheduler_job.py:633} INFO - Processing file /opt/airflow/dags/my_dashDAG.py for tasks to queue
[2022-05-14 20:59:12,170] {logging_mixin.py:104} INFO - [2022-05-14 20:59:12,169] {dagbag.py:487} INFO - Filling up the DagBag from /opt/airflow/dags/my_dashDAG.py
[2022-05-14 20:59:12,193] {scheduler_job.py:643} INFO - DAG(s) dict_keys(['myBashDAG']) retrieved from /opt/airflow/dags/my_dashDAG.py
[2022-05-14 20:59:12,209] {logging_mixin.py:104} INFO - [2022-05-14 20:59:12,209] {dag.py:1832} INFO - Sync 1 DAGs
[2022-05-14 20:59:12,221] {logging_mixin.py:104} INFO - [2022-05-14 20:59:12,221] {dag.py:2305} INFO - Setting next_dagrun for myBashDAG to 2022-05-14T00:00:00+00:00
[2022-05-14 20:59:12,226] {scheduler_job.py:190} INFO - Processing /opt/airflow/dags/my_dashDAG.py took 0.068 seconds
[2022-05-14 20:59:42,492] {scheduler_job.py:182} INFO - Started process (PID=968) to work on /opt/airflow/dags/my_dashDAG.py
[2022-05-14 20:59:42,493] {scheduler_job.py:633} INFO - Processing file /opt/airflow/dags/my_dashDAG.py for tasks to queue
[2022-05-14 20:59:42,494] {logging_mixin.py:104} INFO - [2022-05-14 20:59:42,494] {dagbag.py:487} INFO - Filling up the DagBag from /opt/airflow/dags/my_dashDAG.py
[2022-05-14 20:59:42,505] {scheduler_job.py:643} INFO - DAG(s) dict_keys(['myBashDAG']) retrieved from /opt/airflow/dags/my_dashDAG.py
[2022-05-14 20:59:42,518] {logging_mixin.py:104} INFO - [2022-05-14 20:59:42,518] {dag.py:1832} INFO - Sync 1 DAGs
[2022-05-14 20:59:42,531] {logging_mixin.py:104} INFO - [2022-05-14 20:59:42,531] {dag.py:2305} INFO - Setting next_dagrun for myBashDAG to 2022-05-14T00:00:00+00:00
[2022-05-14 20:59:42,537] {scheduler_job.py:190} INFO - Processing /opt/airflow/dags/my_dashDAG.py took 0.047 seconds
[2022-05-14 21:00:12,946] {scheduler_job.py:182} INFO - Started process (PID=1003) to work on /opt/airflow/dags/my_dashDAG.py
[2022-05-14 21:00:12,951] {scheduler_job.py:633} INFO - Processing file /opt/airflow/dags/my_dashDAG.py for tasks to queue
[2022-05-14 21:00:12,953] {logging_mixin.py:104} INFO - [2022-05-14 21:00:12,953] {dagbag.py:487} INFO - Filling up the DagBag from /opt/airflow/dags/my_dashDAG.py
[2022-05-14 21:00:12,994] {scheduler_job.py:643} INFO - DAG(s) dict_keys(['myBashDAG']) retrieved from /opt/airflow/dags/my_dashDAG.py
[2022-05-14 21:00:13,059] {logging_mixin.py:104} INFO - [2022-05-14 21:00:13,059] {dag.py:1832} INFO - Sync 1 DAGs
[2022-05-14 21:00:13,109] {logging_mixin.py:104} INFO - [2022-05-14 21:00:13,109] {dag.py:2305} INFO - Setting next_dagrun for myBashDAG to 2022-05-14T00:00:00+00:00
[2022-05-14 21:00:13,122] {scheduler_job.py:190} INFO - Processing /opt/airflow/dags/my_dashDAG.py took 0.185 seconds
[2022-05-14 21:00:43,314] {scheduler_job.py:182} INFO - Started process (PID=1038) to work on /opt/airflow/dags/my_dashDAG.py
[2022-05-14 21:00:43,315] {scheduler_job.py:633} INFO - Processing file /opt/airflow/dags/my_dashDAG.py for tasks to queue
[2022-05-14 21:00:43,316] {logging_mixin.py:104} INFO - [2022-05-14 21:00:43,316] {dagbag.py:487} INFO - Filling up the DagBag from /opt/airflow/dags/my_dashDAG.py
[2022-05-14 21:00:43,331] {scheduler_job.py:643} INFO - DAG(s) dict_keys(['myBashDAG']) retrieved from /opt/airflow/dags/my_dashDAG.py
[2022-05-14 21:00:43,349] {logging_mixin.py:104} INFO - [2022-05-14 21:00:43,349] {dag.py:1832} INFO - Sync 1 DAGs
[2022-05-14 21:00:43,363] {logging_mixin.py:104} INFO - [2022-05-14 21:00:43,363] {dag.py:2305} INFO - Setting next_dagrun for myBashDAG to 2022-05-14T00:00:00+00:00
[2022-05-14 21:00:43,371] {scheduler_job.py:190} INFO - Processing /opt/airflow/dags/my_dashDAG.py took 0.061 seconds
[2022-05-14 21:01:13,697] {scheduler_job.py:182} INFO - Started process (PID=1073) to work on /opt/airflow/dags/my_dashDAG.py
[2022-05-14 21:01:13,698] {scheduler_job.py:633} INFO - Processing file /opt/airflow/dags/my_dashDAG.py for tasks to queue
[2022-05-14 21:01:13,699] {logging_mixin.py:104} INFO - [2022-05-14 21:01:13,699] {dagbag.py:487} INFO - Filling up the DagBag from /opt/airflow/dags/my_dashDAG.py
[2022-05-14 21:01:13,719] {scheduler_job.py:643} INFO - DAG(s) dict_keys(['myBashDAG']) retrieved from /opt/airflow/dags/my_dashDAG.py
[2022-05-14 21:01:13,740] {logging_mixin.py:104} INFO - [2022-05-14 21:01:13,739] {dag.py:1832} INFO - Sync 1 DAGs
[2022-05-14 21:01:13,760] {logging_mixin.py:104} INFO - [2022-05-14 21:01:13,760] {dag.py:2305} INFO - Setting next_dagrun for myBashDAG to 2022-05-14T00:00:00+00:00
[2022-05-14 21:01:13,769] {scheduler_job.py:190} INFO - Processing /opt/airflow/dags/my_dashDAG.py took 0.078 seconds
[2022-05-14 21:01:44,009] {scheduler_job.py:182} INFO - Started process (PID=1108) to work on /opt/airflow/dags/my_dashDAG.py
[2022-05-14 21:01:44,010] {scheduler_job.py:633} INFO - Processing file /opt/airflow/dags/my_dashDAG.py for tasks to queue
[2022-05-14 21:01:44,010] {logging_mixin.py:104} INFO - [2022-05-14 21:01:44,010] {dagbag.py:487} INFO - Filling up the DagBag from /opt/airflow/dags/my_dashDAG.py
[2022-05-14 21:01:44,019] {scheduler_job.py:643} INFO - DAG(s) dict_keys(['myBashDAG']) retrieved from /opt/airflow/dags/my_dashDAG.py
[2022-05-14 21:01:44,031] {logging_mixin.py:104} INFO - [2022-05-14 21:01:44,031] {dag.py:1832} INFO - Sync 1 DAGs
[2022-05-14 21:01:44,043] {logging_mixin.py:104} INFO - [2022-05-14 21:01:44,043] {dag.py:2305} INFO - Setting next_dagrun for myBashDAG to 2022-05-14T00:00:00+00:00
[2022-05-14 21:01:44,049] {scheduler_job.py:190} INFO - Processing /opt/airflow/dags/my_dashDAG.py took 0.042 seconds
[2022-05-14 21:02:14,411] {scheduler_job.py:182} INFO - Started process (PID=1143) to work on /opt/airflow/dags/my_dashDAG.py
[2022-05-14 21:02:14,412] {scheduler_job.py:633} INFO - Processing file /opt/airflow/dags/my_dashDAG.py for tasks to queue
[2022-05-14 21:02:14,413] {logging_mixin.py:104} INFO - [2022-05-14 21:02:14,413] {dagbag.py:487} INFO - Filling up the DagBag from /opt/airflow/dags/my_dashDAG.py
[2022-05-14 21:02:14,427] {scheduler_job.py:643} INFO - DAG(s) dict_keys(['myBashDAG']) retrieved from /opt/airflow/dags/my_dashDAG.py
[2022-05-14 21:02:14,453] {logging_mixin.py:104} INFO - [2022-05-14 21:02:14,453] {dag.py:1832} INFO - Sync 1 DAGs
[2022-05-14 21:02:14,481] {logging_mixin.py:104} INFO - [2022-05-14 21:02:14,480] {dag.py:2305} INFO - Setting next_dagrun for myBashDAG to 2022-05-14T00:00:00+00:00
[2022-05-14 21:02:14,497] {scheduler_job.py:190} INFO - Processing /opt/airflow/dags/my_dashDAG.py took 0.092 seconds
[2022-05-14 21:02:44,771] {scheduler_job.py:182} INFO - Started process (PID=1178) to work on /opt/airflow/dags/my_dashDAG.py
[2022-05-14 21:02:44,771] {scheduler_job.py:633} INFO - Processing file /opt/airflow/dags/my_dashDAG.py for tasks to queue
[2022-05-14 21:02:44,772] {logging_mixin.py:104} INFO - [2022-05-14 21:02:44,772] {dagbag.py:487} INFO - Filling up the DagBag from /opt/airflow/dags/my_dashDAG.py
[2022-05-14 21:02:44,785] {scheduler_job.py:643} INFO - DAG(s) dict_keys(['myBashDAG']) retrieved from /opt/airflow/dags/my_dashDAG.py
[2022-05-14 21:02:44,803] {logging_mixin.py:104} INFO - [2022-05-14 21:02:44,803] {dag.py:1832} INFO - Sync 1 DAGs
[2022-05-14 21:02:44,819] {logging_mixin.py:104} INFO - [2022-05-14 21:02:44,819] {dag.py:2305} INFO - Setting next_dagrun for myBashDAG to 2022-05-14T00:00:00+00:00
[2022-05-14 21:02:44,827] {scheduler_job.py:190} INFO - Processing /opt/airflow/dags/my_dashDAG.py took 0.059 seconds
[2022-05-14 21:03:15,184] {scheduler_job.py:182} INFO - Started process (PID=1213) to work on /opt/airflow/dags/my_dashDAG.py
[2022-05-14 21:03:15,185] {scheduler_job.py:633} INFO - Processing file /opt/airflow/dags/my_dashDAG.py for tasks to queue
[2022-05-14 21:03:15,186] {logging_mixin.py:104} INFO - [2022-05-14 21:03:15,186] {dagbag.py:487} INFO - Filling up the DagBag from /opt/airflow/dags/my_dashDAG.py
[2022-05-14 21:03:15,197] {scheduler_job.py:643} INFO - DAG(s) dict_keys(['myBashDAG']) retrieved from /opt/airflow/dags/my_dashDAG.py
[2022-05-14 21:03:15,213] {logging_mixin.py:104} INFO - [2022-05-14 21:03:15,213] {dag.py:1832} INFO - Sync 1 DAGs
[2022-05-14 21:03:15,226] {logging_mixin.py:104} INFO - [2022-05-14 21:03:15,226] {dag.py:2305} INFO - Setting next_dagrun for myBashDAG to 2022-05-14T00:00:00+00:00
[2022-05-14 21:03:15,232] {scheduler_job.py:190} INFO - Processing /opt/airflow/dags/my_dashDAG.py took 0.051 seconds
[2022-05-14 21:03:45,688] {scheduler_job.py:182} INFO - Started process (PID=1248) to work on /opt/airflow/dags/my_dashDAG.py
[2022-05-14 21:03:45,689] {scheduler_job.py:633} INFO - Processing file /opt/airflow/dags/my_dashDAG.py for tasks to queue
[2022-05-14 21:03:45,689] {logging_mixin.py:104} INFO - [2022-05-14 21:03:45,689] {dagbag.py:487} INFO - Filling up the DagBag from /opt/airflow/dags/my_dashDAG.py
[2022-05-14 21:03:45,698] {scheduler_job.py:643} INFO - DAG(s) dict_keys(['myBashDAG']) retrieved from /opt/airflow/dags/my_dashDAG.py
[2022-05-14 21:03:45,710] {logging_mixin.py:104} INFO - [2022-05-14 21:03:45,710] {dag.py:1832} INFO - Sync 1 DAGs
[2022-05-14 21:03:45,722] {logging_mixin.py:104} INFO - [2022-05-14 21:03:45,722] {dag.py:2305} INFO - Setting next_dagrun for myBashDAG to 2022-05-14T00:00:00+00:00
[2022-05-14 21:03:45,733] {scheduler_job.py:190} INFO - Processing /opt/airflow/dags/my_dashDAG.py took 0.047 seconds
[2022-05-14 21:04:16,052] {scheduler_job.py:182} INFO - Started process (PID=1283) to work on /opt/airflow/dags/my_dashDAG.py
[2022-05-14 21:04:16,053] {scheduler_job.py:633} INFO - Processing file /opt/airflow/dags/my_dashDAG.py for tasks to queue
[2022-05-14 21:04:16,053] {logging_mixin.py:104} INFO - [2022-05-14 21:04:16,053] {dagbag.py:487} INFO - Filling up the DagBag from /opt/airflow/dags/my_dashDAG.py
[2022-05-14 21:04:16,068] {scheduler_job.py:643} INFO - DAG(s) dict_keys(['myBashDAG']) retrieved from /opt/airflow/dags/my_dashDAG.py
[2022-05-14 21:04:16,088] {logging_mixin.py:104} INFO - [2022-05-14 21:04:16,088] {dag.py:1832} INFO - Sync 1 DAGs
[2022-05-14 21:04:16,102] {logging_mixin.py:104} INFO - [2022-05-14 21:04:16,102] {dag.py:2305} INFO - Setting next_dagrun for myBashDAG to 2022-05-14T00:00:00+00:00
[2022-05-14 21:04:16,115] {scheduler_job.py:190} INFO - Processing /opt/airflow/dags/my_dashDAG.py took 0.065 seconds
[2022-05-14 21:04:46,459] {scheduler_job.py:182} INFO - Started process (PID=1318) to work on /opt/airflow/dags/my_dashDAG.py
[2022-05-14 21:04:46,461] {scheduler_job.py:633} INFO - Processing file /opt/airflow/dags/my_dashDAG.py for tasks to queue
[2022-05-14 21:04:46,463] {logging_mixin.py:104} INFO - [2022-05-14 21:04:46,462] {dagbag.py:487} INFO - Filling up the DagBag from /opt/airflow/dags/my_dashDAG.py
[2022-05-14 21:04:46,487] {scheduler_job.py:643} INFO - DAG(s) dict_keys(['myBashDAG']) retrieved from /opt/airflow/dags/my_dashDAG.py
[2022-05-14 21:04:46,503] {logging_mixin.py:104} INFO - [2022-05-14 21:04:46,503] {dag.py:1832} INFO - Sync 1 DAGs
[2022-05-14 21:04:46,514] {logging_mixin.py:104} INFO - [2022-05-14 21:04:46,514] {dag.py:2305} INFO - Setting next_dagrun for myBashDAG to 2022-05-14T00:00:00+00:00
[2022-05-14 21:04:46,526] {scheduler_job.py:190} INFO - Processing /opt/airflow/dags/my_dashDAG.py took 0.075 seconds
[2022-05-14 21:05:16,844] {scheduler_job.py:182} INFO - Started process (PID=1370) to work on /opt/airflow/dags/my_dashDAG.py
[2022-05-14 21:05:16,845] {scheduler_job.py:633} INFO - Processing file /opt/airflow/dags/my_dashDAG.py for tasks to queue
[2022-05-14 21:05:16,845] {logging_mixin.py:104} INFO - [2022-05-14 21:05:16,845] {dagbag.py:487} INFO - Filling up the DagBag from /opt/airflow/dags/my_dashDAG.py
[2022-05-14 21:05:16,859] {scheduler_job.py:643} INFO - DAG(s) dict_keys(['myBashDAG']) retrieved from /opt/airflow/dags/my_dashDAG.py
[2022-05-14 21:05:17,100] {logging_mixin.py:104} INFO - [2022-05-14 21:05:17,100] {dag.py:1832} INFO - Sync 1 DAGs
[2022-05-14 21:05:17,111] {logging_mixin.py:104} INFO - [2022-05-14 21:05:17,111] {dag.py:2305} INFO - Setting next_dagrun for myBashDAG to 2022-05-14T00:00:00+00:00
[2022-05-14 21:05:17,121] {scheduler_job.py:190} INFO - Processing /opt/airflow/dags/my_dashDAG.py took 0.282 seconds
[2022-05-14 21:05:47,244] {scheduler_job.py:182} INFO - Started process (PID=1405) to work on /opt/airflow/dags/my_dashDAG.py
[2022-05-14 21:05:47,247] {scheduler_job.py:633} INFO - Processing file /opt/airflow/dags/my_dashDAG.py for tasks to queue
[2022-05-14 21:05:47,248] {logging_mixin.py:104} INFO - [2022-05-14 21:05:47,248] {dagbag.py:487} INFO - Filling up the DagBag from /opt/airflow/dags/my_dashDAG.py
[2022-05-14 21:05:47,268] {scheduler_job.py:643} INFO - DAG(s) dict_keys(['myBashDAG']) retrieved from /opt/airflow/dags/my_dashDAG.py
[2022-05-14 21:05:47,286] {logging_mixin.py:104} INFO - [2022-05-14 21:05:47,286] {dag.py:1832} INFO - Sync 1 DAGs
[2022-05-14 21:05:47,304] {logging_mixin.py:104} INFO - [2022-05-14 21:05:47,304] {dag.py:2305} INFO - Setting next_dagrun for myBashDAG to 2022-05-14T00:00:00+00:00
[2022-05-14 21:05:47,317] {scheduler_job.py:190} INFO - Processing /opt/airflow/dags/my_dashDAG.py took 0.079 seconds
[2022-05-14 21:06:17,587] {scheduler_job.py:182} INFO - Started process (PID=1440) to work on /opt/airflow/dags/my_dashDAG.py
[2022-05-14 21:06:17,589] {scheduler_job.py:633} INFO - Processing file /opt/airflow/dags/my_dashDAG.py for tasks to queue
[2022-05-14 21:06:17,590] {logging_mixin.py:104} INFO - [2022-05-14 21:06:17,590] {dagbag.py:487} INFO - Filling up the DagBag from /opt/airflow/dags/my_dashDAG.py
[2022-05-14 21:06:17,609] {scheduler_job.py:643} INFO - DAG(s) dict_keys(['myBashDAG']) retrieved from /opt/airflow/dags/my_dashDAG.py
[2022-05-14 21:06:17,628] {logging_mixin.py:104} INFO - [2022-05-14 21:06:17,627] {dag.py:1832} INFO - Sync 1 DAGs
[2022-05-14 21:06:17,647] {logging_mixin.py:104} INFO - [2022-05-14 21:06:17,647] {dag.py:2305} INFO - Setting next_dagrun for myBashDAG to 2022-05-14T00:00:00+00:00
[2022-05-14 21:06:17,660] {scheduler_job.py:190} INFO - Processing /opt/airflow/dags/my_dashDAG.py took 0.081 seconds
[2022-05-14 21:06:47,914] {scheduler_job.py:182} INFO - Started process (PID=1475) to work on /opt/airflow/dags/my_dashDAG.py
[2022-05-14 21:06:47,915] {scheduler_job.py:633} INFO - Processing file /opt/airflow/dags/my_dashDAG.py for tasks to queue
[2022-05-14 21:06:47,915] {logging_mixin.py:104} INFO - [2022-05-14 21:06:47,915] {dagbag.py:487} INFO - Filling up the DagBag from /opt/airflow/dags/my_dashDAG.py
[2022-05-14 21:06:47,929] {scheduler_job.py:643} INFO - DAG(s) dict_keys(['myBashDAG']) retrieved from /opt/airflow/dags/my_dashDAG.py
[2022-05-14 21:06:47,949] {logging_mixin.py:104} INFO - [2022-05-14 21:06:47,949] {dag.py:1832} INFO - Sync 1 DAGs
[2022-05-14 21:06:47,965] {logging_mixin.py:104} INFO - [2022-05-14 21:06:47,965] {dag.py:2305} INFO - Setting next_dagrun for myBashDAG to 2022-05-14T00:00:00+00:00
[2022-05-14 21:06:47,978] {scheduler_job.py:190} INFO - Processing /opt/airflow/dags/my_dashDAG.py took 0.067 seconds
[2022-05-14 21:07:18,271] {scheduler_job.py:182} INFO - Started process (PID=1510) to work on /opt/airflow/dags/my_dashDAG.py
[2022-05-14 21:07:18,274] {scheduler_job.py:633} INFO - Processing file /opt/airflow/dags/my_dashDAG.py for tasks to queue
[2022-05-14 21:07:18,275] {logging_mixin.py:104} INFO - [2022-05-14 21:07:18,275] {dagbag.py:487} INFO - Filling up the DagBag from /opt/airflow/dags/my_dashDAG.py
[2022-05-14 21:07:18,298] {scheduler_job.py:643} INFO - DAG(s) dict_keys(['myBashDAG']) retrieved from /opt/airflow/dags/my_dashDAG.py
[2022-05-14 21:07:18,315] {logging_mixin.py:104} INFO - [2022-05-14 21:07:18,315] {dag.py:1832} INFO - Sync 1 DAGs
[2022-05-14 21:07:18,328] {logging_mixin.py:104} INFO - [2022-05-14 21:07:18,327] {dag.py:2305} INFO - Setting next_dagrun for myBashDAG to 2022-05-14T00:00:00+00:00
[2022-05-14 21:07:18,340] {scheduler_job.py:190} INFO - Processing /opt/airflow/dags/my_dashDAG.py took 0.076 seconds
[2022-05-14 21:07:48,628] {scheduler_job.py:182} INFO - Started process (PID=1545) to work on /opt/airflow/dags/my_dashDAG.py
[2022-05-14 21:07:48,629] {scheduler_job.py:633} INFO - Processing file /opt/airflow/dags/my_dashDAG.py for tasks to queue
[2022-05-14 21:07:48,630] {logging_mixin.py:104} INFO - [2022-05-14 21:07:48,629] {dagbag.py:487} INFO - Filling up the DagBag from /opt/airflow/dags/my_dashDAG.py
[2022-05-14 21:07:48,639] {scheduler_job.py:643} INFO - DAG(s) dict_keys(['myBashDAG']) retrieved from /opt/airflow/dags/my_dashDAG.py
[2022-05-14 21:07:48,655] {logging_mixin.py:104} INFO - [2022-05-14 21:07:48,655] {dag.py:1832} INFO - Sync 1 DAGs
[2022-05-14 21:07:48,668] {logging_mixin.py:104} INFO - [2022-05-14 21:07:48,668] {dag.py:2305} INFO - Setting next_dagrun for myBashDAG to 2022-05-14T00:00:00+00:00
[2022-05-14 21:07:48,682] {scheduler_job.py:190} INFO - Processing /opt/airflow/dags/my_dashDAG.py took 0.055 seconds
[2022-05-14 21:08:19,123] {scheduler_job.py:182} INFO - Started process (PID=1580) to work on /opt/airflow/dags/my_dashDAG.py
[2022-05-14 21:08:19,125] {scheduler_job.py:633} INFO - Processing file /opt/airflow/dags/my_dashDAG.py for tasks to queue
[2022-05-14 21:08:19,127] {logging_mixin.py:104} INFO - [2022-05-14 21:08:19,127] {dagbag.py:487} INFO - Filling up the DagBag from /opt/airflow/dags/my_dashDAG.py
[2022-05-14 21:08:19,152] {scheduler_job.py:643} INFO - DAG(s) dict_keys(['myBashDAG']) retrieved from /opt/airflow/dags/my_dashDAG.py
[2022-05-14 21:08:19,184] {logging_mixin.py:104} INFO - [2022-05-14 21:08:19,183] {dag.py:1832} INFO - Sync 1 DAGs
[2022-05-14 21:08:19,211] {logging_mixin.py:104} INFO - [2022-05-14 21:08:19,211] {dag.py:2305} INFO - Setting next_dagrun for myBashDAG to 2022-05-14T00:00:00+00:00
[2022-05-14 21:08:19,226] {scheduler_job.py:190} INFO - Processing /opt/airflow/dags/my_dashDAG.py took 0.106 seconds
[2022-05-14 21:08:49,689] {scheduler_job.py:182} INFO - Started process (PID=1615) to work on /opt/airflow/dags/my_dashDAG.py
[2022-05-14 21:08:49,692] {scheduler_job.py:633} INFO - Processing file /opt/airflow/dags/my_dashDAG.py for tasks to queue
[2022-05-14 21:08:49,693] {logging_mixin.py:104} INFO - [2022-05-14 21:08:49,692] {dagbag.py:487} INFO - Filling up the DagBag from /opt/airflow/dags/my_dashDAG.py
[2022-05-14 21:08:49,713] {scheduler_job.py:643} INFO - DAG(s) dict_keys(['myBashDAG']) retrieved from /opt/airflow/dags/my_dashDAG.py
[2022-05-14 21:08:49,732] {logging_mixin.py:104} INFO - [2022-05-14 21:08:49,731] {dag.py:1832} INFO - Sync 1 DAGs
[2022-05-14 21:08:49,748] {logging_mixin.py:104} INFO - [2022-05-14 21:08:49,747] {dag.py:2305} INFO - Setting next_dagrun for myBashDAG to 2022-05-14T00:00:00+00:00
[2022-05-14 21:08:49,754] {scheduler_job.py:190} INFO - Processing /opt/airflow/dags/my_dashDAG.py took 0.070 seconds
[2022-05-14 21:09:20,104] {scheduler_job.py:182} INFO - Started process (PID=1650) to work on /opt/airflow/dags/my_dashDAG.py
[2022-05-14 21:09:20,105] {scheduler_job.py:633} INFO - Processing file /opt/airflow/dags/my_dashDAG.py for tasks to queue
[2022-05-14 21:09:20,106] {logging_mixin.py:104} INFO - [2022-05-14 21:09:20,106] {dagbag.py:487} INFO - Filling up the DagBag from /opt/airflow/dags/my_dashDAG.py
[2022-05-14 21:09:20,120] {scheduler_job.py:643} INFO - DAG(s) dict_keys(['myBashDAG']) retrieved from /opt/airflow/dags/my_dashDAG.py
[2022-05-14 21:09:20,138] {logging_mixin.py:104} INFO - [2022-05-14 21:09:20,138] {dag.py:1832} INFO - Sync 1 DAGs
[2022-05-14 21:09:20,154] {logging_mixin.py:104} INFO - [2022-05-14 21:09:20,154] {dag.py:2305} INFO - Setting next_dagrun for myBashDAG to 2022-05-14T00:00:00+00:00
[2022-05-14 21:09:20,169] {scheduler_job.py:190} INFO - Processing /opt/airflow/dags/my_dashDAG.py took 0.067 seconds
[2022-05-14 21:09:50,473] {scheduler_job.py:182} INFO - Started process (PID=1702) to work on /opt/airflow/dags/my_dashDAG.py
[2022-05-14 21:09:50,474] {scheduler_job.py:633} INFO - Processing file /opt/airflow/dags/my_dashDAG.py for tasks to queue
[2022-05-14 21:09:50,475] {logging_mixin.py:104} INFO - [2022-05-14 21:09:50,475] {dagbag.py:487} INFO - Filling up the DagBag from /opt/airflow/dags/my_dashDAG.py
[2022-05-14 21:09:50,485] {scheduler_job.py:643} INFO - DAG(s) dict_keys(['myBashDAG']) retrieved from /opt/airflow/dags/my_dashDAG.py
[2022-05-14 21:09:50,504] {logging_mixin.py:104} INFO - [2022-05-14 21:09:50,503] {dag.py:1832} INFO - Sync 1 DAGs
[2022-05-14 21:09:50,521] {logging_mixin.py:104} INFO - [2022-05-14 21:09:50,521] {dag.py:2305} INFO - Setting next_dagrun for myBashDAG to 2022-05-14T00:00:00+00:00
[2022-05-14 21:09:50,534] {scheduler_job.py:190} INFO - Processing /opt/airflow/dags/my_dashDAG.py took 0.065 seconds
[2022-05-14 21:10:20,888] {scheduler_job.py:182} INFO - Started process (PID=1737) to work on /opt/airflow/dags/my_dashDAG.py
[2022-05-14 21:10:20,889] {scheduler_job.py:633} INFO - Processing file /opt/airflow/dags/my_dashDAG.py for tasks to queue
[2022-05-14 21:10:20,889] {logging_mixin.py:104} INFO - [2022-05-14 21:10:20,889] {dagbag.py:487} INFO - Filling up the DagBag from /opt/airflow/dags/my_dashDAG.py
[2022-05-14 21:10:20,901] {scheduler_job.py:643} INFO - DAG(s) dict_keys(['myBashDAG']) retrieved from /opt/airflow/dags/my_dashDAG.py
[2022-05-14 21:10:20,920] {logging_mixin.py:104} INFO - [2022-05-14 21:10:20,920] {dag.py:1832} INFO - Sync 1 DAGs
[2022-05-14 21:10:20,932] {logging_mixin.py:104} INFO - [2022-05-14 21:10:20,932] {dag.py:2305} INFO - Setting next_dagrun for myBashDAG to 2022-05-14T00:00:00+00:00
[2022-05-14 21:10:20,938] {scheduler_job.py:190} INFO - Processing /opt/airflow/dags/my_dashDAG.py took 0.052 seconds
[2022-05-14 21:10:51,226] {scheduler_job.py:182} INFO - Started process (PID=1772) to work on /opt/airflow/dags/my_dashDAG.py
[2022-05-14 21:10:51,227] {scheduler_job.py:633} INFO - Processing file /opt/airflow/dags/my_dashDAG.py for tasks to queue
[2022-05-14 21:10:51,227] {logging_mixin.py:104} INFO - [2022-05-14 21:10:51,227] {dagbag.py:487} INFO - Filling up the DagBag from /opt/airflow/dags/my_dashDAG.py
[2022-05-14 21:10:51,242] {scheduler_job.py:643} INFO - DAG(s) dict_keys(['myBashDAG']) retrieved from /opt/airflow/dags/my_dashDAG.py
[2022-05-14 21:10:51,264] {logging_mixin.py:104} INFO - [2022-05-14 21:10:51,264] {dag.py:1832} INFO - Sync 1 DAGs
[2022-05-14 21:10:51,284] {logging_mixin.py:104} INFO - [2022-05-14 21:10:51,284] {dag.py:2305} INFO - Setting next_dagrun for myBashDAG to 2022-05-14T00:00:00+00:00
[2022-05-14 21:10:51,293] {scheduler_job.py:190} INFO - Processing /opt/airflow/dags/my_dashDAG.py took 0.069 seconds
[2022-05-14 21:11:21,557] {scheduler_job.py:182} INFO - Started process (PID=1824) to work on /opt/airflow/dags/my_dashDAG.py
[2022-05-14 21:11:21,559] {scheduler_job.py:633} INFO - Processing file /opt/airflow/dags/my_dashDAG.py for tasks to queue
[2022-05-14 21:11:21,560] {logging_mixin.py:104} INFO - [2022-05-14 21:11:21,559] {dagbag.py:487} INFO - Filling up the DagBag from /opt/airflow/dags/my_dashDAG.py
[2022-05-14 21:11:21,576] {scheduler_job.py:643} INFO - DAG(s) dict_keys(['myBashDAG']) retrieved from /opt/airflow/dags/my_dashDAG.py
[2022-05-14 21:11:21,761] {logging_mixin.py:104} INFO - [2022-05-14 21:11:21,761] {dag.py:1832} INFO - Sync 1 DAGs
[2022-05-14 21:11:21,771] {logging_mixin.py:104} INFO - [2022-05-14 21:11:21,771] {dag.py:2305} INFO - Setting next_dagrun for myBashDAG to 2022-05-14T00:00:00+00:00
[2022-05-14 21:11:21,777] {scheduler_job.py:190} INFO - Processing /opt/airflow/dags/my_dashDAG.py took 0.226 seconds
[2022-05-14 21:11:51,951] {scheduler_job.py:182} INFO - Started process (PID=1859) to work on /opt/airflow/dags/my_dashDAG.py
[2022-05-14 21:11:51,953] {scheduler_job.py:633} INFO - Processing file /opt/airflow/dags/my_dashDAG.py for tasks to queue
[2022-05-14 21:11:51,955] {logging_mixin.py:104} INFO - [2022-05-14 21:11:51,954] {dagbag.py:487} INFO - Filling up the DagBag from /opt/airflow/dags/my_dashDAG.py
[2022-05-14 21:11:51,976] {scheduler_job.py:643} INFO - DAG(s) dict_keys(['myBashDAG']) retrieved from /opt/airflow/dags/my_dashDAG.py
[2022-05-14 21:11:51,992] {logging_mixin.py:104} INFO - [2022-05-14 21:11:51,992] {dag.py:1832} INFO - Sync 1 DAGs
[2022-05-14 21:11:52,003] {logging_mixin.py:104} INFO - [2022-05-14 21:11:52,003] {dag.py:2305} INFO - Setting next_dagrun for myBashDAG to 2022-05-14T00:00:00+00:00
[2022-05-14 21:11:52,015] {scheduler_job.py:190} INFO - Processing /opt/airflow/dags/my_dashDAG.py took 0.071 seconds
[2022-05-14 21:12:22,320] {scheduler_job.py:182} INFO - Started process (PID=1894) to work on /opt/airflow/dags/my_dashDAG.py
[2022-05-14 21:12:22,323] {scheduler_job.py:633} INFO - Processing file /opt/airflow/dags/my_dashDAG.py for tasks to queue
[2022-05-14 21:12:22,324] {logging_mixin.py:104} INFO - [2022-05-14 21:12:22,324] {dagbag.py:487} INFO - Filling up the DagBag from /opt/airflow/dags/my_dashDAG.py
[2022-05-14 21:12:22,348] {scheduler_job.py:643} INFO - DAG(s) dict_keys(['myBashDAG']) retrieved from /opt/airflow/dags/my_dashDAG.py
[2022-05-14 21:12:22,364] {logging_mixin.py:104} INFO - [2022-05-14 21:12:22,364] {dag.py:1832} INFO - Sync 1 DAGs
[2022-05-14 21:12:22,375] {logging_mixin.py:104} INFO - [2022-05-14 21:12:22,375] {dag.py:2305} INFO - Setting next_dagrun for myBashDAG to 2022-05-14T00:00:00+00:00
[2022-05-14 21:12:22,381] {scheduler_job.py:190} INFO - Processing /opt/airflow/dags/my_dashDAG.py took 0.068 seconds
[2022-05-14 21:12:52,622] {scheduler_job.py:182} INFO - Started process (PID=1946) to work on /opt/airflow/dags/my_dashDAG.py
[2022-05-14 21:12:52,623] {scheduler_job.py:633} INFO - Processing file /opt/airflow/dags/my_dashDAG.py for tasks to queue
[2022-05-14 21:12:52,624] {logging_mixin.py:104} INFO - [2022-05-14 21:12:52,623] {dagbag.py:487} INFO - Filling up the DagBag from /opt/airflow/dags/my_dashDAG.py
[2022-05-14 21:12:52,638] {scheduler_job.py:643} INFO - DAG(s) dict_keys(['myBashDAG']) retrieved from /opt/airflow/dags/my_dashDAG.py
[2022-05-14 21:12:52,880] {logging_mixin.py:104} INFO - [2022-05-14 21:12:52,880] {dag.py:1832} INFO - Sync 1 DAGs
[2022-05-14 21:12:52,890] {logging_mixin.py:104} INFO - [2022-05-14 21:12:52,890] {dag.py:2305} INFO - Setting next_dagrun for myBashDAG to 2022-05-14T00:00:00+00:00
[2022-05-14 21:12:52,898] {scheduler_job.py:190} INFO - Processing /opt/airflow/dags/my_dashDAG.py took 0.279 seconds
[2022-05-14 21:13:23,004] {scheduler_job.py:182} INFO - Started process (PID=1981) to work on /opt/airflow/dags/my_dashDAG.py
[2022-05-14 21:13:23,006] {scheduler_job.py:633} INFO - Processing file /opt/airflow/dags/my_dashDAG.py for tasks to queue
[2022-05-14 21:13:23,007] {logging_mixin.py:104} INFO - [2022-05-14 21:13:23,006] {dagbag.py:487} INFO - Filling up the DagBag from /opt/airflow/dags/my_dashDAG.py
[2022-05-14 21:13:23,028] {scheduler_job.py:643} INFO - DAG(s) dict_keys(['myBashDAG']) retrieved from /opt/airflow/dags/my_dashDAG.py
[2022-05-14 21:13:23,046] {logging_mixin.py:104} INFO - [2022-05-14 21:13:23,046] {dag.py:1832} INFO - Sync 1 DAGs
[2022-05-14 21:13:23,060] {logging_mixin.py:104} INFO - [2022-05-14 21:13:23,059] {dag.py:2305} INFO - Setting next_dagrun for myBashDAG to 2022-05-14T00:00:00+00:00
[2022-05-14 21:13:23,066] {scheduler_job.py:190} INFO - Processing /opt/airflow/dags/my_dashDAG.py took 0.069 seconds
[2022-05-14 21:13:53,436] {scheduler_job.py:182} INFO - Started process (PID=2016) to work on /opt/airflow/dags/my_dashDAG.py
[2022-05-14 21:13:53,439] {scheduler_job.py:633} INFO - Processing file /opt/airflow/dags/my_dashDAG.py for tasks to queue
[2022-05-14 21:13:53,440] {logging_mixin.py:104} INFO - [2022-05-14 21:13:53,440] {dagbag.py:487} INFO - Filling up the DagBag from /opt/airflow/dags/my_dashDAG.py
[2022-05-14 21:13:53,483] {scheduler_job.py:643} INFO - DAG(s) dict_keys(['myBashDAG']) retrieved from /opt/airflow/dags/my_dashDAG.py
[2022-05-14 21:13:53,549] {logging_mixin.py:104} INFO - [2022-05-14 21:13:53,549] {dag.py:1832} INFO - Sync 1 DAGs
[2022-05-14 21:13:53,597] {logging_mixin.py:104} INFO - [2022-05-14 21:13:53,597] {dag.py:2305} INFO - Setting next_dagrun for myBashDAG to 2022-05-14T00:00:00+00:00
[2022-05-14 21:13:53,608] {scheduler_job.py:190} INFO - Processing /opt/airflow/dags/my_dashDAG.py took 0.182 seconds
[2022-05-14 21:14:23,757] {scheduler_job.py:182} INFO - Started process (PID=2051) to work on /opt/airflow/dags/my_dashDAG.py
[2022-05-14 21:14:23,758] {scheduler_job.py:633} INFO - Processing file /opt/airflow/dags/my_dashDAG.py for tasks to queue
[2022-05-14 21:14:23,758] {logging_mixin.py:104} INFO - [2022-05-14 21:14:23,758] {dagbag.py:487} INFO - Filling up the DagBag from /opt/airflow/dags/my_dashDAG.py
[2022-05-14 21:14:23,767] {scheduler_job.py:643} INFO - DAG(s) dict_keys(['myBashDAG']) retrieved from /opt/airflow/dags/my_dashDAG.py
[2022-05-14 21:14:23,781] {logging_mixin.py:104} INFO - [2022-05-14 21:14:23,781] {dag.py:1832} INFO - Sync 1 DAGs
[2022-05-14 21:14:23,799] {logging_mixin.py:104} INFO - [2022-05-14 21:14:23,798] {dag.py:2305} INFO - Setting next_dagrun for myBashDAG to 2022-05-14T00:00:00+00:00
[2022-05-14 21:14:23,805] {scheduler_job.py:190} INFO - Processing /opt/airflow/dags/my_dashDAG.py took 0.051 seconds
[2022-05-14 21:14:54,141] {scheduler_job.py:182} INFO - Started process (PID=2086) to work on /opt/airflow/dags/my_dashDAG.py
[2022-05-14 21:14:54,142] {scheduler_job.py:633} INFO - Processing file /opt/airflow/dags/my_dashDAG.py for tasks to queue
[2022-05-14 21:14:54,142] {logging_mixin.py:104} INFO - [2022-05-14 21:14:54,142] {dagbag.py:487} INFO - Filling up the DagBag from /opt/airflow/dags/my_dashDAG.py
[2022-05-14 21:14:54,153] {scheduler_job.py:643} INFO - DAG(s) dict_keys(['myBashDAG']) retrieved from /opt/airflow/dags/my_dashDAG.py
[2022-05-14 21:14:54,169] {logging_mixin.py:104} INFO - [2022-05-14 21:14:54,169] {dag.py:1832} INFO - Sync 1 DAGs
[2022-05-14 21:14:54,190] {logging_mixin.py:104} INFO - [2022-05-14 21:14:54,190] {dag.py:2305} INFO - Setting next_dagrun for myBashDAG to 2022-05-14T00:00:00+00:00
[2022-05-14 21:14:54,199] {scheduler_job.py:190} INFO - Processing /opt/airflow/dags/my_dashDAG.py took 0.062 seconds
[2022-05-14 21:15:24,501] {scheduler_job.py:182} INFO - Started process (PID=2121) to work on /opt/airflow/dags/my_dashDAG.py
[2022-05-14 21:15:24,502] {scheduler_job.py:633} INFO - Processing file /opt/airflow/dags/my_dashDAG.py for tasks to queue
[2022-05-14 21:15:24,502] {logging_mixin.py:104} INFO - [2022-05-14 21:15:24,502] {dagbag.py:487} INFO - Filling up the DagBag from /opt/airflow/dags/my_dashDAG.py
[2022-05-14 21:15:24,512] {scheduler_job.py:643} INFO - DAG(s) dict_keys(['myBashDAG']) retrieved from /opt/airflow/dags/my_dashDAG.py
[2022-05-14 21:15:24,527] {logging_mixin.py:104} INFO - [2022-05-14 21:15:24,526] {dag.py:1832} INFO - Sync 1 DAGs
[2022-05-14 21:15:24,539] {logging_mixin.py:104} INFO - [2022-05-14 21:15:24,539] {dag.py:2305} INFO - Setting next_dagrun for myBashDAG to 2022-05-14T00:00:00+00:00
[2022-05-14 21:15:24,546] {scheduler_job.py:190} INFO - Processing /opt/airflow/dags/my_dashDAG.py took 0.047 seconds
[2022-05-14 21:15:54,888] {scheduler_job.py:182} INFO - Started process (PID=2156) to work on /opt/airflow/dags/my_dashDAG.py
[2022-05-14 21:15:54,890] {scheduler_job.py:633} INFO - Processing file /opt/airflow/dags/my_dashDAG.py for tasks to queue
[2022-05-14 21:15:54,892] {logging_mixin.py:104} INFO - [2022-05-14 21:15:54,891] {dagbag.py:487} INFO - Filling up the DagBag from /opt/airflow/dags/my_dashDAG.py
[2022-05-14 21:15:54,913] {scheduler_job.py:643} INFO - DAG(s) dict_keys(['myBashDAG']) retrieved from /opt/airflow/dags/my_dashDAG.py
[2022-05-14 21:15:54,930] {logging_mixin.py:104} INFO - [2022-05-14 21:15:54,930] {dag.py:1832} INFO - Sync 1 DAGs
[2022-05-14 21:15:54,942] {logging_mixin.py:104} INFO - [2022-05-14 21:15:54,942] {dag.py:2305} INFO - Setting next_dagrun for myBashDAG to 2022-05-14T00:00:00+00:00
[2022-05-14 21:15:54,955] {scheduler_job.py:190} INFO - Processing /opt/airflow/dags/my_dashDAG.py took 0.075 seconds
[2022-05-14 21:16:25,252] {scheduler_job.py:182} INFO - Started process (PID=2191) to work on /opt/airflow/dags/my_dashDAG.py
[2022-05-14 21:16:25,253] {scheduler_job.py:633} INFO - Processing file /opt/airflow/dags/my_dashDAG.py for tasks to queue
[2022-05-14 21:16:25,253] {logging_mixin.py:104} INFO - [2022-05-14 21:16:25,253] {dagbag.py:487} INFO - Filling up the DagBag from /opt/airflow/dags/my_dashDAG.py
[2022-05-14 21:16:25,262] {scheduler_job.py:643} INFO - DAG(s) dict_keys(['myBashDAG']) retrieved from /opt/airflow/dags/my_dashDAG.py
[2022-05-14 21:16:25,275] {logging_mixin.py:104} INFO - [2022-05-14 21:16:25,275] {dag.py:1832} INFO - Sync 1 DAGs
[2022-05-14 21:16:25,287] {logging_mixin.py:104} INFO - [2022-05-14 21:16:25,287] {dag.py:2305} INFO - Setting next_dagrun for myBashDAG to 2022-05-14T00:00:00+00:00
[2022-05-14 21:16:25,293] {scheduler_job.py:190} INFO - Processing /opt/airflow/dags/my_dashDAG.py took 0.042 seconds
[2022-05-14 21:16:55,548] {scheduler_job.py:182} INFO - Started process (PID=2226) to work on /opt/airflow/dags/my_dashDAG.py
[2022-05-14 21:16:55,549] {scheduler_job.py:633} INFO - Processing file /opt/airflow/dags/my_dashDAG.py for tasks to queue
[2022-05-14 21:16:55,549] {logging_mixin.py:104} INFO - [2022-05-14 21:16:55,549] {dagbag.py:487} INFO - Filling up the DagBag from /opt/airflow/dags/my_dashDAG.py
[2022-05-14 21:16:55,559] {scheduler_job.py:643} INFO - DAG(s) dict_keys(['myBashDAG']) retrieved from /opt/airflow/dags/my_dashDAG.py
[2022-05-14 21:16:55,572] {logging_mixin.py:104} INFO - [2022-05-14 21:16:55,572] {dag.py:1832} INFO - Sync 1 DAGs
[2022-05-14 21:16:55,584] {logging_mixin.py:104} INFO - [2022-05-14 21:16:55,584] {dag.py:2305} INFO - Setting next_dagrun for myBashDAG to 2022-05-14T00:00:00+00:00
[2022-05-14 21:16:55,590] {scheduler_job.py:190} INFO - Processing /opt/airflow/dags/my_dashDAG.py took 0.044 seconds
[2022-05-14 21:17:25,940] {scheduler_job.py:182} INFO - Started process (PID=2261) to work on /opt/airflow/dags/my_dashDAG.py
[2022-05-14 21:17:25,942] {scheduler_job.py:633} INFO - Processing file /opt/airflow/dags/my_dashDAG.py for tasks to queue
[2022-05-14 21:17:25,942] {logging_mixin.py:104} INFO - [2022-05-14 21:17:25,942] {dagbag.py:487} INFO - Filling up the DagBag from /opt/airflow/dags/my_dashDAG.py
[2022-05-14 21:17:25,951] {scheduler_job.py:643} INFO - DAG(s) dict_keys(['myBashDAG']) retrieved from /opt/airflow/dags/my_dashDAG.py
[2022-05-14 21:17:25,966] {logging_mixin.py:104} INFO - [2022-05-14 21:17:25,966] {dag.py:1832} INFO - Sync 1 DAGs
[2022-05-14 21:17:25,979] {logging_mixin.py:104} INFO - [2022-05-14 21:17:25,979] {dag.py:2305} INFO - Setting next_dagrun for myBashDAG to 2022-05-14T00:00:00+00:00
[2022-05-14 21:17:25,985] {scheduler_job.py:190} INFO - Processing /opt/airflow/dags/my_dashDAG.py took 0.047 seconds
[2022-05-14 21:17:56,513] {scheduler_job.py:182} INFO - Started process (PID=2296) to work on /opt/airflow/dags/my_dashDAG.py
[2022-05-14 21:17:56,514] {scheduler_job.py:633} INFO - Processing file /opt/airflow/dags/my_dashDAG.py for tasks to queue
[2022-05-14 21:17:56,514] {logging_mixin.py:104} INFO - [2022-05-14 21:17:56,514] {dagbag.py:487} INFO - Filling up the DagBag from /opt/airflow/dags/my_dashDAG.py
[2022-05-14 21:17:56,529] {scheduler_job.py:643} INFO - DAG(s) dict_keys(['myBashDAG']) retrieved from /opt/airflow/dags/my_dashDAG.py
[2022-05-14 21:17:56,555] {logging_mixin.py:104} INFO - [2022-05-14 21:17:56,555] {dag.py:1832} INFO - Sync 1 DAGs
[2022-05-14 21:17:56,578] {logging_mixin.py:104} INFO - [2022-05-14 21:17:56,578] {dag.py:2305} INFO - Setting next_dagrun for myBashDAG to 2022-05-14T00:00:00+00:00
[2022-05-14 21:17:56,590] {scheduler_job.py:190} INFO - Processing /opt/airflow/dags/my_dashDAG.py took 0.080 seconds
[2022-05-14 21:18:26,954] {scheduler_job.py:182} INFO - Started process (PID=2331) to work on /opt/airflow/dags/my_dashDAG.py
[2022-05-14 21:18:26,955] {scheduler_job.py:633} INFO - Processing file /opt/airflow/dags/my_dashDAG.py for tasks to queue
[2022-05-14 21:18:26,956] {logging_mixin.py:104} INFO - [2022-05-14 21:18:26,956] {dagbag.py:487} INFO - Filling up the DagBag from /opt/airflow/dags/my_dashDAG.py
[2022-05-14 21:18:26,977] {scheduler_job.py:643} INFO - DAG(s) dict_keys(['myBashDAG']) retrieved from /opt/airflow/dags/my_dashDAG.py
[2022-05-14 21:18:26,994] {logging_mixin.py:104} INFO - [2022-05-14 21:18:26,994] {dag.py:1832} INFO - Sync 1 DAGs
[2022-05-14 21:18:27,007] {logging_mixin.py:104} INFO - [2022-05-14 21:18:27,007] {dag.py:2305} INFO - Setting next_dagrun for myBashDAG to 2022-05-14T00:00:00+00:00
[2022-05-14 21:18:27,014] {scheduler_job.py:190} INFO - Processing /opt/airflow/dags/my_dashDAG.py took 0.064 seconds
[2022-05-14 21:18:57,320] {scheduler_job.py:182} INFO - Started process (PID=2366) to work on /opt/airflow/dags/my_dashDAG.py
[2022-05-14 21:18:57,321] {scheduler_job.py:633} INFO - Processing file /opt/airflow/dags/my_dashDAG.py for tasks to queue
[2022-05-14 21:18:57,321] {logging_mixin.py:104} INFO - [2022-05-14 21:18:57,321] {dagbag.py:487} INFO - Filling up the DagBag from /opt/airflow/dags/my_dashDAG.py
[2022-05-14 21:18:57,330] {scheduler_job.py:643} INFO - DAG(s) dict_keys(['myBashDAG']) retrieved from /opt/airflow/dags/my_dashDAG.py
[2022-05-14 21:18:57,343] {logging_mixin.py:104} INFO - [2022-05-14 21:18:57,343] {dag.py:1832} INFO - Sync 1 DAGs
[2022-05-14 21:18:57,357] {logging_mixin.py:104} INFO - [2022-05-14 21:18:57,357] {dag.py:2305} INFO - Setting next_dagrun for myBashDAG to 2022-05-14T00:00:00+00:00
[2022-05-14 21:18:57,370] {scheduler_job.py:190} INFO - Processing /opt/airflow/dags/my_dashDAG.py took 0.052 seconds
[2022-05-14 21:19:27,868] {scheduler_job.py:182} INFO - Started process (PID=2401) to work on /opt/airflow/dags/my_dashDAG.py
[2022-05-14 21:19:27,869] {scheduler_job.py:633} INFO - Processing file /opt/airflow/dags/my_dashDAG.py for tasks to queue
[2022-05-14 21:19:27,870] {logging_mixin.py:104} INFO - [2022-05-14 21:19:27,869] {dagbag.py:487} INFO - Filling up the DagBag from /opt/airflow/dags/my_dashDAG.py
[2022-05-14 21:19:27,883] {scheduler_job.py:643} INFO - DAG(s) dict_keys(['myBashDAG']) retrieved from /opt/airflow/dags/my_dashDAG.py
[2022-05-14 21:19:27,903] {logging_mixin.py:104} INFO - [2022-05-14 21:19:27,903] {dag.py:1832} INFO - Sync 1 DAGs
[2022-05-14 21:19:27,923] {logging_mixin.py:104} INFO - [2022-05-14 21:19:27,923] {dag.py:2305} INFO - Setting next_dagrun for myBashDAG to 2022-05-14T00:00:00+00:00
[2022-05-14 21:19:27,936] {scheduler_job.py:190} INFO - Processing /opt/airflow/dags/my_dashDAG.py took 0.070 seconds
[2022-05-14 21:19:58,331] {scheduler_job.py:182} INFO - Started process (PID=2471) to work on /opt/airflow/dags/my_dashDAG.py
[2022-05-14 21:19:58,335] {scheduler_job.py:633} INFO - Processing file /opt/airflow/dags/my_dashDAG.py for tasks to queue
[2022-05-14 21:19:58,336] {logging_mixin.py:104} INFO - [2022-05-14 21:19:58,336] {dagbag.py:487} INFO - Filling up the DagBag from /opt/airflow/dags/my_dashDAG.py
[2022-05-14 21:19:58,347] {scheduler_job.py:643} INFO - DAG(s) dict_keys(['myBashDAG']) retrieved from /opt/airflow/dags/my_dashDAG.py
[2022-05-14 21:19:58,898] {logging_mixin.py:104} INFO - [2022-05-14 21:19:58,898] {dag.py:1832} INFO - Sync 1 DAGs
[2022-05-14 21:19:58,940] {logging_mixin.py:104} INFO - [2022-05-14 21:19:58,940] {dag.py:2305} INFO - Setting next_dagrun for myBashDAG to 2022-05-14T00:00:00+00:00
[2022-05-14 21:19:58,970] {scheduler_job.py:190} INFO - Processing /opt/airflow/dags/my_dashDAG.py took 0.647 seconds
[2022-05-14 21:20:29,691] {scheduler_job.py:182} INFO - Started process (PID=2506) to work on /opt/airflow/dags/my_dashDAG.py
[2022-05-14 21:20:29,692] {scheduler_job.py:633} INFO - Processing file /opt/airflow/dags/my_dashDAG.py for tasks to queue
[2022-05-14 21:20:29,693] {logging_mixin.py:104} INFO - [2022-05-14 21:20:29,693] {dagbag.py:487} INFO - Filling up the DagBag from /opt/airflow/dags/my_dashDAG.py
[2022-05-14 21:20:29,710] {scheduler_job.py:643} INFO - DAG(s) dict_keys(['myBashDAG']) retrieved from /opt/airflow/dags/my_dashDAG.py
[2022-05-14 21:20:29,728] {logging_mixin.py:104} INFO - [2022-05-14 21:20:29,728] {dag.py:1832} INFO - Sync 1 DAGs
[2022-05-14 21:20:29,742] {logging_mixin.py:104} INFO - [2022-05-14 21:20:29,742] {dag.py:2305} INFO - Setting next_dagrun for myBashDAG to 2022-05-14T00:00:00+00:00
[2022-05-14 21:20:29,756] {scheduler_job.py:190} INFO - Processing /opt/airflow/dags/my_dashDAG.py took 0.068 seconds
[2022-05-14 21:21:00,097] {scheduler_job.py:182} INFO - Started process (PID=2541) to work on /opt/airflow/dags/my_dashDAG.py
[2022-05-14 21:21:00,097] {scheduler_job.py:633} INFO - Processing file /opt/airflow/dags/my_dashDAG.py for tasks to queue
[2022-05-14 21:21:00,098] {logging_mixin.py:104} INFO - [2022-05-14 21:21:00,098] {dagbag.py:487} INFO - Filling up the DagBag from /opt/airflow/dags/my_dashDAG.py
[2022-05-14 21:21:00,114] {scheduler_job.py:643} INFO - DAG(s) dict_keys(['myBashDAG']) retrieved from /opt/airflow/dags/my_dashDAG.py
[2022-05-14 21:21:00,134] {logging_mixin.py:104} INFO - [2022-05-14 21:21:00,134] {dag.py:1832} INFO - Sync 1 DAGs
[2022-05-14 21:21:00,155] {logging_mixin.py:104} INFO - [2022-05-14 21:21:00,155] {dag.py:2305} INFO - Setting next_dagrun for myBashDAG to 2022-05-14T00:00:00+00:00
[2022-05-14 21:21:00,169] {scheduler_job.py:190} INFO - Processing /opt/airflow/dags/my_dashDAG.py took 0.074 seconds
[2022-05-14 21:21:30,610] {scheduler_job.py:182} INFO - Started process (PID=2576) to work on /opt/airflow/dags/my_dashDAG.py
[2022-05-14 21:21:30,612] {scheduler_job.py:633} INFO - Processing file /opt/airflow/dags/my_dashDAG.py for tasks to queue
[2022-05-14 21:21:30,614] {logging_mixin.py:104} INFO - [2022-05-14 21:21:30,614] {dagbag.py:487} INFO - Filling up the DagBag from /opt/airflow/dags/my_dashDAG.py
[2022-05-14 21:21:30,637] {scheduler_job.py:643} INFO - DAG(s) dict_keys(['myBashDAG']) retrieved from /opt/airflow/dags/my_dashDAG.py
[2022-05-14 21:21:30,653] {logging_mixin.py:104} INFO - [2022-05-14 21:21:30,653] {dag.py:1832} INFO - Sync 1 DAGs
[2022-05-14 21:21:30,664] {logging_mixin.py:104} INFO - [2022-05-14 21:21:30,664] {dag.py:2305} INFO - Setting next_dagrun for myBashDAG to 2022-05-14T00:00:00+00:00
[2022-05-14 21:21:30,669] {scheduler_job.py:190} INFO - Processing /opt/airflow/dags/my_dashDAG.py took 0.066 seconds
[2022-05-14 21:22:00,967] {scheduler_job.py:182} INFO - Started process (PID=2611) to work on /opt/airflow/dags/my_dashDAG.py
[2022-05-14 21:22:00,969] {scheduler_job.py:633} INFO - Processing file /opt/airflow/dags/my_dashDAG.py for tasks to queue
[2022-05-14 21:22:00,970] {logging_mixin.py:104} INFO - [2022-05-14 21:22:00,970] {dagbag.py:487} INFO - Filling up the DagBag from /opt/airflow/dags/my_dashDAG.py
[2022-05-14 21:22:00,999] {scheduler_job.py:643} INFO - DAG(s) dict_keys(['myBashDAG']) retrieved from /opt/airflow/dags/my_dashDAG.py
[2022-05-14 21:22:01,049] {logging_mixin.py:104} INFO - [2022-05-14 21:22:01,049] {dag.py:1832} INFO - Sync 1 DAGs
[2022-05-14 21:22:01,094] {logging_mixin.py:104} INFO - [2022-05-14 21:22:01,094] {dag.py:2305} INFO - Setting next_dagrun for myBashDAG to 2022-05-14T00:00:00+00:00
[2022-05-14 21:22:01,114] {scheduler_job.py:190} INFO - Processing /opt/airflow/dags/my_dashDAG.py took 0.155 seconds
[2022-05-14 21:22:31,343] {scheduler_job.py:182} INFO - Started process (PID=2646) to work on /opt/airflow/dags/my_dashDAG.py
[2022-05-14 21:22:31,343] {scheduler_job.py:633} INFO - Processing file /opt/airflow/dags/my_dashDAG.py for tasks to queue
[2022-05-14 21:22:31,344] {logging_mixin.py:104} INFO - [2022-05-14 21:22:31,344] {dagbag.py:487} INFO - Filling up the DagBag from /opt/airflow/dags/my_dashDAG.py
[2022-05-14 21:22:31,359] {scheduler_job.py:643} INFO - DAG(s) dict_keys(['myBashDAG']) retrieved from /opt/airflow/dags/my_dashDAG.py
[2022-05-14 21:22:31,376] {logging_mixin.py:104} INFO - [2022-05-14 21:22:31,376] {dag.py:1832} INFO - Sync 1 DAGs
[2022-05-14 21:22:31,394] {logging_mixin.py:104} INFO - [2022-05-14 21:22:31,394] {dag.py:2305} INFO - Setting next_dagrun for myBashDAG to 2022-05-14T00:00:00+00:00
[2022-05-14 21:22:31,400] {scheduler_job.py:190} INFO - Processing /opt/airflow/dags/my_dashDAG.py took 0.059 seconds
[2022-05-14 21:23:01,748] {scheduler_job.py:182} INFO - Started process (PID=2681) to work on /opt/airflow/dags/my_dashDAG.py
[2022-05-14 21:23:01,750] {scheduler_job.py:633} INFO - Processing file /opt/airflow/dags/my_dashDAG.py for tasks to queue
[2022-05-14 21:23:01,750] {logging_mixin.py:104} INFO - [2022-05-14 21:23:01,750] {dagbag.py:487} INFO - Filling up the DagBag from /opt/airflow/dags/my_dashDAG.py
[2022-05-14 21:23:01,764] {scheduler_job.py:643} INFO - DAG(s) dict_keys(['myBashDAG']) retrieved from /opt/airflow/dags/my_dashDAG.py
[2022-05-14 21:23:01,782] {logging_mixin.py:104} INFO - [2022-05-14 21:23:01,782] {dag.py:1832} INFO - Sync 1 DAGs
[2022-05-14 21:23:01,800] {logging_mixin.py:104} INFO - [2022-05-14 21:23:01,800] {dag.py:2305} INFO - Setting next_dagrun for myBashDAG to 2022-05-14T00:00:00+00:00
[2022-05-14 21:23:01,810] {scheduler_job.py:190} INFO - Processing /opt/airflow/dags/my_dashDAG.py took 0.066 seconds
[2022-05-14 21:23:32,180] {scheduler_job.py:182} INFO - Started process (PID=2716) to work on /opt/airflow/dags/my_dashDAG.py
[2022-05-14 21:23:32,181] {scheduler_job.py:633} INFO - Processing file /opt/airflow/dags/my_dashDAG.py for tasks to queue
[2022-05-14 21:23:32,181] {logging_mixin.py:104} INFO - [2022-05-14 21:23:32,181] {dagbag.py:487} INFO - Filling up the DagBag from /opt/airflow/dags/my_dashDAG.py
[2022-05-14 21:23:32,194] {scheduler_job.py:643} INFO - DAG(s) dict_keys(['myBashDAG']) retrieved from /opt/airflow/dags/my_dashDAG.py
[2022-05-14 21:23:32,214] {logging_mixin.py:104} INFO - [2022-05-14 21:23:32,214] {dag.py:1832} INFO - Sync 1 DAGs
[2022-05-14 21:23:32,233] {logging_mixin.py:104} INFO - [2022-05-14 21:23:32,233] {dag.py:2305} INFO - Setting next_dagrun for myBashDAG to 2022-05-14T00:00:00+00:00
[2022-05-14 21:23:32,248] {scheduler_job.py:190} INFO - Processing /opt/airflow/dags/my_dashDAG.py took 0.070 seconds
[2022-05-14 21:24:02,566] {scheduler_job.py:182} INFO - Started process (PID=2751) to work on /opt/airflow/dags/my_dashDAG.py
[2022-05-14 21:24:02,567] {scheduler_job.py:633} INFO - Processing file /opt/airflow/dags/my_dashDAG.py for tasks to queue
[2022-05-14 21:24:02,567] {logging_mixin.py:104} INFO - [2022-05-14 21:24:02,567] {dagbag.py:487} INFO - Filling up the DagBag from /opt/airflow/dags/my_dashDAG.py
[2022-05-14 21:24:02,577] {scheduler_job.py:643} INFO - DAG(s) dict_keys(['myBashDAG']) retrieved from /opt/airflow/dags/my_dashDAG.py
[2022-05-14 21:24:02,589] {logging_mixin.py:104} INFO - [2022-05-14 21:24:02,589] {dag.py:1832} INFO - Sync 1 DAGs
[2022-05-14 21:24:02,600] {logging_mixin.py:104} INFO - [2022-05-14 21:24:02,600] {dag.py:2305} INFO - Setting next_dagrun for myBashDAG to 2022-05-14T00:00:00+00:00
[2022-05-14 21:24:02,605] {scheduler_job.py:190} INFO - Processing /opt/airflow/dags/my_dashDAG.py took 0.045 seconds
