[2022-05-13 15:28:03,206] {taskinstance.py:876} INFO - Dependencies all met for <TaskInstance: my_dag_v0.0.1.my_task_1 2022-05-01T00:00:00+00:00 [queued]>
[2022-05-13 15:28:03,218] {taskinstance.py:876} INFO - Dependencies all met for <TaskInstance: my_dag_v0.0.1.my_task_1 2022-05-01T00:00:00+00:00 [queued]>
[2022-05-13 15:28:03,219] {taskinstance.py:1067} INFO - 
--------------------------------------------------------------------------------
[2022-05-13 15:28:03,219] {taskinstance.py:1068} INFO - Starting attempt 1 of 1
[2022-05-13 15:28:03,219] {taskinstance.py:1069} INFO - 
--------------------------------------------------------------------------------
[2022-05-13 15:28:03,226] {taskinstance.py:1087} INFO - Executing <Task(BashOperator): my_task_1> on 2022-05-01T00:00:00+00:00
[2022-05-13 15:28:03,230] {standard_task_runner.py:52} INFO - Started process 322 to run task
[2022-05-13 15:28:03,233] {standard_task_runner.py:76} INFO - Running: ['airflow', 'tasks', 'run', 'my_dag_v0.0.1', 'my_task_1', '2022-05-01T00:00:00+00:00', '--job-id', '8', '--pool', 'default_pool', '--raw', '--subdir', 'DAGS_FOLDER/my_dag_v_0_1_0_0.py', '--cfg-path', '/tmp/tmpq0jclwzi', '--error-file', '/tmp/tmpfh0g0_tf']
[2022-05-13 15:28:03,235] {standard_task_runner.py:77} INFO - Job 8: Subtask my_task_1
[2022-05-13 15:28:03,264] {logging_mixin.py:104} INFO - Running <TaskInstance: my_dag_v0.0.1.my_task_1 2022-05-01T00:00:00+00:00 [running]> on host bacb497a28fb
[2022-05-13 15:28:03,303] {taskinstance.py:1282} INFO - Exporting the following env vars:
AIRFLOW_CTX_DAG_EMAIL=msbeni@gmail.com
AIRFLOW_CTX_DAG_OWNER=msbeni
AIRFLOW_CTX_DAG_ID=my_dag_v0.0.1
AIRFLOW_CTX_TASK_ID=my_task_1
AIRFLOW_CTX_EXECUTION_DATE=2022-05-01T00:00:00+00:00
AIRFLOW_CTX_DAG_RUN_ID=scheduled__2022-05-01T00:00:00+00:00
[2022-05-13 15:28:03,304] {subprocess.py:52} INFO - Tmp dir root location: 
 /tmp
[2022-05-13 15:28:03,304] {subprocess.py:63} INFO - Running command: ['bash', '-c', "echo 'task 1' && sleep 10"]
[2022-05-13 15:28:03,311] {subprocess.py:75} INFO - Output:
[2022-05-13 15:28:03,312] {subprocess.py:79} INFO - task 1
[2022-05-13 15:28:13,315] {subprocess.py:83} INFO - Command exited with return code 0
[2022-05-13 15:28:13,364] {taskinstance.py:1191} INFO - Marking task as SUCCESS. dag_id=my_dag_v0.0.1, task_id=my_task_1, execution_date=20220501T000000, start_date=20220513T152803, end_date=20220513T152813
[2022-05-13 15:28:13,395] {taskinstance.py:1245} INFO - 1 downstream tasks scheduled from follow-on schedule check
[2022-05-13 15:28:13,411] {local_task_job.py:151} INFO - Task exited with return code 0
