[2022-05-12 21:41:18,389] {taskinstance.py:876} INFO - Dependencies all met for <TaskInstance: my_dag.my_task_2 2022-05-12T21:41:16.043003+00:00 [queued]>
[2022-05-12 21:41:18,397] {taskinstance.py:876} INFO - Dependencies all met for <TaskInstance: my_dag.my_task_2 2022-05-12T21:41:16.043003+00:00 [queued]>
[2022-05-12 21:41:18,397] {taskinstance.py:1067} INFO - 
--------------------------------------------------------------------------------
[2022-05-12 21:41:18,397] {taskinstance.py:1068} INFO - Starting attempt 1 of 1
[2022-05-12 21:41:18,398] {taskinstance.py:1069} INFO - 
--------------------------------------------------------------------------------
[2022-05-12 21:41:18,405] {taskinstance.py:1087} INFO - Executing <Task(BashOperator): my_task_2> on 2022-05-12T21:41:16.043003+00:00
[2022-05-12 21:41:18,409] {standard_task_runner.py:52} INFO - Started process 1411 to run task
[2022-05-12 21:41:18,411] {standard_task_runner.py:76} INFO - Running: ['airflow', 'tasks', 'run', 'my_dag', 'my_task_2', '2022-05-12T21:41:16.043003+00:00', '--job-id', '17', '--pool', 'default_pool', '--raw', '--subdir', 'DAGS_FOLDER/my_dag.py', '--cfg-path', '/tmp/tmptx8mt81h', '--error-file', '/tmp/tmp5aux_q8c']
[2022-05-12 21:41:18,413] {standard_task_runner.py:77} INFO - Job 17: Subtask my_task_2
[2022-05-12 21:41:18,437] {logging_mixin.py:104} INFO - Running <TaskInstance: my_dag.my_task_2 2022-05-12T21:41:16.043003+00:00 [running]> on host 7b5fcf14949b
[2022-05-12 21:41:18,470] {taskinstance.py:1282} INFO - Exporting the following env vars:
AIRFLOW_CTX_DAG_OWNER=mohasa
AIRFLOW_CTX_DAG_ID=my_dag
AIRFLOW_CTX_TASK_ID=my_task_2
AIRFLOW_CTX_EXECUTION_DATE=2022-05-12T21:41:16.043003+00:00
AIRFLOW_CTX_DAG_RUN_ID=manual__2022-05-12T21:41:16.043003+00:00
[2022-05-12 21:41:18,470] {subprocess.py:52} INFO - Tmp dir root location: 
 /tmp
[2022-05-12 21:41:18,471] {subprocess.py:63} INFO - Running command: ['bash', '-c', "echo 'my task 2'"]
[2022-05-12 21:41:18,476] {subprocess.py:75} INFO - Output:
[2022-05-12 21:41:18,477] {subprocess.py:79} INFO - my task 2
[2022-05-12 21:41:18,477] {subprocess.py:83} INFO - Command exited with return code 0
[2022-05-12 21:41:18,494] {taskinstance.py:1191} INFO - Marking task as SUCCESS. dag_id=my_dag, task_id=my_task_2, execution_date=20220512T214116, start_date=20220512T214118, end_date=20220512T214118
[2022-05-12 21:41:18,509] {taskinstance.py:1245} INFO - 0 downstream tasks scheduled from follow-on schedule check
[2022-05-12 21:41:18,543] {local_task_job.py:151} INFO - Task exited with return code 0
