[2022-05-15 21:42:40,832] {taskinstance.py:876} INFO - Dependencies all met for <TaskInstance: GCPetlDAG.mkdir_hourly_op 2022-05-15T21:42:36.697378+00:00 [queued]>
[2022-05-15 21:42:40,844] {taskinstance.py:876} INFO - Dependencies all met for <TaskInstance: GCPetlDAG.mkdir_hourly_op 2022-05-15T21:42:36.697378+00:00 [queued]>
[2022-05-15 21:42:40,844] {taskinstance.py:1067} INFO - 
--------------------------------------------------------------------------------
[2022-05-15 21:42:40,844] {taskinstance.py:1068} INFO - Starting attempt 1 of 1
[2022-05-15 21:42:40,844] {taskinstance.py:1069} INFO - 
--------------------------------------------------------------------------------
[2022-05-15 21:42:40,849] {taskinstance.py:1087} INFO - Executing <Task(BashOperator): mkdir_hourly_op> on 2022-05-15T21:42:36.697378+00:00
[2022-05-15 21:42:40,855] {standard_task_runner.py:52} INFO - Started process 50165 to run task
[2022-05-15 21:42:40,857] {standard_task_runner.py:76} INFO - Running: ['airflow', 'tasks', 'run', 'GCPetlDAG', 'mkdir_hourly_op', '2022-05-15T21:42:36.697378+00:00', '--job-id', '5', '--pool', 'default_pool', '--raw', '--subdir', 'DAGS_FOLDER/my_gcpPipeLine.py', '--cfg-path', '/tmp/tmpzyxapac4', '--error-file', '/tmp/tmpcaheg693']
[2022-05-15 21:42:40,859] {standard_task_runner.py:77} INFO - Job 5: Subtask mkdir_hourly_op
[2022-05-15 21:42:40,884] {logging_mixin.py:104} INFO - Running <TaskInstance: GCPetlDAG.mkdir_hourly_op 2022-05-15T21:42:36.697378+00:00 [running]> on host 7190ca705fc5
[2022-05-15 21:42:40,929] {taskinstance.py:1282} INFO - Exporting the following env vars:
AIRFLOW_CTX_DAG_OWNER=msbeni
AIRFLOW_CTX_DAG_ID=GCPetlDAG
AIRFLOW_CTX_TASK_ID=mkdir_hourly_op
AIRFLOW_CTX_EXECUTION_DATE=2022-05-15T21:42:36.697378+00:00
AIRFLOW_CTX_DAG_RUN_ID=manual__2022-05-15T21:42:36.697378+00:00
[2022-05-15 21:42:40,930] {subprocess.py:52} INFO - Tmp dir root location: 
 /tmp
[2022-05-15 21:42:40,931] {subprocess.py:63} INFO - Running command: ['bash', '-c', "cd /opt/airflow/dags/data/ && mkdir '2022-05-15'"]
[2022-05-15 21:42:40,938] {subprocess.py:75} INFO - Output:
[2022-05-15 21:42:40,940] {subprocess.py:83} INFO - Command exited with return code 0
[2022-05-15 21:42:40,949] {taskinstance.py:1191} INFO - Marking task as SUCCESS. dag_id=GCPetlDAG, task_id=mkdir_hourly_op, execution_date=20220515T214236, start_date=20220515T214240, end_date=20220515T214240
[2022-05-15 21:42:40,966] {taskinstance.py:1245} INFO - 1 downstream tasks scheduled from follow-on schedule check
[2022-05-15 21:42:40,989] {local_task_job.py:151} INFO - Task exited with return code 0
