[2022-05-13 16:38:06,346] {taskinstance.py:876} INFO - Dependencies all met for <TaskInstance: my_dag_v0.0.2.store 2022-05-13T16:36:52.004859+00:00 [queued]>
[2022-05-13 16:38:06,376] {taskinstance.py:876} INFO - Dependencies all met for <TaskInstance: my_dag_v0.0.2.store 2022-05-13T16:36:52.004859+00:00 [queued]>
[2022-05-13 16:38:06,376] {taskinstance.py:1067} INFO - 
--------------------------------------------------------------------------------
[2022-05-13 16:38:06,376] {taskinstance.py:1068} INFO - Starting attempt 1 of 1
[2022-05-13 16:38:06,377] {taskinstance.py:1069} INFO - 
--------------------------------------------------------------------------------
[2022-05-13 16:38:06,383] {taskinstance.py:1087} INFO - Executing <Task(PythonOperator): store> on 2022-05-13T16:36:52.004859+00:00
[2022-05-13 16:38:06,393] {standard_task_runner.py:52} INFO - Started process 2181 to run task
[2022-05-13 16:38:06,396] {standard_task_runner.py:76} INFO - Running: ['airflow', 'tasks', 'run', 'my_dag_v0.0.2', 'store', '2022-05-13T16:36:52.004859+00:00', '--job-id', '48', '--pool', 'default_pool', '--raw', '--subdir', 'DAGS_FOLDER/my_dag_v_0_1_0_1.py', '--cfg-path', '/tmp/tmphe9z2os8', '--error-file', '/tmp/tmp861e4mtb']
[2022-05-13 16:38:06,398] {standard_task_runner.py:77} INFO - Job 48: Subtask store
[2022-05-13 16:38:06,436] {logging_mixin.py:104} INFO - Running <TaskInstance: my_dag_v0.0.2.store 2022-05-13T16:36:52.004859+00:00 [running]> on host bacb497a28fb
[2022-05-13 16:38:06,491] {taskinstance.py:1282} INFO - Exporting the following env vars:
AIRFLOW_CTX_DAG_EMAIL=msbeni@gmail.com
AIRFLOW_CTX_DAG_OWNER=msbeni
AIRFLOW_CTX_DAG_ID=my_dag_v0.0.2
AIRFLOW_CTX_TASK_ID=store
AIRFLOW_CTX_EXECUTION_DATE=2022-05-13T16:36:52.004859+00:00
AIRFLOW_CTX_DAG_RUN_ID=manual__2022-05-13T16:36:52.004859+00:00
[2022-05-13 16:38:06,492] {python.py:151} INFO - Done. Returned value was: None
[2022-05-13 16:38:06,503] {taskinstance.py:1191} INFO - Marking task as SUCCESS. dag_id=my_dag_v0.0.2, task_id=store, execution_date=20220513T163652, start_date=20220513T163806, end_date=20220513T163806
[2022-05-13 16:38:06,527] {taskinstance.py:1245} INFO - 0 downstream tasks scheduled from follow-on schedule check
[2022-05-13 16:38:06,569] {local_task_job.py:151} INFO - Task exited with return code 0
