[2022-05-15 21:46:02,713] {taskinstance.py:876} INFO - Dependencies all met for <TaskInstance: GCPetlDAG.create_bq_table 2022-05-15T21:45:55.603550+00:00 [queued]>
[2022-05-15 21:46:02,726] {taskinstance.py:876} INFO - Dependencies all met for <TaskInstance: GCPetlDAG.create_bq_table 2022-05-15T21:45:55.603550+00:00 [queued]>
[2022-05-15 21:46:02,726] {taskinstance.py:1067} INFO - 
--------------------------------------------------------------------------------
[2022-05-15 21:46:02,726] {taskinstance.py:1068} INFO - Starting attempt 1 of 1
[2022-05-15 21:46:02,727] {taskinstance.py:1069} INFO - 
--------------------------------------------------------------------------------
[2022-05-15 21:46:02,732] {taskinstance.py:1087} INFO - Executing <Task(PythonOperator): create_bq_table> on 2022-05-15T21:45:55.603550+00:00
[2022-05-15 21:46:02,738] {standard_task_runner.py:52} INFO - Started process 50735 to run task
[2022-05-15 21:46:02,741] {standard_task_runner.py:76} INFO - Running: ['airflow', 'tasks', 'run', 'GCPetlDAG', 'create_bq_table', '2022-05-15T21:45:55.603550+00:00', '--job-id', '13', '--pool', 'default_pool', '--raw', '--subdir', 'DAGS_FOLDER/my_gcpPipeLine.py', '--cfg-path', '/tmp/tmp5kbuqcee', '--error-file', '/tmp/tmp1sw9ja19']
[2022-05-15 21:46:02,743] {standard_task_runner.py:77} INFO - Job 13: Subtask create_bq_table
[2022-05-15 21:46:02,773] {logging_mixin.py:104} INFO - Running <TaskInstance: GCPetlDAG.create_bq_table 2022-05-15T21:45:55.603550+00:00 [running]> on host 7190ca705fc5
[2022-05-15 21:46:02,824] {taskinstance.py:1282} INFO - Exporting the following env vars:
AIRFLOW_CTX_DAG_OWNER=msbeni
AIRFLOW_CTX_DAG_ID=GCPetlDAG
AIRFLOW_CTX_TASK_ID=create_bq_table
AIRFLOW_CTX_EXECUTION_DATE=2022-05-15T21:45:55.603550+00:00
AIRFLOW_CTX_DAG_RUN_ID=manual__2022-05-15T21:45:55.603550+00:00
[2022-05-15 21:46:07,701] {logging_mixin.py:104} INFO - <google.cloud.bigquery.job.load.LoadJob object at 0x7fd521ea10b8>
[2022-05-15 21:46:07,701] {python.py:151} INFO - Done. Returned value was: None
[2022-05-15 21:46:07,711] {taskinstance.py:1191} INFO - Marking task as SUCCESS. dag_id=GCPetlDAG, task_id=create_bq_table, execution_date=20220515T214555, start_date=20220515T214602, end_date=20220515T214607
[2022-05-15 21:46:07,731] {taskinstance.py:1245} INFO - 1 downstream tasks scheduled from follow-on schedule check
[2022-05-15 21:46:07,748] {local_task_job.py:151} INFO - Task exited with return code 0
