[2022-05-14 02:49:57,478] {taskinstance.py:876} INFO - Dependencies all met for <TaskInstance: pyDAGdec.dec_task_1 2022-05-14T02:49:56.231148+00:00 [queued]>
[2022-05-14 02:49:57,489] {taskinstance.py:876} INFO - Dependencies all met for <TaskInstance: pyDAGdec.dec_task_1 2022-05-14T02:49:56.231148+00:00 [queued]>
[2022-05-14 02:49:57,489] {taskinstance.py:1067} INFO - 
--------------------------------------------------------------------------------
[2022-05-14 02:49:57,489] {taskinstance.py:1068} INFO - Starting attempt 1 of 1
[2022-05-14 02:49:57,490] {taskinstance.py:1069} INFO - 
--------------------------------------------------------------------------------
[2022-05-14 02:49:57,495] {taskinstance.py:1087} INFO - Executing <Task(_PythonDecoratedOperator): dec_task_1> on 2022-05-14T02:49:56.231148+00:00
[2022-05-14 02:49:57,498] {standard_task_runner.py:52} INFO - Started process 6425 to run task
[2022-05-14 02:49:57,501] {standard_task_runner.py:76} INFO - Running: ['airflow', 'tasks', 'run', 'pyDAGdec', 'dec_task_1', '2022-05-14T02:49:56.231148+00:00', '--job-id', '6', '--pool', 'default_pool', '--raw', '--subdir', 'DAGS_FOLDER/my_pydag_decorator.py', '--cfg-path', '/tmp/tmp8uli10vz', '--error-file', '/tmp/tmp8q2wzcu6']
[2022-05-14 02:49:57,502] {standard_task_runner.py:77} INFO - Job 6: Subtask dec_task_1
[2022-05-14 02:49:57,526] {logging_mixin.py:104} INFO - Running <TaskInstance: pyDAGdec.dec_task_1 2022-05-14T02:49:56.231148+00:00 [running]> on host d011519e5366
[2022-05-14 02:49:57,558] {taskinstance.py:1282} INFO - Exporting the following env vars:
AIRFLOW_CTX_DAG_OWNER=airflow
AIRFLOW_CTX_DAG_ID=pyDAGdec
AIRFLOW_CTX_TASK_ID=dec_task_1
AIRFLOW_CTX_EXECUTION_DATE=2022-05-14T02:49:56.231148+00:00
AIRFLOW_CTX_DAG_RUN_ID=manual__2022-05-14T02:49:56.231148+00:00
[2022-05-14 02:49:57,558] {logging_mixin.py:104} INFO - /usr/bin/airflow/myFileName - 2022-05-14
[2022-05-14 02:49:57,558] {python.py:151} INFO - Done. Returned value was: None
[2022-05-14 02:49:57,566] {taskinstance.py:1191} INFO - Marking task as SUCCESS. dag_id=pyDAGdec, task_id=dec_task_1, execution_date=20220514T024956, start_date=20220514T024957, end_date=20220514T024957
[2022-05-14 02:49:57,582] {taskinstance.py:1245} INFO - 1 downstream tasks scheduled from follow-on schedule check
[2022-05-14 02:49:57,592] {local_task_job.py:151} INFO - Task exited with return code 0
