[2022-05-15 01:14:10,724] {taskinstance.py:876} INFO - Dependencies all met for <TaskInstance: myBranchWeekDayDAG.is_wednesday 2022-05-15T01:14:07.887632+00:00 [queued]>
[2022-05-15 01:14:10,738] {taskinstance.py:876} INFO - Dependencies all met for <TaskInstance: myBranchWeekDayDAG.is_wednesday 2022-05-15T01:14:07.887632+00:00 [queued]>
[2022-05-15 01:14:10,738] {taskinstance.py:1067} INFO - 
--------------------------------------------------------------------------------
[2022-05-15 01:14:10,738] {taskinstance.py:1068} INFO - Starting attempt 1 of 1
[2022-05-15 01:14:10,739] {taskinstance.py:1069} INFO - 
--------------------------------------------------------------------------------
[2022-05-15 01:14:10,753] {taskinstance.py:1087} INFO - Executing <Task(BranchDayOfWeekOperator): is_wednesday> on 2022-05-15T01:14:07.887632+00:00
[2022-05-15 01:14:10,759] {standard_task_runner.py:52} INFO - Started process 26201 to run task
[2022-05-15 01:14:10,765] {standard_task_runner.py:76} INFO - Running: ['airflow', 'tasks', 'run', 'myBranchWeekDayDAG', 'is_wednesday', '2022-05-15T01:14:07.887632+00:00', '--job-id', '27', '--pool', 'default_pool', '--raw', '--subdir', 'DAGS_FOLDER/my_BranchDayWeekOptDAG.py', '--cfg-path', '/tmp/tmprhbayshm', '--error-file', '/tmp/tmprnc5cza9']
[2022-05-15 01:14:10,771] {standard_task_runner.py:77} INFO - Job 27: Subtask is_wednesday
[2022-05-15 01:14:10,806] {logging_mixin.py:104} INFO - Running <TaskInstance: myBranchWeekDayDAG.is_wednesday 2022-05-15T01:14:07.887632+00:00 [running]> on host d011519e5366
[2022-05-15 01:14:10,845] {taskinstance.py:1282} INFO - Exporting the following env vars:
AIRFLOW_CTX_DAG_OWNER=airflow
AIRFLOW_CTX_DAG_ID=myBranchWeekDayDAG
AIRFLOW_CTX_TASK_ID=is_wednesday
AIRFLOW_CTX_EXECUTION_DATE=2022-05-15T01:14:07.887632+00:00
AIRFLOW_CTX_DAG_RUN_ID=manual__2022-05-15T01:14:07.887632+00:00
[2022-05-15 01:14:10,846] {skipmixin.py:124} INFO - Following branch ['task_end']
[2022-05-15 01:14:10,853] {skipmixin.py:155} INFO - Skipping tasks ['task_c_bdwo']
[2022-05-15 01:14:10,944] {taskinstance.py:1191} INFO - Marking task as SUCCESS. dag_id=myBranchWeekDayDAG, task_id=is_wednesday, execution_date=20220515T011407, start_date=20220515T011410, end_date=20220515T011410
[2022-05-15 01:14:11,017] {taskinstance.py:1245} INFO - 1 downstream tasks scheduled from follow-on schedule check
[2022-05-15 01:14:11,057] {local_task_job.py:151} INFO - Task exited with return code 0
