[2022-05-12 21:41:15,050] {taskinstance.py:876} INFO - Dependencies all met for <TaskInstance: my_dag.my_task_2 2022-05-12T21:38:02.795437+00:00 [queued]>
[2022-05-12 21:41:15,058] {taskinstance.py:876} INFO - Dependencies all met for <TaskInstance: my_dag.my_task_2 2022-05-12T21:38:02.795437+00:00 [queued]>
[2022-05-12 21:41:15,058] {taskinstance.py:1067} INFO - 
--------------------------------------------------------------------------------
[2022-05-12 21:41:15,058] {taskinstance.py:1068} INFO - Starting attempt 1 of 1
[2022-05-12 21:41:15,059] {taskinstance.py:1069} INFO - 
--------------------------------------------------------------------------------
[2022-05-12 21:41:15,068] {taskinstance.py:1087} INFO - Executing <Task(BashOperator): my_task_2> on 2022-05-12T21:38:02.795437+00:00
[2022-05-12 21:41:15,072] {standard_task_runner.py:52} INFO - Started process 1406 to run task
[2022-05-12 21:41:15,075] {standard_task_runner.py:76} INFO - Running: ['airflow', 'tasks', 'run', 'my_dag', 'my_task_2', '2022-05-12T21:38:02.795437+00:00', '--job-id', '15', '--pool', 'default_pool', '--raw', '--subdir', 'DAGS_FOLDER/my_dag.py', '--cfg-path', '/tmp/tmpnxjyh2_t', '--error-file', '/tmp/tmp8ur210lm']
[2022-05-12 21:41:15,078] {standard_task_runner.py:77} INFO - Job 15: Subtask my_task_2
[2022-05-12 21:41:15,113] {logging_mixin.py:104} INFO - Running <TaskInstance: my_dag.my_task_2 2022-05-12T21:38:02.795437+00:00 [running]> on host 7b5fcf14949b
[2022-05-12 21:41:15,152] {taskinstance.py:1282} INFO - Exporting the following env vars:
AIRFLOW_CTX_DAG_OWNER=mohasa
AIRFLOW_CTX_DAG_ID=my_dag
AIRFLOW_CTX_TASK_ID=my_task_2
AIRFLOW_CTX_EXECUTION_DATE=2022-05-12T21:38:02.795437+00:00
AIRFLOW_CTX_DAG_RUN_ID=manual__2022-05-12T21:38:02.795437+00:00
[2022-05-12 21:41:15,153] {subprocess.py:52} INFO - Tmp dir root location: 
 /tmp
[2022-05-12 21:41:15,153] {subprocess.py:63} INFO - Running command: ['bash', '-c', "echo 'my task 2'"]
[2022-05-12 21:41:15,163] {subprocess.py:75} INFO - Output:
[2022-05-12 21:41:15,170] {subprocess.py:79} INFO - my task 2
[2022-05-12 21:41:15,170] {subprocess.py:83} INFO - Command exited with return code 0
[2022-05-12 21:41:15,191] {taskinstance.py:1191} INFO - Marking task as SUCCESS. dag_id=my_dag, task_id=my_task_2, execution_date=20220512T213802, start_date=20220512T214115, end_date=20220512T214115
[2022-05-12 21:41:15,207] {taskinstance.py:1245} INFO - 0 downstream tasks scheduled from follow-on schedule check
[2022-05-12 21:41:15,247] {local_task_job.py:151} INFO - Task exited with return code 0
