[2022-05-13 16:36:53,022] {taskinstance.py:876} INFO - Dependencies all met for <TaskInstance: my_dag_v0.0.2.extract_b 2022-05-13T16:36:52.004859+00:00 [queued]>
[2022-05-13 16:36:53,033] {taskinstance.py:876} INFO - Dependencies all met for <TaskInstance: my_dag_v0.0.2.extract_b 2022-05-13T16:36:52.004859+00:00 [queued]>
[2022-05-13 16:36:53,033] {taskinstance.py:1067} INFO - 
--------------------------------------------------------------------------------
[2022-05-13 16:36:53,034] {taskinstance.py:1068} INFO - Starting attempt 1 of 1
[2022-05-13 16:36:53,034] {taskinstance.py:1069} INFO - 
--------------------------------------------------------------------------------
[2022-05-13 16:36:53,041] {taskinstance.py:1087} INFO - Executing <Task(BashOperator): extract_b> on 2022-05-13T16:36:52.004859+00:00
[2022-05-13 16:36:53,048] {standard_task_runner.py:52} INFO - Started process 2138 to run task
[2022-05-13 16:36:53,050] {standard_task_runner.py:76} INFO - Running: ['airflow', 'tasks', 'run', 'my_dag_v0.0.2', 'extract_b', '2022-05-13T16:36:52.004859+00:00', '--job-id', '44', '--pool', 'default_pool', '--raw', '--subdir', 'DAGS_FOLDER/my_dag_v_0_1_0_1.py', '--cfg-path', '/tmp/tmp3jno7o18', '--error-file', '/tmp/tmpygau4_m5']
[2022-05-13 16:36:53,052] {standard_task_runner.py:77} INFO - Job 44: Subtask extract_b
[2022-05-13 16:36:53,078] {logging_mixin.py:104} INFO - Running <TaskInstance: my_dag_v0.0.2.extract_b 2022-05-13T16:36:52.004859+00:00 [running]> on host bacb497a28fb
[2022-05-13 16:36:53,114] {taskinstance.py:1282} INFO - Exporting the following env vars:
AIRFLOW_CTX_DAG_EMAIL=msbeni@gmail.com
AIRFLOW_CTX_DAG_OWNER=msbeni
AIRFLOW_CTX_DAG_ID=my_dag_v0.0.2
AIRFLOW_CTX_TASK_ID=extract_b
AIRFLOW_CTX_EXECUTION_DATE=2022-05-13T16:36:52.004859+00:00
AIRFLOW_CTX_DAG_RUN_ID=manual__2022-05-13T16:36:52.004859+00:00
[2022-05-13 16:36:53,114] {subprocess.py:52} INFO - Tmp dir root location: 
 /tmp
[2022-05-13 16:36:53,114] {subprocess.py:63} INFO - Running command: ['bash', '-c', "echo 'task 1' && sleep 10"]
[2022-05-13 16:36:53,119] {subprocess.py:75} INFO - Output:
[2022-05-13 16:36:53,120] {subprocess.py:79} INFO - task 1
[2022-05-13 16:37:03,122] {subprocess.py:83} INFO - Command exited with return code 0
[2022-05-13 16:37:03,140] {taskinstance.py:1191} INFO - Marking task as SUCCESS. dag_id=my_dag_v0.0.2, task_id=extract_b, execution_date=20220513T163652, start_date=20220513T163653, end_date=20220513T163703
[2022-05-13 16:37:03,165] {taskinstance.py:1245} INFO - 0 downstream tasks scheduled from follow-on schedule check
[2022-05-13 16:37:03,171] {local_task_job.py:151} INFO - Task exited with return code 0
