[2022-05-15 21:58:47,905] {taskinstance.py:876} INFO - Dependencies all met for <TaskInstance: GCPetlDAG.create_bq_table 2022-05-15T21:58:38.600320+00:00 [queued]>
[2022-05-15 21:58:47,917] {taskinstance.py:876} INFO - Dependencies all met for <TaskInstance: GCPetlDAG.create_bq_table 2022-05-15T21:58:38.600320+00:00 [queued]>
[2022-05-15 21:58:47,917] {taskinstance.py:1067} INFO - 
--------------------------------------------------------------------------------
[2022-05-15 21:58:47,917] {taskinstance.py:1068} INFO - Starting attempt 1 of 1
[2022-05-15 21:58:47,917] {taskinstance.py:1069} INFO - 
--------------------------------------------------------------------------------
[2022-05-15 21:58:47,922] {taskinstance.py:1087} INFO - Executing <Task(PythonOperator): create_bq_table> on 2022-05-15T21:58:38.600320+00:00
[2022-05-15 21:58:47,927] {standard_task_runner.py:52} INFO - Started process 52849 to run task
[2022-05-15 21:58:47,929] {standard_task_runner.py:76} INFO - Running: ['airflow', 'tasks', 'run', 'GCPetlDAG', 'create_bq_table', '2022-05-15T21:58:38.600320+00:00', '--job-id', '36', '--pool', 'default_pool', '--raw', '--subdir', 'DAGS_FOLDER/my_gcpPipeLine.py', '--cfg-path', '/tmp/tmplxxrogx8', '--error-file', '/tmp/tmpnep5caw1']
[2022-05-15 21:58:47,931] {standard_task_runner.py:77} INFO - Job 36: Subtask create_bq_table
[2022-05-15 21:58:47,956] {logging_mixin.py:104} INFO - Running <TaskInstance: GCPetlDAG.create_bq_table 2022-05-15T21:58:38.600320+00:00 [running]> on host 7190ca705fc5
[2022-05-15 21:58:48,015] {taskinstance.py:1282} INFO - Exporting the following env vars:
AIRFLOW_CTX_DAG_OWNER=msbeni
AIRFLOW_CTX_DAG_ID=GCPetlDAG
AIRFLOW_CTX_TASK_ID=create_bq_table
AIRFLOW_CTX_EXECUTION_DATE=2022-05-15T21:58:38.600320+00:00
AIRFLOW_CTX_DAG_RUN_ID=manual__2022-05-15T21:58:38.600320+00:00
[2022-05-15 21:58:48,431] {logging_mixin.py:104} INFO - Table my-second-project-341619.bitcoin_price_ds.bitcoin_price already exists.
[2022-05-15 21:58:48,432] {python.py:151} INFO - Done. Returned value was: None
[2022-05-15 21:58:48,464] {taskinstance.py:1191} INFO - Marking task as SUCCESS. dag_id=GCPetlDAG, task_id=create_bq_table, execution_date=20220515T215838, start_date=20220515T215847, end_date=20220515T215848
[2022-05-15 21:58:48,491] {taskinstance.py:1245} INFO - 1 downstream tasks scheduled from follow-on schedule check
[2022-05-15 21:58:48,504] {local_task_job.py:151} INFO - Task exited with return code 0
