[2022-05-13 15:25:25,034] {taskinstance.py:876} INFO - Dependencies all met for <TaskInstance: my_dag_v0.0.1.my_task_3 2022-05-12T00:00:00+00:00 [queued]>
[2022-05-13 15:25:25,055] {taskinstance.py:876} INFO - Dependencies all met for <TaskInstance: my_dag_v0.0.1.my_task_3 2022-05-12T00:00:00+00:00 [queued]>
[2022-05-13 15:25:25,055] {taskinstance.py:1067} INFO - 
--------------------------------------------------------------------------------
[2022-05-13 15:25:25,055] {taskinstance.py:1068} INFO - Starting attempt 1 of 1
[2022-05-13 15:25:25,056] {taskinstance.py:1069} INFO - 
--------------------------------------------------------------------------------
[2022-05-13 15:25:25,064] {taskinstance.py:1087} INFO - Executing <Task(PythonOperator): my_task_3> on 2022-05-12T00:00:00+00:00
[2022-05-13 15:25:25,078] {standard_task_runner.py:52} INFO - Started process 251 to run task
[2022-05-13 15:25:25,084] {standard_task_runner.py:76} INFO - Running: ['airflow', 'tasks', 'run', 'my_dag_v0.0.1', 'my_task_3', '2022-05-12T00:00:00+00:00', '--job-id', '4', '--pool', 'default_pool', '--raw', '--subdir', 'DAGS_FOLDER/my_dag_v_0_1_0_0.py', '--cfg-path', '/tmp/tmpwidzb8lh', '--error-file', '/tmp/tmpeosy199b']
[2022-05-13 15:25:25,086] {standard_task_runner.py:77} INFO - Job 4: Subtask my_task_3
[2022-05-13 15:25:25,119] {logging_mixin.py:104} INFO - Running <TaskInstance: my_dag_v0.0.1.my_task_3 2022-05-12T00:00:00+00:00 [running]> on host bacb497a28fb
[2022-05-13 15:25:25,157] {taskinstance.py:1282} INFO - Exporting the following env vars:
AIRFLOW_CTX_DAG_EMAIL=msbeni@gmail.com
AIRFLOW_CTX_DAG_OWNER=msbeni
AIRFLOW_CTX_DAG_ID=my_dag_v0.0.1
AIRFLOW_CTX_TASK_ID=my_task_3
AIRFLOW_CTX_EXECUTION_DATE=2022-05-12T00:00:00+00:00
AIRFLOW_CTX_DAG_RUN_ID=scheduled__2022-05-12T00:00:00+00:00
[2022-05-13 15:25:25,157] {python.py:151} INFO - Done. Returned value was: None
[2022-05-13 15:25:25,164] {taskinstance.py:1191} INFO - Marking task as SUCCESS. dag_id=my_dag_v0.0.1, task_id=my_task_3, execution_date=20220512T000000, start_date=20220513T152525, end_date=20220513T152525
[2022-05-13 15:25:25,181] {taskinstance.py:1245} INFO - 0 downstream tasks scheduled from follow-on schedule check
[2022-05-13 15:25:25,215] {local_task_job.py:151} INFO - Task exited with return code 0
