[2022-05-15 21:57:03,835] {taskinstance.py:876} INFO - Dependencies all met for <TaskInstance: GCPetlDAG.wait_for_table_creation_task 2022-05-15T21:56:54.437298+00:00 [queued]>
[2022-05-15 21:57:03,845] {taskinstance.py:876} INFO - Dependencies all met for <TaskInstance: GCPetlDAG.wait_for_table_creation_task 2022-05-15T21:56:54.437298+00:00 [queued]>
[2022-05-15 21:57:03,845] {taskinstance.py:1067} INFO - 
--------------------------------------------------------------------------------
[2022-05-15 21:57:03,845] {taskinstance.py:1068} INFO - Starting attempt 1 of 1
[2022-05-15 21:57:03,845] {taskinstance.py:1069} INFO - 
--------------------------------------------------------------------------------
[2022-05-15 21:57:03,850] {taskinstance.py:1087} INFO - Executing <Task(BashOperator): wait_for_table_creation_task> on 2022-05-15T21:56:54.437298+00:00
[2022-05-15 21:57:03,855] {standard_task_runner.py:52} INFO - Started process 52583 to run task
[2022-05-15 21:57:03,857] {standard_task_runner.py:76} INFO - Running: ['airflow', 'tasks', 'run', 'GCPetlDAG', 'wait_for_table_creation_task', '2022-05-15T21:56:54.437298+00:00', '--job-id', '31', '--pool', 'default_pool', '--raw', '--subdir', 'DAGS_FOLDER/my_gcpPipeLine.py', '--cfg-path', '/tmp/tmpmt3d8rs_', '--error-file', '/tmp/tmpxmyj1pnz']
[2022-05-15 21:57:03,859] {standard_task_runner.py:77} INFO - Job 31: Subtask wait_for_table_creation_task
[2022-05-15 21:57:03,883] {logging_mixin.py:104} INFO - Running <TaskInstance: GCPetlDAG.wait_for_table_creation_task 2022-05-15T21:56:54.437298+00:00 [running]> on host 7190ca705fc5
[2022-05-15 21:57:03,915] {taskinstance.py:1282} INFO - Exporting the following env vars:
AIRFLOW_CTX_DAG_OWNER=msbeni
AIRFLOW_CTX_DAG_ID=GCPetlDAG
AIRFLOW_CTX_TASK_ID=wait_for_table_creation_task
AIRFLOW_CTX_EXECUTION_DATE=2022-05-15T21:56:54.437298+00:00
AIRFLOW_CTX_DAG_RUN_ID=manual__2022-05-15T21:56:54.437298+00:00
[2022-05-15 21:57:03,916] {subprocess.py:52} INFO - Tmp dir root location: 
 /tmp
[2022-05-15 21:57:03,916] {subprocess.py:63} INFO - Running command: ['bash', '-c', "echo 'wait for table to be created on GCP' && sleep 10"]
[2022-05-15 21:57:03,922] {subprocess.py:75} INFO - Output:
[2022-05-15 21:57:03,923] {subprocess.py:79} INFO - wait for table to be created on GCP
[2022-05-15 21:57:13,925] {subprocess.py:83} INFO - Command exited with return code 0
[2022-05-15 21:57:13,981] {taskinstance.py:1191} INFO - Marking task as SUCCESS. dag_id=GCPetlDAG, task_id=wait_for_table_creation_task, execution_date=20220515T215654, start_date=20220515T215703, end_date=20220515T215713
[2022-05-15 21:57:14,016] {taskinstance.py:1245} INFO - 1 downstream tasks scheduled from follow-on schedule check
[2022-05-15 21:57:14,042] {local_task_job.py:151} INFO - Task exited with return code 0
