[2022-05-15 21:47:29,710] {taskinstance.py:876} INFO - Dependencies all met for <TaskInstance: GCPetlDAG.extract_data 2022-05-15T21:47:24.717257+00:00 [queued]>
[2022-05-15 21:47:29,736] {taskinstance.py:876} INFO - Dependencies all met for <TaskInstance: GCPetlDAG.extract_data 2022-05-15T21:47:24.717257+00:00 [queued]>
[2022-05-15 21:47:29,737] {taskinstance.py:1067} INFO - 
--------------------------------------------------------------------------------
[2022-05-15 21:47:29,737] {taskinstance.py:1068} INFO - Starting attempt 1 of 1
[2022-05-15 21:47:29,737] {taskinstance.py:1069} INFO - 
--------------------------------------------------------------------------------
[2022-05-15 21:47:29,749] {taskinstance.py:1087} INFO - Executing <Task(PythonOperator): extract_data> on 2022-05-15T21:47:24.717257+00:00
[2022-05-15 21:47:29,763] {standard_task_runner.py:52} INFO - Started process 50992 to run task
[2022-05-15 21:47:29,769] {standard_task_runner.py:76} INFO - Running: ['airflow', 'tasks', 'run', 'GCPetlDAG', 'extract_data', '2022-05-15T21:47:24.717257+00:00', '--job-id', '17', '--pool', 'default_pool', '--raw', '--subdir', 'DAGS_FOLDER/my_gcpPipeLine.py', '--cfg-path', '/tmp/tmp6i4mjauk', '--error-file', '/tmp/tmpg3l2ld1n']
[2022-05-15 21:47:29,775] {standard_task_runner.py:77} INFO - Job 17: Subtask extract_data
[2022-05-15 21:47:29,818] {logging_mixin.py:104} INFO - Running <TaskInstance: GCPetlDAG.extract_data 2022-05-15T21:47:24.717257+00:00 [running]> on host 7190ca705fc5
[2022-05-15 21:47:29,858] {taskinstance.py:1282} INFO - Exporting the following env vars:
AIRFLOW_CTX_DAG_OWNER=msbeni
AIRFLOW_CTX_DAG_ID=GCPetlDAG
AIRFLOW_CTX_TASK_ID=extract_data
AIRFLOW_CTX_EXECUTION_DATE=2022-05-15T21:47:24.717257+00:00
AIRFLOW_CTX_DAG_RUN_ID=manual__2022-05-15T21:47:24.717257+00:00
[2022-05-15 21:47:29,924] {python.py:151} INFO - Done. Returned value was: dags/data/2022-05-15/bitcoin_price.csv
[2022-05-15 21:47:29,942] {taskinstance.py:1191} INFO - Marking task as SUCCESS. dag_id=GCPetlDAG, task_id=extract_data, execution_date=20220515T214724, start_date=20220515T214729, end_date=20220515T214729
[2022-05-15 21:47:29,976] {taskinstance.py:1245} INFO - 1 downstream tasks scheduled from follow-on schedule check
[2022-05-15 21:47:30,022] {local_task_job.py:151} INFO - Task exited with return code 0
