[2022-05-13 15:28:04,324] {taskinstance.py:876} INFO - Dependencies all met for <TaskInstance: my_dag_v0.0.1.my_task_1 2022-05-11T00:00:00+00:00 [queued]>
[2022-05-13 15:28:04,337] {taskinstance.py:876} INFO - Dependencies all met for <TaskInstance: my_dag_v0.0.1.my_task_1 2022-05-11T00:00:00+00:00 [queued]>
[2022-05-13 15:28:04,338] {taskinstance.py:1067} INFO - 
--------------------------------------------------------------------------------
[2022-05-13 15:28:04,338] {taskinstance.py:1068} INFO - Starting attempt 1 of 1
[2022-05-13 15:28:04,339] {taskinstance.py:1069} INFO - 
--------------------------------------------------------------------------------
[2022-05-13 15:28:04,346] {taskinstance.py:1087} INFO - Executing <Task(BashOperator): my_task_1> on 2022-05-11T00:00:00+00:00
[2022-05-13 15:28:04,352] {standard_task_runner.py:52} INFO - Started process 350 to run task
[2022-05-13 15:28:04,354] {standard_task_runner.py:76} INFO - Running: ['airflow', 'tasks', 'run', 'my_dag_v0.0.1', 'my_task_1', '2022-05-11T00:00:00+00:00', '--job-id', '18', '--pool', 'default_pool', '--raw', '--subdir', 'DAGS_FOLDER/my_dag_v_0_1_0_0.py', '--cfg-path', '/tmp/tmpxe9g3p8q', '--error-file', '/tmp/tmptgykifup']
[2022-05-13 15:28:04,356] {standard_task_runner.py:77} INFO - Job 18: Subtask my_task_1
[2022-05-13 15:28:04,385] {logging_mixin.py:104} INFO - Running <TaskInstance: my_dag_v0.0.1.my_task_1 2022-05-11T00:00:00+00:00 [running]> on host bacb497a28fb
[2022-05-13 15:28:04,421] {taskinstance.py:1282} INFO - Exporting the following env vars:
AIRFLOW_CTX_DAG_EMAIL=msbeni@gmail.com
AIRFLOW_CTX_DAG_OWNER=msbeni
AIRFLOW_CTX_DAG_ID=my_dag_v0.0.1
AIRFLOW_CTX_TASK_ID=my_task_1
AIRFLOW_CTX_EXECUTION_DATE=2022-05-11T00:00:00+00:00
AIRFLOW_CTX_DAG_RUN_ID=scheduled__2022-05-11T00:00:00+00:00
[2022-05-13 15:28:04,421] {subprocess.py:52} INFO - Tmp dir root location: 
 /tmp
[2022-05-13 15:28:04,421] {subprocess.py:63} INFO - Running command: ['bash', '-c', "echo 'task 1' && sleep 10"]
[2022-05-13 15:28:04,426] {subprocess.py:75} INFO - Output:
[2022-05-13 15:28:04,428] {subprocess.py:79} INFO - task 1
[2022-05-13 15:28:14,429] {subprocess.py:83} INFO - Command exited with return code 0
[2022-05-13 15:28:14,460] {taskinstance.py:1191} INFO - Marking task as SUCCESS. dag_id=my_dag_v0.0.1, task_id=my_task_1, execution_date=20220511T000000, start_date=20220513T152804, end_date=20220513T152814
[2022-05-13 15:28:14,660] {taskinstance.py:1245} INFO - 1 downstream tasks scheduled from follow-on schedule check
[2022-05-13 15:28:14,690] {local_task_job.py:151} INFO - Task exited with return code 0
