[2022-05-12 21:41:17,276] {taskinstance.py:876} INFO - Dependencies all met for <TaskInstance: my_dag.my_task_1 2022-05-12T21:41:16.043003+00:00 [queued]>
[2022-05-12 21:41:17,284] {taskinstance.py:876} INFO - Dependencies all met for <TaskInstance: my_dag.my_task_1 2022-05-12T21:41:16.043003+00:00 [queued]>
[2022-05-12 21:41:17,284] {taskinstance.py:1067} INFO - 
--------------------------------------------------------------------------------
[2022-05-12 21:41:17,284] {taskinstance.py:1068} INFO - Starting attempt 1 of 1
[2022-05-12 21:41:17,285] {taskinstance.py:1069} INFO - 
--------------------------------------------------------------------------------
[2022-05-12 21:41:17,293] {taskinstance.py:1087} INFO - Executing <Task(PythonOperator): my_task_1> on 2022-05-12T21:41:16.043003+00:00
[2022-05-12 21:41:17,297] {standard_task_runner.py:52} INFO - Started process 1409 to run task
[2022-05-12 21:41:17,299] {standard_task_runner.py:76} INFO - Running: ['airflow', 'tasks', 'run', 'my_dag', 'my_task_1', '2022-05-12T21:41:16.043003+00:00', '--job-id', '16', '--pool', 'default_pool', '--raw', '--subdir', 'DAGS_FOLDER/my_dag.py', '--cfg-path', '/tmp/tmpisy74x7j', '--error-file', '/tmp/tmpz9x0e80s']
[2022-05-12 21:41:17,301] {standard_task_runner.py:77} INFO - Job 16: Subtask my_task_1
[2022-05-12 21:41:17,326] {logging_mixin.py:104} INFO - Running <TaskInstance: my_dag.my_task_1 2022-05-12T21:41:16.043003+00:00 [running]> on host 7b5fcf14949b
[2022-05-12 21:41:17,358] {taskinstance.py:1282} INFO - Exporting the following env vars:
AIRFLOW_CTX_DAG_OWNER=msbeni
AIRFLOW_CTX_DAG_ID=my_dag
AIRFLOW_CTX_TASK_ID=my_task_1
AIRFLOW_CTX_EXECUTION_DATE=2022-05-12T21:41:16.043003+00:00
AIRFLOW_CTX_DAG_RUN_ID=manual__2022-05-12T21:41:16.043003+00:00
[2022-05-12 21:41:17,358] {logging_mixin.py:104} INFO - 2022-05-12
[2022-05-12 21:41:17,359] {python.py:151} INFO - Done. Returned value was: None
[2022-05-12 21:41:17,364] {taskinstance.py:1191} INFO - Marking task as SUCCESS. dag_id=my_dag, task_id=my_task_1, execution_date=20220512T214116, start_date=20220512T214117, end_date=20220512T214117
[2022-05-12 21:41:17,381] {taskinstance.py:1245} INFO - 1 downstream tasks scheduled from follow-on schedule check
[2022-05-12 21:41:17,391] {local_task_job.py:151} INFO - Task exited with return code 0
