[2022-05-15 21:42:43,786] {taskinstance.py:876} INFO - Dependencies all met for <TaskInstance: GCPetlDAG.create_bq_table 2022-05-15T21:42:36.697378+00:00 [queued]>
[2022-05-15 21:42:43,808] {taskinstance.py:876} INFO - Dependencies all met for <TaskInstance: GCPetlDAG.create_bq_table 2022-05-15T21:42:36.697378+00:00 [queued]>
[2022-05-15 21:42:43,808] {taskinstance.py:1067} INFO - 
--------------------------------------------------------------------------------
[2022-05-15 21:42:43,808] {taskinstance.py:1068} INFO - Starting attempt 1 of 1
[2022-05-15 21:42:43,808] {taskinstance.py:1069} INFO - 
--------------------------------------------------------------------------------
[2022-05-15 21:42:43,813] {taskinstance.py:1087} INFO - Executing <Task(PythonOperator): create_bq_table> on 2022-05-15T21:42:36.697378+00:00
[2022-05-15 21:42:43,819] {standard_task_runner.py:52} INFO - Started process 50192 to run task
[2022-05-15 21:42:43,821] {standard_task_runner.py:76} INFO - Running: ['airflow', 'tasks', 'run', 'GCPetlDAG', 'create_bq_table', '2022-05-15T21:42:36.697378+00:00', '--job-id', '7', '--pool', 'default_pool', '--raw', '--subdir', 'DAGS_FOLDER/my_gcpPipeLine.py', '--cfg-path', '/tmp/tmpqneyidf6', '--error-file', '/tmp/tmpnm1g51w3']
[2022-05-15 21:42:43,823] {standard_task_runner.py:77} INFO - Job 7: Subtask create_bq_table
[2022-05-15 21:42:43,849] {logging_mixin.py:104} INFO - Running <TaskInstance: GCPetlDAG.create_bq_table 2022-05-15T21:42:36.697378+00:00 [running]> on host 7190ca705fc5
[2022-05-15 21:42:43,901] {taskinstance.py:1282} INFO - Exporting the following env vars:
AIRFLOW_CTX_DAG_OWNER=msbeni
AIRFLOW_CTX_DAG_ID=GCPetlDAG
AIRFLOW_CTX_TASK_ID=create_bq_table
AIRFLOW_CTX_EXECUTION_DATE=2022-05-15T21:42:36.697378+00:00
AIRFLOW_CTX_DAG_RUN_ID=manual__2022-05-15T21:42:36.697378+00:00
[2022-05-15 21:42:44,235] {logging_mixin.py:104} INFO - Table my-second-project-341619.bitcoin_price_ds.bitcoin_price already exists.
[2022-05-15 21:42:44,235] {python.py:151} INFO - Done. Returned value was: None
[2022-05-15 21:42:44,261] {taskinstance.py:1191} INFO - Marking task as SUCCESS. dag_id=GCPetlDAG, task_id=create_bq_table, execution_date=20220515T214236, start_date=20220515T214243, end_date=20220515T214244
[2022-05-15 21:42:44,296] {taskinstance.py:1245} INFO - 1 downstream tasks scheduled from follow-on schedule check
[2022-05-15 21:42:44,315] {local_task_job.py:151} INFO - Task exited with return code 0
