[2022-05-15 21:53:31,852] {taskinstance.py:876} INFO - Dependencies all met for <TaskInstance: GCPetlDAG.wait_for_table_creation_task 2022-05-15T21:53:17.589779+00:00 [queued]>
[2022-05-15 21:53:31,863] {taskinstance.py:876} INFO - Dependencies all met for <TaskInstance: GCPetlDAG.wait_for_table_creation_task 2022-05-15T21:53:17.589779+00:00 [queued]>
[2022-05-15 21:53:31,863] {taskinstance.py:1067} INFO - 
--------------------------------------------------------------------------------
[2022-05-15 21:53:31,863] {taskinstance.py:1068} INFO - Starting attempt 1 of 1
[2022-05-15 21:53:31,863] {taskinstance.py:1069} INFO - 
--------------------------------------------------------------------------------
[2022-05-15 21:53:31,867] {taskinstance.py:1087} INFO - Executing <Task(BashOperator): wait_for_table_creation_task> on 2022-05-15T21:53:17.589779+00:00
[2022-05-15 21:53:31,872] {standard_task_runner.py:52} INFO - Started process 52002 to run task
[2022-05-15 21:53:31,875] {standard_task_runner.py:76} INFO - Running: ['airflow', 'tasks', 'run', 'GCPetlDAG', 'wait_for_table_creation_task', '2022-05-15T21:53:17.589779+00:00', '--job-id', '25', '--pool', 'default_pool', '--raw', '--subdir', 'DAGS_FOLDER/my_gcpPipeLine.py', '--cfg-path', '/tmp/tmpk3bks3yn', '--error-file', '/tmp/tmpzdgrzsyq']
[2022-05-15 21:53:31,876] {standard_task_runner.py:77} INFO - Job 25: Subtask wait_for_table_creation_task
[2022-05-15 21:53:31,900] {logging_mixin.py:104} INFO - Running <TaskInstance: GCPetlDAG.wait_for_table_creation_task 2022-05-15T21:53:17.589779+00:00 [running]> on host 7190ca705fc5
[2022-05-15 21:53:31,932] {taskinstance.py:1282} INFO - Exporting the following env vars:
AIRFLOW_CTX_DAG_OWNER=msbeni
AIRFLOW_CTX_DAG_ID=GCPetlDAG
AIRFLOW_CTX_TASK_ID=wait_for_table_creation_task
AIRFLOW_CTX_EXECUTION_DATE=2022-05-15T21:53:17.589779+00:00
AIRFLOW_CTX_DAG_RUN_ID=manual__2022-05-15T21:53:17.589779+00:00
[2022-05-15 21:53:31,933] {subprocess.py:52} INFO - Tmp dir root location: 
 /tmp
[2022-05-15 21:53:31,934] {subprocess.py:63} INFO - Running command: ['bash', '-c', "echo 'wait for table to be created on GCP' && sleep 10"]
[2022-05-15 21:53:31,940] {subprocess.py:75} INFO - Output:
[2022-05-15 21:53:31,942] {subprocess.py:79} INFO - wait for table to be created on GCP
[2022-05-15 21:53:41,943] {subprocess.py:83} INFO - Command exited with return code 0
[2022-05-15 21:53:41,960] {taskinstance.py:1191} INFO - Marking task as SUCCESS. dag_id=GCPetlDAG, task_id=wait_for_table_creation_task, execution_date=20220515T215317, start_date=20220515T215331, end_date=20220515T215341
[2022-05-15 21:53:41,978] {taskinstance.py:1245} INFO - 1 downstream tasks scheduled from follow-on schedule check
[2022-05-15 21:53:42,008] {local_task_job.py:151} INFO - Task exited with return code 0
